#
# There is insufficient memory for the Java Runtime Environment to continue.
# Native memory allocation (malloc) failed to allocate 32744 bytes. Error detail: Chunk::new
# Possible reasons:
#   The system is out of physical RAM or swap space
#   This process is running with CompressedOops enabled, and the Java Heap may be blocking the growth of the native heap
# Possible solutions:
#   Reduce memory load on the system
#   Increase physical memory or swap space
#   Check if swap backing store is full
#   Decrease Java heap size (-Xmx/-Xms)
#   Decrease number of Java threads
#   Decrease Java thread stack sizes (-Xss)
#   Set larger code cache with -XX:ReservedCodeCacheSize=
#   JVM is running with Zero Based Compressed Oops mode in which the Java heap is
#     placed in the first 32GB address space. The Java Heap base address is the
#     maximum limit for the native heap growth. Please use -XX:HeapBaseMinAddress
#     to set the Java Heap base and to place the Java Heap above 32GB virtual address.
# This output file may be truncated or incomplete.
#
#  Out of Memory Error (arena.cpp:168), pid=1792, tid=27256
#
# JRE version: OpenJDK Runtime Environment (21.0.10) (build 21.0.10+-14961533-b1163.108)
# Java VM: OpenJDK 64-Bit Server VM (21.0.10+-14961533-b1163.108, mixed mode, tiered, compressed oops, compressed class ptrs, g1 gc, windows-amd64)
# No core dump will be written. Minidumps are not enabled by default on client versions of Windows
#

---------------  S U M M A R Y ------------

Command Line: --add-opens=java.base/java.lang=ALL-UNNAMED --add-opens=java.base/java.lang.invoke=ALL-UNNAMED --add-opens=java.base/java.util=ALL-UNNAMED --add-opens=java.prefs/java.util.prefs=ALL-UNNAMED --add-exports=jdk.compiler/com.sun.tools.javac.api=ALL-UNNAMED --add-exports=jdk.compiler/com.sun.tools.javac.util=ALL-UNNAMED --add-opens=java.base/java.util=ALL-UNNAMED --add-opens=java.prefs/java.util.prefs=ALL-UNNAMED --add-opens=java.base/java.nio.charset=ALL-UNNAMED --add-opens=java.base/java.net=ALL-UNNAMED --add-opens=java.base/java.util.concurrent.atomic=ALL-UNNAMED --add-opens=java.xml/javax.xml.namespace=ALL-UNNAMED -XX:MaxMetaspaceSize=4G -XX:ReservedCodeCacheSize=512m -XX:+HeapDumpOnOutOfMemoryError -Xmx8G -Dfile.encoding=UTF-8 -Duser.country=US -Duser.language=en -Duser.variant -javaagent:C:\Users\DELL\.gradle\wrapper\dists\gradle-8.14-all\c2qonpi39x1mddn7hk5gh9iqj\gradle-8.14\lib\agents\gradle-instrumentation-agent-8.14.jar org.gradle.launcher.daemon.bootstrap.GradleDaemon 8.14

Host: Intel(R) Core(TM) i7-8650U CPU @ 1.90GHz, 8 cores, 15G,  Windows 11 , 64 bit Build 26100 (10.0.26100.8246)
Time: Thu Apr 30 22:24:49 2026 Pakistan Standard Time elapsed time: 39.392895 seconds (0d 0h 0m 39s)

---------------  T H R E A D  ---------------

Current thread (0x000002b94a7c2a20):  JavaThread "C2 CompilerThread1" daemon [_thread_in_native, id=27256, stack(0x000000fd30400000,0x000000fd30500000) (1024K)]


Current CompileTask:
C2:39392 17027       4       org.gradle.internal.logging.text.AbstractLineChoppingStyledTextOutput$1::execute (140 bytes)

Stack: [0x000000fd30400000,0x000000fd30500000]
Native frames: (J=compiled Java code, j=interpreted, Vv=VM code, C=native code)
V  [jvm.dll+0x6d78a9]
V  [jvm.dll+0x8665b3]
V  [jvm.dll+0x868bde]
V  [jvm.dll+0x8692c3]
V  [jvm.dll+0x280ee6]
V  [jvm.dll+0xc07cd]
V  [jvm.dll+0xc0d03]
V  [jvm.dll+0x24a7f2]
V  [jvm.dll+0x24885f]
V  [jvm.dll+0x1c76e4]
V  [jvm.dll+0x25891e]
V  [jvm.dll+0x256e66]
V  [jvm.dll+0x3f513e]
V  [jvm.dll+0x80fd28]
V  [jvm.dll+0x6d60fd]
C  [ucrtbase.dll+0x37b0]
C  [KERNEL32.DLL+0x2e8d7]
C  [ntdll.dll+0x8c3fc]


---------------  P R O C E S S  ---------------

Threads class SMR info:
_java_thread_list=0x000002b9552bcfb0, length=137, elements={
0x000002b9128b1190, 0x000002b944a794c0, 0x000002b944a86330, 0x000002b944a99680,
0x000002b944aa20d0, 0x000002b944aaaf50, 0x000002b944aab9b0, 0x000002b944aac410,
0x000002b944aaf970, 0x000002b944ab8420, 0x000002b9490244a0, 0x000002b94ab8ef90,
0x000002b94be3ecb0, 0x000002b94ae129d0, 0x000002b94bb79170, 0x000002b94af41e80,
0x000002b94a293360, 0x000002b94b4c65b0, 0x000002b94b4c5f20, 0x000002b94b4c3e50,
0x000002b94b4c37c0, 0x000002b94b4c3130, 0x000002b94b4c44e0, 0x000002b94b4c5890,
0x000002b94b4c5200, 0x000002b94d277640, 0x000002b94d276fb0, 0x000002b94d278360,
0x000002b94d276920, 0x000002b94d275c00, 0x000002b94d279710, 0x000002b94d276290,
0x000002b94d27d220, 0x000002b94d27aac0, 0x000002b94d27be70, 0x000002b94d27c500,
0x000002b94d27cb90, 0x000002b94eec5bf0, 0x000002b94eec6280, 0x000002b94eec3b20,
0x000002b94eec2e00, 0x000002b94eec5560, 0x000002b94eec41b0, 0x000002b94eec3490,
0x000002b94eec7630, 0x000002b94eec6910, 0x000002b94eec6fa0, 0x000002b94eec7cc0,
0x000002b94eec4840, 0x000002b94eec8350, 0x000002b94eec4ed0, 0x000002b94eec9070,
0x000002b94eeca420, 0x000002b94eec9700, 0x000002b94eec9d90, 0x000002b94ba70370,
0x000002b94ba71090, 0x000002b94ba74ba0, 0x000002b94ba71720, 0x000002b94ba75230,
0x000002b94ba758c0, 0x000002b94ba75f50, 0x000002b94ba765e0, 0x000002b94ba76c70,
0x000002b94f834380, 0x000002b94f8350a0, 0x000002b94f832fd0, 0x000002b94f835730,
0x000002b94f836450, 0x000002b94f835dc0, 0x000002b94f836ae0, 0x000002b94f833660,
0x000002b94f833cf0, 0x000002b94f837e90, 0x000002b94f837800, 0x000002b94f837170,
0x000002b94f834a10, 0x000002b94f83a5f0, 0x000002b94f838520, 0x000002b94f838bb0,
0x000002b94f839240, 0x000002b94f8398d0, 0x000002b94f839f60, 0x000002b9503db020,
0x000002b9503d95e0, 0x000002b9503da300, 0x000002b9503dd0f0, 0x000002b9503d9c70,
0x000002b9503dd780, 0x000002b9503dc3d0, 0x000002b9503dde10, 0x000002b9503da990,
0x000002b9503de4a0, 0x000002b9503deb30, 0x000002b9503dbd40, 0x000002b9503df1c0,
0x000002b9503dfee0, 0x000002b9503df850, 0x000002b9503e0570, 0x000002b9503e0c00,
0x000002b94f853d90, 0x000002b94f8578a0, 0x000002b94f856b80, 0x000002b94f855e60,
0x000002b94f855140, 0x000002b94f854420, 0x000002b94f857210, 0x000002b94f8564f0,
0x000002b94f859970, 0x000002b94a0d2640, 0x000002b94d84a170, 0x000002b94d84dc80,
0x000002b94d84ae90, 0x000002b94d84c240, 0x000002b94d84a800, 0x000002b94d84f030,
0x000002b94d84e310, 0x000002b94d84bbb0, 0x000002b94d84e9a0, 0x000002b94d84f6c0,
0x000002b94d851790, 0x000002b94d84fd50, 0x000002b94d8503e0, 0x000002b94d851100,
0x000002b94d850a70, 0x000002b94fcd0490, 0x000002b94fcd0b20, 0x000002b94fcd6700,
0x000002b94fcd6070, 0x000002b94fcd4cc0, 0x000002b94fcd7ab0, 0x000002b94fcd5350,
0x000002b94fcd8e60, 0x000002b94fcd59e0, 0x000002b94fcd94f0, 0x000002b94fcdc2e0,
0x000002b94a7c2a20
}

Java Threads: ( => current thread )
  0x000002b9128b1190 JavaThread "main"                              [_thread_blocked, id=25180, stack(0x000000fd2ec00000,0x000000fd2ed00000) (1024K)]
  0x000002b944a794c0 JavaThread "Common-Cleaner"             daemon [_thread_blocked, id=8772, stack(0x000000fd2f400000,0x000000fd2f500000) (1024K)]
  0x000002b944a86330 JavaThread "Reference Handler"          daemon [_thread_blocked, id=27016, stack(0x000000fd2f500000,0x000000fd2f600000) (1024K)]
  0x000002b944a99680 JavaThread "Finalizer"                  daemon [_thread_blocked, id=14320, stack(0x000000fd2f600000,0x000000fd2f700000) (1024K)]
  0x000002b944aa20d0 JavaThread "Signal Dispatcher"          daemon [_thread_blocked, id=10356, stack(0x000000fd2f700000,0x000000fd2f800000) (1024K)]
  0x000002b944aaaf50 JavaThread "Attach Listener"            daemon [_thread_blocked, id=15336, stack(0x000000fd2f800000,0x000000fd2f900000) (1024K)]
  0x000002b944aab9b0 JavaThread "Service Thread"             daemon [_thread_blocked, id=18824, stack(0x000000fd2f900000,0x000000fd2fa00000) (1024K)]
  0x000002b944aac410 JavaThread "Monitor Deflation Thread"   daemon [_thread_blocked, id=19296, stack(0x000000fd2fa00000,0x000000fd2fb00000) (1024K)]
  0x000002b944aaf970 JavaThread "C2 CompilerThread0"         daemon [_thread_in_native, id=14792, stack(0x000000fd2fb00000,0x000000fd2fc00000) (1024K)]
  0x000002b944ab8420 JavaThread "C1 CompilerThread0"         daemon [_thread_in_native, id=2716, stack(0x000000fd2fc00000,0x000000fd2fd00000) (1024K)]
  0x000002b9490244a0 JavaThread "Notification Thread"        daemon [_thread_blocked, id=23704, stack(0x000000fd2fd00000,0x000000fd2fe00000) (1024K)]
  0x000002b94ab8ef90 JavaThread "Daemon health stats"               [_thread_blocked, id=20992, stack(0x000000fd30500000,0x000000fd30600000) (1024K)]
  0x000002b94be3ecb0 JavaThread "Incoming local TCP Connector on port 63629"        [_thread_in_native, id=25720, stack(0x000000fd30600000,0x000000fd30700000) (1024K)]
  0x000002b94ae129d0 JavaThread "Daemon periodic checks"            [_thread_blocked, id=26292, stack(0x000000fd30700000,0x000000fd30800000) (1024K)]
  0x000002b94bb79170 JavaThread "Daemon"                            [_thread_blocked, id=17316, stack(0x000000fd30800000,0x000000fd30900000) (1024K)]
  0x000002b94af41e80 JavaThread "Handler for socket connection from /127.0.0.1:63629 to /127.0.0.1:63630"        [_thread_in_native, id=19648, stack(0x000000fd30900000,0x000000fd30a00000) (1024K)]
  0x000002b94a293360 JavaThread "Cancel handler"                    [_thread_blocked, id=15296, stack(0x000000fd30a00000,0x000000fd30b00000) (1024K)]
  0x000002b94b4c65b0 JavaThread "Daemon worker"                     [_thread_blocked, id=27940, stack(0x000000fd30b00000,0x000000fd30c00000) (1024K)]
  0x000002b94b4c5f20 JavaThread "Asynchronous log dispatcher for DefaultDaemonConnection: socket connection from /127.0.0.1:63629 to /127.0.0.1:63630"        [_thread_blocked, id=3980, stack(0x000000fd30c00000,0x000000fd30d00000) (1024K)]
  0x000002b94b4c3e50 JavaThread "Stdin handler"                     [_thread_blocked, id=18596, stack(0x000000fd30d00000,0x000000fd30e00000) (1024K)]
  0x000002b94b4c37c0 JavaThread "Daemon client event forwarder"        [_thread_blocked, id=18980, stack(0x000000fd30e00000,0x000000fd30f00000) (1024K)]
  0x000002b94b4c3130 JavaThread "Cache worker for journal cache (C:\Users\DELL\.gradle\caches\journal-1)"        [_thread_blocked, id=13892, stack(0x000000fd31200000,0x000000fd31300000) (1024K)]
  0x000002b94b4c44e0 JavaThread "File lock request listener"        [_thread_in_native, id=4720, stack(0x000000fd31300000,0x000000fd31400000) (1024K)]
  0x000002b94b4c5890 JavaThread "Cache worker for file hash cache (C:\Users\DELL\.gradle\caches\8.14\fileHashes)"        [_thread_blocked, id=24676, stack(0x000000fd31400000,0x000000fd31500000) (1024K)]
  0x000002b94b4c5200 JavaThread "Cache worker for file hash cache (F:\Project\flutter_application_1\android\.gradle\8.14\fileHashes)"        [_thread_blocked, id=27988, stack(0x000000fd31500000,0x000000fd31600000) (1024K)]
  0x000002b94d277640 JavaThread "Cache worker for Build Output Cleanup Cache (F:\Project\flutter_application_1\android\.gradle\buildOutputCleanup)"        [_thread_blocked, id=14460, stack(0x000000fd31600000,0x000000fd31700000) (1024K)]
  0x000002b94d276fb0 JavaThread "File watcher server"        daemon [_thread_in_native, id=20416, stack(0x000000fd31700000,0x000000fd31800000) (1024K)]
  0x000002b94d278360 JavaThread "File watcher consumer"      daemon [_thread_blocked, id=3100, stack(0x000000fd31800000,0x000000fd31900000) (1024K)]
  0x000002b94d276920 JavaThread "Cache worker for checksums cache (F:\Project\flutter_application_1\android\.gradle\8.14\checksums)"        [_thread_blocked, id=18260, stack(0x000000fd31900000,0x000000fd31a00000) (1024K)]
  0x000002b94d275c00 JavaThread "Cache worker for file content cache (C:\Users\DELL\.gradle\caches\8.14\fileContent)"        [_thread_blocked, id=22280, stack(0x000000fd31a00000,0x000000fd31b00000) (1024K)]
  0x000002b94d279710 JavaThread "Cache worker for cache directory md-supplier (C:\Users\DELL\.gradle\caches\8.14\md-supplier)"        [_thread_blocked, id=2888, stack(0x000000fd31b00000,0x000000fd31c00000) (1024K)]
  0x000002b94d276290 JavaThread "Cache worker for cache directory md-rule (C:\Users\DELL\.gradle\caches\8.14\md-rule)"        [_thread_blocked, id=5704, stack(0x000000fd31c00000,0x000000fd31d00000) (1024K)]
  0x000002b94d27d220 JavaThread "Cache worker for Build Output Cleanup Cache (C:\FYP\flutter\packages\flutter_tools\gradle\.gradle\buildOutputCleanup)"        [_thread_blocked, id=20328, stack(0x000000fd31d00000,0x000000fd31e00000) (1024K)]
  0x000002b94d27aac0 JavaThread "Unconstrained build operations"        [_thread_blocked, id=4984, stack(0x000000fd31f00000,0x000000fd32000000) (1024K)]
  0x000002b94d27be70 JavaThread "Unconstrained build operations Thread 2"        [_thread_blocked, id=24864, stack(0x000000fd32000000,0x000000fd32100000) (1024K)]
  0x000002b94d27c500 JavaThread "Unconstrained build operations Thread 3"        [_thread_blocked, id=2496, stack(0x000000fd32100000,0x000000fd32200000) (1024K)]
  0x000002b94d27cb90 JavaThread "Unconstrained build operations Thread 4"        [_thread_blocked, id=17064, stack(0x000000fd32200000,0x000000fd32300000) (1024K)]
  0x000002b94eec5bf0 JavaThread "Unconstrained build operations Thread 5"        [_thread_blocked, id=16840, stack(0x000000fd32300000,0x000000fd32400000) (1024K)]
  0x000002b94eec6280 JavaThread "Unconstrained build operations Thread 6"        [_thread_blocked, id=24740, stack(0x000000fd32400000,0x000000fd32500000) (1024K)]
  0x000002b94eec3b20 JavaThread "Unconstrained build operations Thread 7"        [_thread_blocked, id=15804, stack(0x000000fd32500000,0x000000fd32600000) (1024K)]
  0x000002b94eec2e00 JavaThread "Unconstrained build operations Thread 8"        [_thread_blocked, id=7532, stack(0x000000fd32600000,0x000000fd32700000) (1024K)]
  0x000002b94eec5560 JavaThread "Unconstrained build operations Thread 9"        [_thread_blocked, id=27708, stack(0x000000fd32700000,0x000000fd32800000) (1024K)]
  0x000002b94eec41b0 JavaThread "Unconstrained build operations Thread 10"        [_thread_blocked, id=21888, stack(0x000000fd32800000,0x000000fd32900000) (1024K)]
  0x000002b94eec3490 JavaThread "Unconstrained build operations Thread 11"        [_thread_blocked, id=19248, stack(0x000000fd32900000,0x000000fd32a00000) (1024K)]
  0x000002b94eec7630 JavaThread "Unconstrained build operations Thread 12"        [_thread_blocked, id=25356, stack(0x000000fd32a00000,0x000000fd32b00000) (1024K)]
  0x000002b94eec6910 JavaThread "Unconstrained build operations Thread 13"        [_thread_blocked, id=28668, stack(0x000000fd32b00000,0x000000fd32c00000) (1024K)]
  0x000002b94eec6fa0 JavaThread "Unconstrained build operations Thread 14"        [_thread_blocked, id=18444, stack(0x000000fd32c00000,0x000000fd32d00000) (1024K)]
  0x000002b94eec7cc0 JavaThread "Unconstrained build operations Thread 15"        [_thread_blocked, id=12192, stack(0x000000fd32d00000,0x000000fd32e00000) (1024K)]
  0x000002b94eec4840 JavaThread "Unconstrained build operations Thread 16"        [_thread_blocked, id=20280, stack(0x000000fd32e00000,0x000000fd32f00000) (1024K)]
  0x000002b94eec8350 JavaThread "Unconstrained build operations Thread 17"        [_thread_blocked, id=23972, stack(0x000000fd32f00000,0x000000fd33000000) (1024K)]
  0x000002b94eec4ed0 JavaThread "Unconstrained build operations Thread 18"        [_thread_blocked, id=22796, stack(0x000000fd33000000,0x000000fd33100000) (1024K)]
  0x000002b94eec9070 JavaThread "Unconstrained build operations Thread 19"        [_thread_blocked, id=5004, stack(0x000000fd33100000,0x000000fd33200000) (1024K)]
  0x000002b94eeca420 JavaThread "Unconstrained build operations Thread 20"        [_thread_blocked, id=16096, stack(0x000000fd33200000,0x000000fd33300000) (1024K)]
  0x000002b94eec9700 JavaThread "Unconstrained build operations Thread 21"        [_thread_blocked, id=28620, stack(0x000000fd33300000,0x000000fd33400000) (1024K)]
  0x000002b94eec9d90 JavaThread "Memory manager"                    [_thread_blocked, id=7188, stack(0x000000fd33400000,0x000000fd33500000) (1024K)]
  0x000002b94ba70370 JavaThread "build event listener"              [_thread_blocked, id=2104, stack(0x000000fd33500000,0x000000fd33600000) (1024K)]
  0x000002b94ba71090 JavaThread "included builds"                   [_thread_blocked, id=24224, stack(0x000000fd33600000,0x000000fd33700000) (1024K)]
  0x000002b94ba74ba0 JavaThread "Execution worker"                  [_thread_blocked, id=19328, stack(0x000000fd33700000,0x000000fd33800000) (1024K)]
  0x000002b94ba71720 JavaThread "Execution worker Thread 2"         [_thread_blocked, id=5048, stack(0x000000fd33800000,0x000000fd33900000) (1024K)]
  0x000002b94ba75230 JavaThread "Execution worker Thread 3"         [_thread_blocked, id=25028, stack(0x000000fd33900000,0x000000fd33a00000) (1024K)]
  0x000002b94ba758c0 JavaThread "Execution worker Thread 4"         [_thread_blocked, id=5452, stack(0x000000fd33a00000,0x000000fd33b00000) (1024K)]
  0x000002b94ba75f50 JavaThread "Execution worker Thread 5"         [_thread_blocked, id=21388, stack(0x000000fd33b00000,0x000000fd33c00000) (1024K)]
  0x000002b94ba765e0 JavaThread "Execution worker Thread 6"         [_thread_blocked, id=13944, stack(0x000000fd33c00000,0x000000fd33d00000) (1024K)]
  0x000002b94ba76c70 JavaThread "Execution worker Thread 7"         [_thread_blocked, id=28336, stack(0x000000fd33d00000,0x000000fd33e00000) (1024K)]
  0x000002b94f834380 JavaThread "Cache worker for execution history cache (C:\FYP\flutter\packages\flutter_tools\gradle\.gradle\8.14\executionHistory)"        [_thread_blocked, id=21640, stack(0x000000fd33e00000,0x000000fd33f00000) (1024K)]
  0x000002b94f8350a0 JavaThread "Unconstrained build operations Thread 22"        [_thread_blocked, id=26008, stack(0x000000fd33f00000,0x000000fd34000000) (1024K)]
  0x000002b94f832fd0 JavaThread "Unconstrained build operations Thread 23"        [_thread_blocked, id=14228, stack(0x000000fd34000000,0x000000fd34100000) (1024K)]
  0x000002b94f835730 JavaThread "Unconstrained build operations Thread 24"        [_thread_blocked, id=24796, stack(0x000000fd34100000,0x000000fd34200000) (1024K)]
  0x000002b94f836450 JavaThread "Unconstrained build operations Thread 25"        [_thread_blocked, id=11540, stack(0x000000fd34200000,0x000000fd34300000) (1024K)]
  0x000002b94f835dc0 JavaThread "Unconstrained build operations Thread 26"        [_thread_blocked, id=8660, stack(0x000000fd34300000,0x000000fd34400000) (1024K)]
  0x000002b94f836ae0 JavaThread "Unconstrained build operations Thread 27"        [_thread_blocked, id=27424, stack(0x000000fd34400000,0x000000fd34500000) (1024K)]
  0x000002b94f833660 JavaThread "Unconstrained build operations Thread 28"        [_thread_blocked, id=6848, stack(0x000000fd34500000,0x000000fd34600000) (1024K)]
  0x000002b94f833cf0 JavaThread "Unconstrained build operations Thread 29"        [_thread_blocked, id=9436, stack(0x000000fd34600000,0x000000fd34700000) (1024K)]
  0x000002b94f837e90 JavaThread "Unconstrained build operations Thread 30"        [_thread_blocked, id=23280, stack(0x000000fd34700000,0x000000fd34800000) (1024K)]
  0x000002b94f837800 JavaThread "Unconstrained build operations Thread 31"        [_thread_blocked, id=23788, stack(0x000000fd34800000,0x000000fd34900000) (1024K)]
  0x000002b94f837170 JavaThread "Unconstrained build operations Thread 32"        [_thread_blocked, id=25648, stack(0x000000fd34900000,0x000000fd34a00000) (1024K)]
  0x000002b94f834a10 JavaThread "Unconstrained build operations Thread 33"        [_thread_blocked, id=25208, stack(0x000000fd34a00000,0x000000fd34b00000) (1024K)]
  0x000002b94f83a5f0 JavaThread "Unconstrained build operations Thread 34"        [_thread_blocked, id=3968, stack(0x000000fd34b00000,0x000000fd34c00000) (1024K)]
  0x000002b94f838520 JavaThread "Unconstrained build operations Thread 35"        [_thread_blocked, id=8564, stack(0x000000fd34c00000,0x000000fd34d00000) (1024K)]
  0x000002b94f838bb0 JavaThread "Unconstrained build operations Thread 36"        [_thread_blocked, id=13180, stack(0x000000fd34d00000,0x000000fd34e00000) (1024K)]
  0x000002b94f839240 JavaThread "Unconstrained build operations Thread 37"        [_thread_blocked, id=15936, stack(0x000000fd34e00000,0x000000fd34f00000) (1024K)]
  0x000002b94f8398d0 JavaThread "Unconstrained build operations Thread 38"        [_thread_blocked, id=23816, stack(0x000000fd34f00000,0x000000fd35000000) (1024K)]
  0x000002b94f839f60 JavaThread "Unconstrained build operations Thread 39"        [_thread_blocked, id=26832, stack(0x000000fd35000000,0x000000fd35100000) (1024K)]
  0x000002b9503db020 JavaThread "Unconstrained build operations Thread 40"        [_thread_blocked, id=13772, stack(0x000000fd35100000,0x000000fd35200000) (1024K)]
  0x000002b9503d95e0 JavaThread "Unconstrained build operations Thread 41"        [_thread_blocked, id=28364, stack(0x000000fd35200000,0x000000fd35300000) (1024K)]
  0x000002b9503da300 JavaThread "Unconstrained build operations Thread 42"        [_thread_blocked, id=11104, stack(0x000000fd35300000,0x000000fd35400000) (1024K)]
  0x000002b9503dd0f0 JavaThread "Unconstrained build operations Thread 43"        [_thread_blocked, id=24964, stack(0x000000fd35400000,0x000000fd35500000) (1024K)]
  0x000002b9503d9c70 JavaThread "Unconstrained build operations Thread 44"        [_thread_blocked, id=28020, stack(0x000000fd35500000,0x000000fd35600000) (1024K)]
  0x000002b9503dd780 JavaThread "Unconstrained build operations Thread 45"        [_thread_blocked, id=23096, stack(0x000000fd35600000,0x000000fd35700000) (1024K)]
  0x000002b9503dc3d0 JavaThread "Unconstrained build operations Thread 46"        [_thread_blocked, id=21876, stack(0x000000fd35700000,0x000000fd35800000) (1024K)]
  0x000002b9503dde10 JavaThread "Unconstrained build operations Thread 47"        [_thread_blocked, id=27740, stack(0x000000fd35800000,0x000000fd35900000) (1024K)]
  0x000002b9503da990 JavaThread "Unconstrained build operations Thread 48"        [_thread_blocked, id=25144, stack(0x000000fd35900000,0x000000fd35a00000) (1024K)]
  0x000002b9503de4a0 JavaThread "Unconstrained build operations Thread 49"        [_thread_blocked, id=27464, stack(0x000000fd35a00000,0x000000fd35b00000) (1024K)]
  0x000002b9503deb30 JavaThread "Unconstrained build operations Thread 50"        [_thread_blocked, id=27240, stack(0x000000fd35b00000,0x000000fd35c00000) (1024K)]
  0x000002b9503dbd40 JavaThread "Unconstrained build operations Thread 51"        [_thread_blocked, id=26308, stack(0x000000fd35c00000,0x000000fd35d00000) (1024K)]
  0x000002b9503df1c0 JavaThread "Unconstrained build operations Thread 52"        [_thread_blocked, id=22260, stack(0x000000fd35d00000,0x000000fd35e00000) (1024K)]
  0x000002b9503dfee0 JavaThread "Unconstrained build operations Thread 53"        [_thread_blocked, id=20936, stack(0x000000fd35e00000,0x000000fd35f00000) (1024K)]
  0x000002b9503df850 JavaThread "Unconstrained build operations Thread 54"        [_thread_blocked, id=3476, stack(0x000000fd35f00000,0x000000fd36000000) (1024K)]
  0x000002b9503e0570 JavaThread "Unconstrained build operations Thread 55"        [_thread_blocked, id=26804, stack(0x000000fd36000000,0x000000fd36100000) (1024K)]
  0x000002b9503e0c00 JavaThread "Unconstrained build operations Thread 56"        [_thread_blocked, id=26836, stack(0x000000fd36100000,0x000000fd36200000) (1024K)]
  0x000002b94f853d90 JavaThread "Unconstrained build operations Thread 57"        [_thread_blocked, id=21032, stack(0x000000fd36200000,0x000000fd36300000) (1024K)]
  0x000002b94f8578a0 JavaThread "Unconstrained build operations Thread 58"        [_thread_blocked, id=20180, stack(0x000000fd36300000,0x000000fd36400000) (1024K)]
  0x000002b94f856b80 JavaThread "Unconstrained build operations Thread 59"        [_thread_blocked, id=24052, stack(0x000000fd36400000,0x000000fd36500000) (1024K)]
  0x000002b94f855e60 JavaThread "Unconstrained build operations Thread 60"        [_thread_blocked, id=26632, stack(0x000000fd36500000,0x000000fd36600000) (1024K)]
  0x000002b94f855140 JavaThread "Unconstrained build operations Thread 61"        [_thread_blocked, id=26152, stack(0x000000fd36600000,0x000000fd36700000) (1024K)]
  0x000002b94f854420 JavaThread "Unconstrained build operations Thread 62"        [_thread_blocked, id=23676, stack(0x000000fd36700000,0x000000fd36800000) (1024K)]
  0x000002b94f857210 JavaThread "Unconstrained build operations Thread 63"        [_thread_blocked, id=23844, stack(0x000000fd36800000,0x000000fd36900000) (1024K)]
  0x000002b94f8564f0 JavaThread "Unconstrained build operations Thread 64"        [_thread_blocked, id=9520, stack(0x000000fd36900000,0x000000fd36a00000) (1024K)]
  0x000002b94f859970 JavaThread "Unconstrained build operations Thread 65"        [_thread_blocked, id=18532, stack(0x000000fd36a00000,0x000000fd36b00000) (1024K)]
  0x000002b94a0d2640 JavaThread "build event listener"              [_thread_blocked, id=17840, stack(0x000000fd31e00000,0x000000fd31f00000) (1024K)]
  0x000002b94d84a170 JavaThread "Unconstrained build operations Thread 66"        [_thread_blocked, id=14072, stack(0x000000fd36c00000,0x000000fd36d00000) (1024K)]
  0x000002b94d84dc80 JavaThread "Unconstrained build operations Thread 67"        [_thread_blocked, id=19216, stack(0x000000fd36d00000,0x000000fd36e00000) (1024K)]
  0x000002b94d84ae90 JavaThread "Unconstrained build operations Thread 68"        [_thread_blocked, id=25576, stack(0x000000fd36e00000,0x000000fd36f00000) (1024K)]
  0x000002b94d84c240 JavaThread "Unconstrained build operations Thread 69"        [_thread_blocked, id=27620, stack(0x000000fd36f00000,0x000000fd37000000) (1024K)]
  0x000002b94d84a800 JavaThread "Unconstrained build operations Thread 70"        [_thread_blocked, id=13960, stack(0x000000fd37000000,0x000000fd37100000) (1024K)]
  0x000002b94d84f030 JavaThread "Unconstrained build operations Thread 71"        [_thread_blocked, id=17032, stack(0x000000fd37100000,0x000000fd37200000) (1024K)]
  0x000002b94d84e310 JavaThread "Unconstrained build operations Thread 72"        [_thread_blocked, id=23164, stack(0x000000fd37200000,0x000000fd37300000) (1024K)]
  0x000002b94d84bbb0 JavaThread "Unconstrained build operations Thread 73"        [_thread_blocked, id=20160, stack(0x000000fd37300000,0x000000fd37400000) (1024K)]
  0x000002b94d84e9a0 JavaThread "Unconstrained build operations Thread 74"        [_thread_blocked, id=28624, stack(0x000000fd37400000,0x000000fd37500000) (1024K)]
  0x000002b94d84f6c0 JavaThread "Unconstrained build operations Thread 75"        [_thread_blocked, id=25308, stack(0x000000fd37500000,0x000000fd37600000) (1024K)]
  0x000002b94d851790 JavaThread "Unconstrained build operations Thread 76"        [_thread_blocked, id=22100, stack(0x000000fd37600000,0x000000fd37700000) (1024K)]
  0x000002b94d84fd50 JavaThread "Unconstrained build operations Thread 77"        [_thread_blocked, id=9948, stack(0x000000fd37700000,0x000000fd37800000) (1024K)]
  0x000002b94d8503e0 JavaThread "Unconstrained build operations Thread 78"        [_thread_blocked, id=19060, stack(0x000000fd37800000,0x000000fd37900000) (1024K)]
  0x000002b94d851100 JavaThread "Unconstrained build operations Thread 79"        [_thread_blocked, id=27180, stack(0x000000fd37900000,0x000000fd37a00000) (1024K)]
  0x000002b94d850a70 JavaThread "Unconstrained build operations Thread 80"        [_thread_blocked, id=6640, stack(0x000000fd37a00000,0x000000fd37b00000) (1024K)]
  0x000002b94fcd0490 JavaThread "jar transforms"                    [_thread_blocked, id=2164, stack(0x000000fd37b00000,0x000000fd37c00000) (1024K)]
  0x000002b94fcd0b20 JavaThread "jar transforms Thread 2"           [_thread_blocked, id=9816, stack(0x000000fd37c00000,0x000000fd37d00000) (1024K)]
  0x000002b94fcd6700 JavaThread "Problems report writer"            [_thread_blocked, id=25128, stack(0x000000fd37d00000,0x000000fd37e00000) (1024K)]
  0x000002b94fcd6070 JavaThread "jar transforms Thread 3"           [_thread_blocked, id=26720, stack(0x000000fd37e00000,0x000000fd37f00000) (1024K)]
  0x000002b94fcd4cc0 JavaThread "jar transforms Thread 4"           [_thread_blocked, id=14796, stack(0x000000fd37f00000,0x000000fd38000000) (1024K)]
  0x000002b94fcd7ab0 JavaThread "jar transforms Thread 5"           [_thread_blocked, id=15024, stack(0x000000fd38000000,0x000000fd38100000) (1024K)]
  0x000002b94fcd5350 JavaThread "jar transforms Thread 6"           [_thread_blocked, id=28016, stack(0x000000fd38100000,0x000000fd38200000) (1024K)]
  0x000002b94fcd8e60 JavaThread "Cache worker for execution history cache (F:\Project\flutter_application_1\android\.gradle\8.14\executionHistory)"        [_thread_blocked, id=23900, stack(0x000000fd38200000,0x000000fd38300000) (1024K)]
  0x000002b94fcd59e0 JavaThread "Exec process"                      [_thread_in_native, id=5100, stack(0x000000fd38300000,0x000000fd38400000) (1024K)]
  0x000002b94fcd94f0 JavaThread "Exec process Thread 2"             [_thread_in_native, id=16892, stack(0x000000fd38400000,0x000000fd38500000) (1024K)]
  0x000002b94fcdc2e0 JavaThread "Exec process Thread 3"             [_thread_in_native, id=16572, stack(0x000000fd38500000,0x000000fd38600000) (1024K)]
=>0x000002b94a7c2a20 JavaThread "C2 CompilerThread1"         daemon [_thread_in_native, id=27256, stack(0x000000fd30400000,0x000000fd30500000) (1024K)]
Total: 137

Other Threads:
  0x000002b944a0c820 VMThread "VM Thread"                           [id=15752, stack(0x000000fd2f300000,0x000000fd2f400000) (1024K)]
  0x000002b941fed4d0 WatcherThread "VM Periodic Task Thread"        [id=12224, stack(0x000000fd2f200000,0x000000fd2f300000) (1024K)]
  0x000002b941e51120 WorkerThread "GC Thread#0"                     [id=27660, stack(0x000000fd2ed00000,0x000000fd2ee00000) (1024K)]
  0x000002b949348f40 WorkerThread "GC Thread#1"                     [id=21416, stack(0x000000fd2ff00000,0x000000fd30000000) (1024K)]
  0x000002b9493492f0 WorkerThread "GC Thread#2"                     [id=28100, stack(0x000000fd30000000,0x000000fd30100000) (1024K)]
  0x000002b94935d760 WorkerThread "GC Thread#3"                     [id=23712, stack(0x000000fd30100000,0x000000fd30200000) (1024K)]
  0x000002b94935db10 WorkerThread "GC Thread#4"                     [id=15136, stack(0x000000fd30200000,0x000000fd30300000) (1024K)]
  0x000002b94935dec0 WorkerThread "GC Thread#5"                     [id=2536, stack(0x000000fd30300000,0x000000fd30400000) (1024K)]
  0x000002b94b4ea060 WorkerThread "GC Thread#6"                     [id=1808, stack(0x000000fd30f00000,0x000000fd31000000) (1024K)]
  0x000002b94b209810 WorkerThread "GC Thread#7"                     [id=19868, stack(0x000000fd31000000,0x000000fd31100000) (1024K)]
  0x000002b912929fa0 ConcurrentGCThread "G1 Main Marker"            [id=9600, stack(0x000000fd2ee00000,0x000000fd2ef00000) (1024K)]
  0x000002b91292b700 WorkerThread "G1 Conc#0"                       [id=16104, stack(0x000000fd2ef00000,0x000000fd2f000000) (1024K)]
  0x000002b94bd8b1f0 WorkerThread "G1 Conc#1"                       [id=18960, stack(0x000000fd31100000,0x000000fd31200000) (1024K)]
  0x000002b941eaf430 ConcurrentGCThread "G1 Refine#0"               [id=22820, stack(0x000000fd2f000000,0x000000fd2f100000) (1024K)]
  0x000002b941eafd60 ConcurrentGCThread "G1 Service"                [id=16552, stack(0x000000fd2f100000,0x000000fd2f200000) (1024K)]
Total: 15

Threads with active compile tasks:
C2 CompilerThread0  39422 17026       4       org.gradle.internal.logging.text.AbstractLineChoppingStyledTextOutput$1::execute (9 bytes)
C1 CompilerThread0  39422 17032       3       org.gradle.internal.io.LineBufferingOutputStream::write (59 bytes)
C2 CompilerThread1  39422 17027       4       org.gradle.internal.logging.text.AbstractLineChoppingStyledTextOutput$1::execute (140 bytes)
Total: 3

VM state: not at safepoint (normal execution)

VM Mutex/Monitor currently owned by a thread: None

Heap address: 0x0000000600000000, size: 8192 MB, Compressed Oops mode: Zero based, Oop shift amount: 3

CDS archive(s) not mapped
Compressed class space mapped at: 0x0000000800000000-0x0000000840000000, reserved size: 1073741824
Narrow klass base: 0x0000000800000000, Narrow klass shift: 0, Narrow klass range: 0x40000000

GC Precious Log:
 CardTable entry size: 512
 Card Set container configuration: InlinePtr #cards 4 size 8 Array Of Cards #cards 32 size 80 Howl #buckets 8 coarsen threshold 7372 Howl Bitmap #cards 1024 size 144 coarsen threshold 921 Card regions per heap region 1 cards per card region 8192
 CPUs: 8 total, 8 available
 Memory: 16262M
 Large Page Support: Disabled
 NUMA Support: Disabled
 Compressed Oops: Enabled (Zero based)
 Heap Region Size: 4M
 Heap Min Capacity: 8M
 Heap Initial Capacity: 256M
 Heap Max Capacity: 8G
 Pre-touch: Disabled
 Parallel Workers: 8
 Concurrent Workers: 2
 Concurrent Refinement Workers: 8
 Periodic GC: Disabled

Heap:
 garbage-first heap   total 307200K, used 194521K [0x0000000600000000, 0x0000000800000000)
  region size 4096K, 10 young (40960K), 4 survivors (16384K)
 Metaspace       used 137500K, committed 139840K, reserved 1179648K
  class space    used 19404K, committed 20544K, reserved 1048576K

Heap Regions: E=young(eden), S=young(survivor), O=old, HS=humongous(starts), HC=humongous(continues), CS=collection set, F=free, TAMS=top-at-mark-start, PB=parsable bottom
|   0|0x0000000600000000, 0x0000000600400000, 0x0000000600400000|100%|HS|  |TAMS 0x0000000600000000| PB 0x0000000600000000| Complete 
|   1|0x0000000600400000, 0x0000000600800000, 0x0000000600800000|100%| O|  |TAMS 0x0000000600400000| PB 0x0000000600400000| Untracked 
|   2|0x0000000600800000, 0x0000000600c00000, 0x0000000600c00000|100%| O|  |TAMS 0x0000000600800000| PB 0x0000000600800000| Untracked 
|   3|0x0000000600c00000, 0x0000000601000000, 0x0000000601000000|100%| O|  |TAMS 0x0000000600c00000| PB 0x0000000600c00000| Untracked 
|   4|0x0000000601000000, 0x0000000601400000, 0x0000000601400000|100%| O|  |TAMS 0x0000000601000000| PB 0x0000000601000000| Untracked 
|   5|0x0000000601400000, 0x0000000601800000, 0x0000000601800000|100%| O|  |TAMS 0x0000000601400000| PB 0x0000000601400000| Untracked 
|   6|0x0000000601800000, 0x0000000601c00000, 0x0000000601c00000|100%| O|  |TAMS 0x0000000601800000| PB 0x0000000601800000| Untracked 
|   7|0x0000000601c00000, 0x0000000602000000, 0x0000000602000000|100%| O|  |TAMS 0x0000000601c00000| PB 0x0000000601c00000| Untracked 
|   8|0x0000000602000000, 0x0000000602400000, 0x0000000602400000|100%|HS|  |TAMS 0x0000000602000000| PB 0x0000000602000000| Complete 
|   9|0x0000000602400000, 0x0000000602800000, 0x0000000602800000|100%| O|  |TAMS 0x0000000602400000| PB 0x0000000602400000| Untracked 
|  10|0x0000000602800000, 0x0000000602c00000, 0x0000000602c00000|100%|HS|  |TAMS 0x0000000602800000| PB 0x0000000602800000| Complete 
|  11|0x0000000602c00000, 0x0000000603000000, 0x0000000603000000|100%| O|  |TAMS 0x0000000602c00000| PB 0x0000000602c00000| Untracked 
|  12|0x0000000603000000, 0x0000000603400000, 0x0000000603400000|100%| O|  |TAMS 0x0000000603000000| PB 0x0000000603000000| Untracked 
|  13|0x0000000603400000, 0x0000000603800000, 0x0000000603800000|100%| O|  |TAMS 0x0000000603400000| PB 0x0000000603400000| Untracked 
|  14|0x0000000603800000, 0x0000000603c00000, 0x0000000603c00000|100%| O|  |TAMS 0x0000000603800000| PB 0x0000000603800000| Untracked 
|  15|0x0000000603c00000, 0x0000000604000000, 0x0000000604000000|100%| O|  |TAMS 0x0000000603c00000| PB 0x0000000603c00000| Untracked 
|  16|0x0000000604000000, 0x0000000604400000, 0x0000000604400000|100%| O|  |TAMS 0x0000000604000000| PB 0x0000000604000000| Untracked 
|  17|0x0000000604400000, 0x0000000604800000, 0x0000000604800000|100%| O|  |TAMS 0x0000000604400000| PB 0x0000000604400000| Untracked 
|  18|0x0000000604800000, 0x0000000604c00000, 0x0000000604c00000|100%| O|  |TAMS 0x0000000604800000| PB 0x0000000604800000| Untracked 
|  19|0x0000000604c00000, 0x0000000605000000, 0x0000000605000000|100%| O|  |TAMS 0x0000000604c00000| PB 0x0000000604c00000| Untracked 
|  20|0x0000000605000000, 0x0000000605400000, 0x0000000605400000|100%| O|  |TAMS 0x0000000605000000| PB 0x0000000605000000| Untracked 
|  21|0x0000000605400000, 0x0000000605800000, 0x0000000605800000|100%| O|  |TAMS 0x0000000605400000| PB 0x0000000605400000| Untracked 
|  22|0x0000000605800000, 0x0000000605c00000, 0x0000000605c00000|100%| O|  |TAMS 0x0000000605800000| PB 0x0000000605800000| Untracked 
|  23|0x0000000605c00000, 0x0000000606000000, 0x0000000606000000|100%| O|  |TAMS 0x0000000605c00000| PB 0x0000000605c00000| Untracked 
|  24|0x0000000606000000, 0x0000000606400000, 0x0000000606400000|100%| O|  |TAMS 0x0000000606000000| PB 0x0000000606000000| Untracked 
|  25|0x0000000606400000, 0x0000000606800000, 0x0000000606800000|100%| O|Cm|TAMS 0x0000000606400000| PB 0x0000000606400000| Complete 
|  26|0x0000000606800000, 0x0000000606c00000, 0x0000000606c00000|100%| O|  |TAMS 0x0000000606800000| PB 0x0000000606800000| Untracked 
|  27|0x0000000606c00000, 0x0000000607000000, 0x0000000607000000|100%| O|  |TAMS 0x0000000606c00000| PB 0x0000000606c00000| Untracked 
|  28|0x0000000607000000, 0x0000000607400000, 0x0000000607400000|100%| O|  |TAMS 0x0000000607000000| PB 0x0000000607000000| Untracked 
|  29|0x0000000607400000, 0x0000000607800000, 0x0000000607800000|100%| O|  |TAMS 0x0000000607400000| PB 0x0000000607400000| Untracked 
|  30|0x0000000607800000, 0x0000000607c00000, 0x0000000607c00000|100%| O|  |TAMS 0x0000000607800000| PB 0x0000000607800000| Untracked 
|  31|0x0000000607c00000, 0x0000000608000000, 0x0000000608000000|100%| O|  |TAMS 0x0000000607c00000| PB 0x0000000607c00000| Untracked 
|  32|0x0000000608000000, 0x0000000608400000, 0x0000000608400000|100%| O|  |TAMS 0x0000000608000000| PB 0x0000000608000000| Untracked 
|  33|0x0000000608400000, 0x0000000608800000, 0x0000000608800000|100%| O|  |TAMS 0x0000000608400000| PB 0x0000000608400000| Untracked 
|  34|0x0000000608800000, 0x00000006089f65c0, 0x0000000608c00000| 49%| O|  |TAMS 0x0000000608800000| PB 0x0000000608800000| Untracked 
|  35|0x0000000608c00000, 0x0000000608c00000, 0x0000000609000000|  0%| F|  |TAMS 0x0000000608c00000| PB 0x0000000608c00000| Untracked 
|  36|0x0000000609000000, 0x0000000609000000, 0x0000000609400000|  0%| F|  |TAMS 0x0000000609000000| PB 0x0000000609000000| Untracked 
|  37|0x0000000609400000, 0x0000000609400000, 0x0000000609800000|  0%| F|  |TAMS 0x0000000609400000| PB 0x0000000609400000| Untracked 
|  38|0x0000000609800000, 0x0000000609c00000, 0x0000000609c00000|100%| S|CS|TAMS 0x0000000609800000| PB 0x0000000609800000| Complete 
|  39|0x0000000609c00000, 0x0000000609c00000, 0x000000060a000000|  0%| F|  |TAMS 0x0000000609c00000| PB 0x0000000609c00000| Untracked 
|  40|0x000000060a000000, 0x000000060a400000, 0x000000060a400000|100%| S|CS|TAMS 0x000000060a000000| PB 0x000000060a000000| Complete 
|  41|0x000000060a400000, 0x000000060a800000, 0x000000060a800000|100%| S|CS|TAMS 0x000000060a400000| PB 0x000000060a400000| Complete 
|  42|0x000000060a800000, 0x000000060ac00000, 0x000000060ac00000|100%| S|CS|TAMS 0x000000060a800000| PB 0x000000060a800000| Complete 
|  43|0x000000060ac00000, 0x000000060ac00000, 0x000000060b000000|  0%| F|  |TAMS 0x000000060ac00000| PB 0x000000060ac00000| Untracked 
|  44|0x000000060b000000, 0x000000060b000000, 0x000000060b400000|  0%| F|  |TAMS 0x000000060b000000| PB 0x000000060b000000| Untracked 
|  45|0x000000060b400000, 0x000000060b400000, 0x000000060b800000|  0%| F|  |TAMS 0x000000060b400000| PB 0x000000060b400000| Untracked 
|  46|0x000000060b800000, 0x000000060b800000, 0x000000060bc00000|  0%| F|  |TAMS 0x000000060b800000| PB 0x000000060b800000| Untracked 
|  47|0x000000060bc00000, 0x000000060bc00000, 0x000000060c000000|  0%| F|  |TAMS 0x000000060bc00000| PB 0x000000060bc00000| Untracked 
|  48|0x000000060c000000, 0x000000060c000000, 0x000000060c400000|  0%| F|  |TAMS 0x000000060c000000| PB 0x000000060c000000| Untracked 
|  49|0x000000060c400000, 0x000000060c400000, 0x000000060c800000|  0%| F|  |TAMS 0x000000060c400000| PB 0x000000060c400000| Untracked 
|  50|0x000000060c800000, 0x000000060c800000, 0x000000060cc00000|  0%| F|  |TAMS 0x000000060c800000| PB 0x000000060c800000| Untracked 
|  51|0x000000060cc00000, 0x000000060cc00000, 0x000000060d000000|  0%| F|  |TAMS 0x000000060cc00000| PB 0x000000060cc00000| Untracked 
|  52|0x000000060d000000, 0x000000060d000000, 0x000000060d400000|  0%| F|  |TAMS 0x000000060d000000| PB 0x000000060d000000| Untracked 
|  53|0x000000060d400000, 0x000000060d400000, 0x000000060d800000|  0%| F|  |TAMS 0x000000060d400000| PB 0x000000060d400000| Untracked 
|  54|0x000000060d800000, 0x000000060d800000, 0x000000060dc00000|  0%| F|  |TAMS 0x000000060d800000| PB 0x000000060d800000| Untracked 
|  55|0x000000060dc00000, 0x000000060dc00000, 0x000000060e000000|  0%| F|  |TAMS 0x000000060dc00000| PB 0x000000060dc00000| Untracked 
|  56|0x000000060e000000, 0x000000060e000000, 0x000000060e400000|  0%| F|  |TAMS 0x000000060e000000| PB 0x000000060e000000| Untracked 
|  57|0x000000060e400000, 0x000000060e400000, 0x000000060e800000|  0%| F|  |TAMS 0x000000060e400000| PB 0x000000060e400000| Untracked 
|  58|0x000000060e800000, 0x000000060e800000, 0x000000060ec00000|  0%| F|  |TAMS 0x000000060e800000| PB 0x000000060e800000| Untracked 
|  59|0x000000060ec00000, 0x000000060ec00000, 0x000000060f000000|  0%| F|  |TAMS 0x000000060ec00000| PB 0x000000060ec00000| Untracked 
|  60|0x000000060f000000, 0x000000060f000000, 0x000000060f400000|  0%| F|  |TAMS 0x000000060f000000| PB 0x000000060f000000| Untracked 
|  61|0x000000060f400000, 0x000000060f400000, 0x000000060f800000|  0%| F|  |TAMS 0x000000060f400000| PB 0x000000060f400000| Untracked 
|  62|0x000000060f800000, 0x000000060f800000, 0x000000060fc00000|  0%| F|  |TAMS 0x000000060f800000| PB 0x000000060f800000| Untracked 
|  63|0x000000060fc00000, 0x000000060fc00000, 0x0000000610000000|  0%| F|  |TAMS 0x000000060fc00000| PB 0x000000060fc00000| Untracked 
|  64|0x0000000610000000, 0x0000000610000000, 0x0000000610400000|  0%| F|  |TAMS 0x0000000610000000| PB 0x0000000610000000| Untracked 
|  65|0x0000000610400000, 0x00000006104f2810, 0x0000000610800000| 23%| E|  |TAMS 0x0000000610400000| PB 0x0000000610400000| Complete 
|  66|0x0000000610800000, 0x0000000610c00000, 0x0000000610c00000|100%| E|CS|TAMS 0x0000000610800000| PB 0x0000000610800000| Complete 
|  67|0x0000000610c00000, 0x0000000611000000, 0x0000000611000000|100%| E|CS|TAMS 0x0000000610c00000| PB 0x0000000610c00000| Complete 
|  68|0x0000000611000000, 0x0000000611400000, 0x0000000611400000|100%| E|CS|TAMS 0x0000000611000000| PB 0x0000000611000000| Complete 
|2042|0x00000007fe800000, 0x00000007fec00000, 0x00000007fec00000|100%| O|  |TAMS 0x00000007fe800000| PB 0x00000007fe800000| Untracked 
|2043|0x00000007fec00000, 0x00000007ff000000, 0x00000007ff000000|100%| E|CS|TAMS 0x00000007fec00000| PB 0x00000007fec00000| Complete 
|2044|0x00000007ff000000, 0x00000007ff400000, 0x00000007ff400000|100%| E|CS|TAMS 0x00000007ff000000| PB 0x00000007ff000000| Complete 
|2045|0x00000007ff400000, 0x00000007ff800000, 0x00000007ff800000|100%| O|  |TAMS 0x00000007ff400000| PB 0x00000007ff400000| Untracked 
|2046|0x00000007ff800000, 0x00000007ffc00000, 0x00000007ffc00000|100%| O|  |TAMS 0x00000007ff800000| PB 0x00000007ff800000| Untracked 
|2047|0x00000007ffc00000, 0x0000000800000000, 0x0000000800000000|100%| O|  |TAMS 0x00000007ffc00000| PB 0x00000007ffc00000| Untracked 

Card table byte_map: [0x000002b938d80000,0x000002b939d80000] _byte_map_base: 0x000002b935d80000

Marking Bits: (CMBitMap*) 0x000002b941e51740
 Bits: [0x000002b939d80000, 0x000002b941d80000)

Polling page: 0x000002b9170c0000

Metaspace:

Usage:
  Non-class:    115.33 MB used.
      Class:     18.95 MB used.
       Both:    134.28 MB used.

Virtual space:
  Non-class space:      128.00 MB reserved,     116.50 MB ( 91%) committed,  2 nodes.
      Class space:        1.00 GB reserved,      20.06 MB (  2%) committed,  1 nodes.
             Both:        1.12 GB reserved,     136.56 MB ( 12%) committed. 

Chunk freelists:
   Non-Class:  10.61 MB
       Class:  11.84 MB
        Both:  22.45 MB

MaxMetaspaceSize: 4.00 GB
CompressedClassSpaceSize: 1.00 GB
Initial GC threshold: 21.00 MB
Current GC threshold: 222.81 MB
CDS: off
 - commit_granule_bytes: 65536.
 - commit_granule_words: 8192.
 - virtual_space_node_default_size: 8388608.
 - enlarge_chunks_in_place: 1.
 - use_allocation_guard: 0.


Internal statistics:

num_allocs_failed_limit: 12.
num_arena_births: 4454.
num_arena_deaths: 0.
num_vsnodes_births: 3.
num_vsnodes_deaths: 0.
num_space_committed: 2185.
num_space_uncommitted: 0.
num_chunks_returned_to_freelist: 12.
num_chunks_taken_from_freelist: 10277.
num_chunk_merges: 12.
num_chunk_splits: 6758.
num_chunks_enlarged: 4336.
num_inconsistent_stats: 0.

CodeHeap 'non-profiled nmethods': size=259264Kb used=10701Kb max_used=10701Kb free=248562Kb
 bounds [0x000002b9273b0000, 0x000002b927e30000, 0x000002b9370e0000]
CodeHeap 'profiled nmethods': size=259264Kb used=27746Kb max_used=27746Kb free=231517Kb
 bounds [0x000002b9170e0000, 0x000002b918c00000, 0x000002b926e10000]
CodeHeap 'non-nmethods': size=5760Kb used=2837Kb max_used=2927Kb free=2923Kb
 bounds [0x000002b926e10000, 0x000002b927100000, 0x000002b9273b0000]
CodeCache: size=524288Kb, used=41284Kb, max_used=41374Kb, free=483002Kb
 total_blobs=15333, nmethods=14238, adapters=997, full_count=0
Compilation: enabled, stopped_count=0, restarted_count=0

Compilation events (20 events):
Event: 33.651 Thread 0x000002b944ab8420 nmethod 17016 0x000002b918bf5f10 code [0x000002b918bf6100, 0x000002b918bf65e0]
Event: 33.651 Thread 0x000002b944aaf970 17017       4       java.lang.Character::isSpaceChar (5 bytes)
Event: 33.651 Thread 0x000002b94b272310 17018       4       java.lang.Character::isSpaceChar (19 bytes)
Event: 33.651 Thread 0x000002b94fa03250 17019       4       java.lang.Character::isLetterOrDigit (5 bytes)
Event: 33.652 Thread 0x000002b944aaf970 nmethod 17017 0x000002b927e21590 code [0x000002b927e21740, 0x000002b927e218d0]
Event: 33.652 Thread 0x000002b94b272310 nmethod 17018 0x000002b927e21a90 code [0x000002b927e21c40, 0x000002b927e21dd0]
Event: 33.652 Thread 0x000002b94fa03250 nmethod 17019 0x000002b927e21f90 code [0x000002b927e22140, 0x000002b927e222a8]
Event: 33.668 Thread 0x000002b944ab8420 17021       3       jdk.internal.misc.InternalLock::<init> (16 bytes)
Event: 33.668 Thread 0x000002b944ab8420 nmethod 17021 0x000002b918bf6790 code [0x000002b918bf6980, 0x000002b918bf6f08]
Event: 33.668 Thread 0x000002b944ab8420 17022   !   3       java.util.logging.LogManager::ensureLogManagerInitialized (144 bytes)
Event: 33.669 Thread 0x000002b944ab8420 nmethod 17022 0x000002b918bf7110 code [0x000002b918bf7420, 0x000002b918bf8610]
Event: 33.669 Thread 0x000002b944ab8420 17023       1       java.nio.DirectByteBuffer::cleaner (5 bytes)
Event: 33.669 Thread 0x000002b944ab8420 nmethod 17023 0x000002b927e22710 code [0x000002b927e228a0, 0x000002b927e22970]
Event: 39.386 Thread 0x000002b944aaf970 17025       4       java.util.ImmutableCollections$Set12::contains (28 bytes)
Event: 39.387 Thread 0x000002b944aaf970 nmethod 17025 0x000002b927e22e10 code [0x000002b927e22fa0, 0x000002b927e230a0]
Event: 39.390 Thread 0x000002b944aaf970 17026       4       org.gradle.internal.logging.text.AbstractLineChoppingStyledTextOutput$1::execute (9 bytes)
Event: 39.391 Thread 0x000002b944ab8420 17030       1       org.gradle.internal.logging.events.RenderableOutputEvent::getBuildOperationId (5 bytes)
Event: 39.391 Thread 0x000002b944ab8420 nmethod 17030 0x000002b927e23190 code [0x000002b927e23320, 0x000002b927e233f0]
Event: 39.391 Thread 0x000002b944ab8420 17032       3       org.gradle.internal.io.LineBufferingOutputStream::write (59 bytes)
Event: 39.391 Thread 0x000002b94a7c2a20 17027       4       org.gradle.internal.logging.text.AbstractLineChoppingStyledTextOutput$1::execute (140 bytes)

GC Heap History (20 events):
Event: 27.192 GC heap before
{Heap before GC invocations=35 (full 0):
 garbage-first heap   total 192512K, used 160053K [0x0000000600000000, 0x0000000800000000)
  region size 4096K, 14 young (57344K), 2 survivors (8192K)
 Metaspace       used 112605K, committed 114752K, reserved 1179648K
  class space    used 15909K, committed 16960K, reserved 1048576K
}
Event: 27.197 GC heap after
{Heap after GC invocations=36 (full 0):
 garbage-first heap   total 192512K, used 112952K [0x0000000600000000, 0x0000000800000000)
  region size 4096K, 1 young (4096K), 1 survivors (4096K)
 Metaspace       used 112605K, committed 114752K, reserved 1179648K
  class space    used 15909K, committed 16960K, reserved 1048576K
}
Event: 27.718 GC heap before
{Heap before GC invocations=36 (full 0):
 garbage-first heap   total 192512K, used 170296K [0x0000000600000000, 0x0000000800000000)
  region size 4096K, 15 young (61440K), 1 survivors (4096K)
 Metaspace       used 117226K, committed 119296K, reserved 1179648K
  class space    used 16717K, committed 17728K, reserved 1048576K
}
Event: 27.723 GC heap after
{Heap after GC invocations=37 (full 0):
 garbage-first heap   total 233472K, used 113974K [0x0000000600000000, 0x0000000800000000)
  region size 4096K, 1 young (4096K), 1 survivors (4096K)
 Metaspace       used 117226K, committed 119296K, reserved 1179648K
  class space    used 16717K, committed 17728K, reserved 1048576K
}
Event: 28.714 GC heap before
{Heap before GC invocations=37 (full 0):
 garbage-first heap   total 233472K, used 212278K [0x0000000600000000, 0x0000000800000000)
  region size 4096K, 25 young (102400K), 1 survivors (4096K)
 Metaspace       used 122850K, committed 124992K, reserved 1179648K
  class space    used 17458K, committed 18496K, reserved 1048576K
}
Event: 28.722 GC heap after
{Heap after GC invocations=38 (full 0):
 garbage-first heap   total 233472K, used 118701K [0x0000000600000000, 0x0000000800000000)
  region size 4096K, 3 young (12288K), 3 survivors (12288K)
 Metaspace       used 122850K, committed 124992K, reserved 1179648K
  class space    used 17458K, committed 18496K, reserved 1048576K
}
Event: 29.295 GC heap before
{Heap before GC invocations=39 (full 0):
 garbage-first heap   total 233472K, used 212909K [0x0000000600000000, 0x0000000800000000)
  region size 4096K, 26 young (106496K), 3 survivors (12288K)
 Metaspace       used 123237K, committed 125440K, reserved 1179648K
  class space    used 17531K, committed 18624K, reserved 1048576K
}
Event: 29.303 GC heap after
{Heap after GC invocations=40 (full 0):
 garbage-first heap   total 233472K, used 126349K [0x0000000600000000, 0x0000000800000000)
  region size 4096K, 4 young (16384K), 4 survivors (16384K)
 Metaspace       used 123237K, committed 125440K, reserved 1179648K
  class space    used 17531K, committed 18624K, reserved 1048576K
}
Event: 29.926 GC heap before
{Heap before GC invocations=40 (full 0):
 garbage-first heap   total 233472K, used 208269K [0x0000000600000000, 0x0000000800000000)
  region size 4096K, 25 young (102400K), 4 survivors (16384K)
 Metaspace       used 126943K, committed 129152K, reserved 1179648K
  class space    used 17998K, committed 19072K, reserved 1048576K
}
Event: 29.943 GC heap after
{Heap after GC invocations=41 (full 0):
 garbage-first heap   total 241664K, used 134189K [0x0000000600000000, 0x0000000800000000)
  region size 4096K, 4 young (16384K), 4 survivors (16384K)
 Metaspace       used 126943K, committed 129152K, reserved 1179648K
  class space    used 17998K, committed 19072K, reserved 1048576K
}
Event: 30.630 GC heap before
{Heap before GC invocations=41 (full 0):
 garbage-first heap   total 241664K, used 220205K [0x0000000600000000, 0x0000000800000000)
  region size 4096K, 25 young (102400K), 4 survivors (16384K)
 Metaspace       used 127433K, committed 129664K, reserved 1179648K
  class space    used 18043K, committed 19136K, reserved 1048576K
}
Event: 30.644 GC heap after
{Heap after GC invocations=42 (full 0):
 garbage-first heap   total 245760K, used 142512K [0x0000000600000000, 0x0000000800000000)
  region size 4096K, 4 young (16384K), 4 survivors (16384K)
 Metaspace       used 127433K, committed 129664K, reserved 1179648K
  class space    used 18043K, committed 19136K, reserved 1048576K
}
Event: 31.212 GC heap before
{Heap before GC invocations=43 (full 0):
 garbage-first heap   total 245760K, used 216240K [0x0000000600000000, 0x0000000800000000)
  region size 4096K, 23 young (94208K), 4 survivors (16384K)
 Metaspace       used 127799K, committed 130112K, reserved 1179648K
  class space    used 18088K, committed 19200K, reserved 1048576K
}
Event: 31.225 GC heap after
{Heap after GC invocations=44 (full 0):
 garbage-first heap   total 249856K, used 152162K [0x0000000600000000, 0x0000000800000000)
  region size 4096K, 3 young (12288K), 3 survivors (12288K)
 Metaspace       used 127799K, committed 130112K, reserved 1179648K
  class space    used 18088K, committed 19200K, reserved 1048576K
}
Event: 31.557 GC heap before
{Heap before GC invocations=44 (full 0):
 garbage-first heap   total 249856K, used 221794K [0x0000000600000000, 0x0000000800000000)
  region size 4096K, 20 young (81920K), 3 survivors (12288K)
 Metaspace       used 128107K, committed 130368K, reserved 1179648K
  class space    used 18120K, committed 19200K, reserved 1048576K
}
Event: 31.566 GC heap after
{Heap after GC invocations=45 (full 0):
 garbage-first heap   total 249856K, used 157278K [0x0000000600000000, 0x0000000800000000)
  region size 4096K, 2 young (8192K), 2 survivors (8192K)
 Metaspace       used 128107K, committed 130368K, reserved 1179648K
  class space    used 18120K, committed 19200K, reserved 1048576K
}
Event: 32.336 GC heap before
{Heap before GC invocations=45 (full 0):
 garbage-first heap   total 249856K, used 226910K [0x0000000600000000, 0x0000000800000000)
  region size 4096K, 19 young (77824K), 2 survivors (8192K)
 Metaspace       used 133634K, committed 136000K, reserved 1179648K
  class space    used 18904K, committed 20032K, reserved 1048576K
}
Event: 32.343 GC heap after
{Heap after GC invocations=46 (full 0):
 garbage-first heap   total 307200K, used 162231K [0x0000000600000000, 0x0000000800000000)
  region size 4096K, 3 young (12288K), 3 survivors (12288K)
 Metaspace       used 133634K, committed 136000K, reserved 1179648K
  class space    used 18904K, committed 20032K, reserved 1048576K
}
Event: 33.491 GC heap before
{Heap before GC invocations=47 (full 0):
 garbage-first heap   total 307200K, used 272823K [0x0000000600000000, 0x0000000800000000)
  region size 4096K, 31 young (126976K), 3 survivors (12288K)
 Metaspace       used 137097K, committed 139392K, reserved 1179648K
  class space    used 19343K, committed 20480K, reserved 1048576K
}
Event: 33.505 GC heap after
{Heap after GC invocations=48 (full 0):
 garbage-first heap   total 307200K, used 174041K [0x0000000600000000, 0x0000000800000000)
  region size 4096K, 4 young (16384K), 4 survivors (16384K)
 Metaspace       used 137097K, committed 139392K, reserved 1179648K
  class space    used 19343K, committed 20480K, reserved 1048576K
}

Dll operation events (3 events):
Event: 0.051 Loaded shared library C:\Program Files\Android\Android Studio\jbr\bin\java.dll
Event: 0.055 Loaded shared library C:\Program Files\Android\Android Studio\jbr\bin\zip.dll
Event: 0.575 Loaded shared library C:\Program Files\Android\Android Studio\jbr\bin\verify.dll

Deoptimization events (20 events):
Event: 39.391 Thread 0x000002b94fcd94f0 Uncommon trap: trap_request=0xffffffde fr.pc=0x000002b9278072cc relative=0x000000000000078c
Event: 39.391 Thread 0x000002b94fcd94f0 Uncommon trap: reason=class_check action=maybe_recompile pc=0x000002b9278072cc method=org.gradle.internal.logging.sink.OutputEventTransformer.onOutput(Lorg/gradle/internal/logging/events/OutputEvent;)V @ 215 c2
Event: 39.391 Thread 0x000002b94fcd94f0 DEOPT PACKING pc=0x000002b9278072cc sp=0x000000fd384fe940
Event: 39.391 Thread 0x000002b94fcd94f0 DEOPT UNPACKING pc=0x000002b926e64422 sp=0x000000fd384fe8f8 mode 2
Event: 39.391 Thread 0x000002b94fcd94f0 Uncommon trap: trap_request=0xffffffc6 fr.pc=0x000002b92780e4e8 relative=0x00000000000000a8
Event: 39.391 Thread 0x000002b94fcd94f0 Uncommon trap: reason=bimorphic_or_optimized_type_check action=maybe_recompile pc=0x000002b92780e4e8 method=org.gradle.internal.logging.sink.OutputEventRenderer.onOutput(Lorg/gradle/internal/logging/events/OutputEvent;)V @ 1 c2
Event: 39.391 Thread 0x000002b94fcd94f0 DEOPT PACKING pc=0x000002b92780e4e8 sp=0x000000fd384fea40
Event: 39.391 Thread 0x000002b94fcd94f0 DEOPT UNPACKING pc=0x000002b926e64422 sp=0x000000fd384fe980 mode 2
Event: 39.391 Thread 0x000002b94fcd94f0 Uncommon trap: trap_request=0xffffffde fr.pc=0x000002b9278072cc relative=0x000000000000078c
Event: 39.391 Thread 0x000002b94fcd94f0 Uncommon trap: reason=class_check action=maybe_recompile pc=0x000002b9278072cc method=org.gradle.internal.logging.sink.OutputEventTransformer.onOutput(Lorg/gradle/internal/logging/events/OutputEvent;)V @ 215 c2
Event: 39.391 Thread 0x000002b94fcd94f0 DEOPT PACKING pc=0x000002b9278072cc sp=0x000000fd384fe940
Event: 39.391 Thread 0x000002b94fcd94f0 DEOPT UNPACKING pc=0x000002b926e64422 sp=0x000000fd384fe8f8 mode 2
Event: 39.391 Thread 0x000002b94fcd94f0 Uncommon trap: trap_request=0xffffffc6 fr.pc=0x000002b92780e4e8 relative=0x00000000000000a8
Event: 39.391 Thread 0x000002b94fcd94f0 Uncommon trap: reason=bimorphic_or_optimized_type_check action=maybe_recompile pc=0x000002b92780e4e8 method=org.gradle.internal.logging.sink.OutputEventRenderer.onOutput(Lorg/gradle/internal/logging/events/OutputEvent;)V @ 1 c2
Event: 39.391 Thread 0x000002b94fcd94f0 DEOPT PACKING pc=0x000002b92780e4e8 sp=0x000000fd384fea40
Event: 39.391 Thread 0x000002b94fcd94f0 DEOPT UNPACKING pc=0x000002b926e64422 sp=0x000000fd384fe980 mode 2
Event: 39.391 Thread 0x000002b94fcd94f0 Uncommon trap: trap_request=0xffffffde fr.pc=0x000002b9278072cc relative=0x000000000000078c
Event: 39.391 Thread 0x000002b94fcd94f0 Uncommon trap: reason=class_check action=maybe_recompile pc=0x000002b9278072cc method=org.gradle.internal.logging.sink.OutputEventTransformer.onOutput(Lorg/gradle/internal/logging/events/OutputEvent;)V @ 215 c2
Event: 39.391 Thread 0x000002b94fcd94f0 DEOPT PACKING pc=0x000002b9278072cc sp=0x000000fd384fe940
Event: 39.391 Thread 0x000002b94fcd94f0 DEOPT UNPACKING pc=0x000002b926e64422 sp=0x000000fd384fe8f8 mode 2

Classes loaded (20 events):
Event: 33.093 Loading class java/util/AbstractListBeanInfo
Event: 33.093 Loading class java/util/AbstractListBeanInfo done
Event: 33.093 Loading class java/util/AbstractListCustomizer
Event: 33.093 Loading class java/util/AbstractListCustomizer done
Event: 33.093 Loading class java/util/AbstractListCustomizer
Event: 33.093 Loading class java/util/AbstractListCustomizer done
Event: 33.094 Loading class java/util/ArrayListCustomizer
Event: 33.094 Loading class java/util/ArrayListCustomizer done
Event: 33.094 Loading class java/util/ArrayListCustomizer
Event: 33.094 Loading class java/util/ArrayListCustomizer done
Event: 33.649 Loading class java/lang/ProcessImpl
Event: 33.650 Loading class java/lang/ProcessImpl done
Event: 33.665 Loading class java/lang/ProcessHandleImpl
Event: 33.666 Loading class java/lang/ProcessHandleImpl done
Event: 33.666 Loading class java/lang/ProcessImpl$2
Event: 33.666 Loading class java/lang/ProcessImpl$2 done
Event: 33.666 Loading class java/lang/Process$PipeInputStream
Event: 33.666 Loading class java/lang/Process$PipeInputStream done
Event: 33.668 Loading class jdk/internal/event/ProcessStartEvent
Event: 33.668 Loading class jdk/internal/event/ProcessStartEvent done

Classes unloaded (0 events):
No events

Classes redefined (0 events):
No events

Internal exceptions (20 events):
Event: 33.074 Thread 0x000002b94b4c65b0 Exception <a 'java/lang/ClassNotFoundException'{0x000000060d863558}: org/gradle/api/internal/ConventionTaskCustomizer> (0x000000060d863558) 
thrown [s\src\hotspot\share\classfile\systemDictionary.cpp, line 312]
Event: 33.075 Thread 0x000002b94b4c65b0 Exception <a 'java/lang/ClassNotFoundException'{0x000000060d87d960}: org/gradle/api/tasks/SourceTaskCustomizer> (0x000000060d87d960) 
thrown [s\src\hotspot\share\classfile\systemDictionary.cpp, line 312]
Event: 33.076 Thread 0x000002b94b4c65b0 Exception <a 'java/lang/ClassNotFoundException'{0x000000060d8aea50}: org/gradle/api/tasks/compile/AbstractCompileCustomizer> (0x000000060d8aea50) 
thrown [s\src\hotspot\share\classfile\systemDictionary.cpp, line 312]
Event: 33.077 Thread 0x000002b94b4c65b0 Exception <a 'java/lang/ClassNotFoundException'{0x000000060d8d69f8}: org/gradle/api/tasks/compile/JavaCompileCustomizer> (0x000000060d8d69f8) 
thrown [s\src\hotspot\share\classfile\systemDictionary.cpp, line 312]
Event: 33.078 Thread 0x000002b94b4c65b0 Exception <a 'java/lang/ClassNotFoundException'{0x000000060d8fd070}: org/gradle/api/tasks/compile/JavaCompile_DecoratedCustomizer> (0x000000060d8fd070) 
thrown [s\src\hotspot\share\classfile\systemDictionary.cpp, line 312]
Event: 33.085 Thread 0x000002b94b4c65b0 Exception <a 'java/lang/ClassNotFoundException'{0x000000060d9b03e0}: org/gradle/api/tasks/compile/CompileOptions_DecoratedBeanInfo> (0x000000060d9b03e0) 
thrown [s\src\hotspot\share\classfile\systemDictionary.cpp, line 312]
Event: 33.085 Thread 0x000002b94b4c65b0 Exception <a 'java/lang/ClassNotFoundException'{0x000000060d9bd5d0}: org/gradle/api/tasks/compile/CompileOptionsBeanInfo> (0x000000060d9bd5d0) 
thrown [s\src\hotspot\share\classfile\systemDictionary.cpp, line 312]
Event: 33.086 Thread 0x000002b94b4c65b0 Exception <a 'java/lang/ClassNotFoundException'{0x000000060d9ca7b8}: org/gradle/api/tasks/compile/AbstractOptionsBeanInfo> (0x000000060d9ca7b8) 
thrown [s\src\hotspot\share\classfile\systemDictionary.cpp, line 312]
Event: 33.086 Thread 0x000002b94b4c65b0 Exception <a 'java/lang/ClassNotFoundException'{0x000000060d9d7c60}: org/gradle/api/tasks/compile/AbstractOptionsCustomizer> (0x000000060d9d7c60) 
thrown [s\src\hotspot\share\classfile\systemDictionary.cpp, line 312]
Event: 33.086 Thread 0x000002b94b4c65b0 Exception <a 'java/lang/ClassNotFoundException'{0x000000060d9e7760}: org/gradle/api/tasks/compile/CompileOptionsCustomizer> (0x000000060d9e7760) 
thrown [s\src\hotspot\share\classfile\systemDictionary.cpp, line 312]
Event: 33.088 Thread 0x000002b94b4c65b0 Exception <a 'java/lang/ClassNotFoundException'{0x000000060da2efa8}: org/gradle/api/tasks/compile/CompileOptions_DecoratedCustomizer> (0x000000060da2efa8) 
thrown [s\src\hotspot\share\classfile\systemDictionary.cpp, line 312]
Event: 33.092 Thread 0x000002b94b4c65b0 Exception <a 'java/lang/ClassNotFoundException'{0x000000060dbdc838}: java/util/ArrayListBeanInfo> (0x000000060dbdc838) 
thrown [s\src\hotspot\share\classfile\systemDictionary.cpp, line 312]
Event: 33.093 Thread 0x000002b94b4c65b0 Exception <a 'java/lang/ClassNotFoundException'{0x000000060dbe2a20}: java/util/AbstractListBeanInfo> (0x000000060dbe2a20) 
thrown [s\src\hotspot\share\classfile\systemDictionary.cpp, line 312]
Event: 33.093 Thread 0x000002b94b4c65b0 Exception <a 'java/lang/ClassNotFoundException'{0x000000060dbe8c60}: java/util/AbstractListCustomizer> (0x000000060dbe8c60) 
thrown [s\src\hotspot\share\classfile\systemDictionary.cpp, line 312]
Event: 33.094 Thread 0x000002b94b4c65b0 Exception <a 'java/lang/ClassNotFoundException'{0x000000060d42c208}: java/util/ArrayListCustomizer> (0x000000060d42c208) 
thrown [s\src\hotspot\share\classfile\systemDictionary.cpp, line 312]
Event: 33.270 Thread 0x000002b94b4c65b0 Exception <a 'java/lang/IncompatibleClassChangeError'{0x000000060c5682a8}: Found class java.lang.Object, but interface was expected> (0x000000060c5682a8) 
thrown [s\src\hotspot\share\interpreter\linkResolver.cpp, line 851]
Event: 33.314 Thread 0x000002b94ba75f50 Exception <a 'sun/nio/fs/WindowsException'{0x000000060c245bc0}> (0x000000060c245bc0) 
thrown [s\src\hotspot\share\prims\jni.cpp, line 537]
Event: 33.334 Thread 0x000002b94ba75f50 Exception <a 'sun/nio/fs/WindowsException'{0x000000060c3685a0}> (0x000000060c3685a0) 
thrown [s\src\hotspot\share\prims\jni.cpp, line 537]
Event: 33.334 Thread 0x000002b94ba75f50 Exception <a 'sun/nio/fs/WindowsException'{0x000000060c369700}> (0x000000060c369700) 
thrown [s\src\hotspot\share\prims\jni.cpp, line 537]
Event: 33.665 Thread 0x000002b94fcd59e0 Exception <a 'java/lang/NoSuchMethodError'{0x0000000610466008}: 'void java.lang.invoke.DirectMethodHandle$Holder.invokeStatic(java.lang.Object, long)'> (0x0000000610466008) 
thrown [s\src\hotspot\share\interpreter\linkResolver.cpp, line 784]

ZGC Phase Switch (0 events):
No events

VM Operations (20 events):
Event: 33.274 Executing non-safepoint VM operation: HandshakeAllThreads (Deoptimize)
Event: 33.274 Executing non-safepoint VM operation: HandshakeAllThreads (Deoptimize) done
Event: 33.295 Executing safepoint VM operation: ICBufferFull
Event: 33.295 Executing safepoint VM operation: ICBufferFull done
Event: 33.326 Executing non-safepoint VM operation: HandshakeAllThreads (Deoptimize)
Event: 33.326 Executing non-safepoint VM operation: HandshakeAllThreads (Deoptimize) done
Event: 33.491 Executing safepoint VM operation: G1CollectForAllocation (G1 Evacuation Pause)
Event: 33.505 Executing safepoint VM operation: G1CollectForAllocation (G1 Evacuation Pause) done
Event: 33.602 Executing non-safepoint VM operation: HandshakeAllThreads (Deoptimize)
Event: 33.602 Executing non-safepoint VM operation: HandshakeAllThreads (Deoptimize) done
Event: 33.624 Executing non-safepoint VM operation: HandshakeAllThreads (Deoptimize)
Event: 33.624 Executing non-safepoint VM operation: HandshakeAllThreads (Deoptimize) done
Event: 33.625 Executing non-safepoint VM operation: HandshakeAllThreads (Deoptimize)
Event: 33.625 Executing non-safepoint VM operation: HandshakeAllThreads (Deoptimize) done
Event: 33.668 Executing non-safepoint VM operation: HandshakeAllThreads (Deoptimize)
Event: 33.668 Executing non-safepoint VM operation: HandshakeAllThreads (Deoptimize) done
Event: 34.682 Executing safepoint VM operation: Cleanup
Event: 34.682 Executing safepoint VM operation: Cleanup done
Event: 39.389 Executing non-safepoint VM operation: HandshakeAllThreads (Deoptimize)
Event: 39.389 Executing non-safepoint VM operation: HandshakeAllThreads (Deoptimize) done

Memory protections (0 events):
No events

Nmethod flushes (20 events):
Event: 32.524 Thread 0x000002b944a0c820 flushing  nmethod 0x000002b9179c3510
Event: 32.524 Thread 0x000002b944a0c820 flushing  nmethod 0x000002b9179f6c10
Event: 32.524 Thread 0x000002b944a0c820 flushing  nmethod 0x000002b917c10410
Event: 32.524 Thread 0x000002b944a0c820 flushing  nmethod 0x000002b917c41b90
Event: 32.524 Thread 0x000002b944a0c820 flushing  nmethod 0x000002b917c48310
Event: 32.524 Thread 0x000002b944a0c820 flushing  nmethod 0x000002b917d11390
Event: 32.524 Thread 0x000002b944a0c820 flushing  nmethod 0x000002b917da2810
Event: 32.524 Thread 0x000002b944a0c820 flushing  nmethod 0x000002b917daa290
Event: 32.524 Thread 0x000002b944a0c820 flushing  nmethod 0x000002b917ef7d90
Event: 32.524 Thread 0x000002b944a0c820 flushing  nmethod 0x000002b917f1d690
Event: 32.524 Thread 0x000002b944a0c820 flushing  nmethod 0x000002b917f1ec90
Event: 32.524 Thread 0x000002b944a0c820 flushing  nmethod 0x000002b917f20d10
Event: 32.524 Thread 0x000002b944a0c820 flushing  nmethod 0x000002b917f21210
Event: 32.524 Thread 0x000002b944a0c820 flushing  nmethod 0x000002b91801cd90
Event: 32.524 Thread 0x000002b944a0c820 flushing  nmethod 0x000002b918021190
Event: 32.524 Thread 0x000002b944a0c820 flushing  nmethod 0x000002b9182eef10
Event: 32.524 Thread 0x000002b944a0c820 flushing  nmethod 0x000002b9184a4890
Event: 32.524 Thread 0x000002b944a0c820 flushing  nmethod 0x000002b918518c10
Event: 32.524 Thread 0x000002b944a0c820 flushing  nmethod 0x000002b9187a5a90
Event: 32.524 Thread 0x000002b944a0c820 flushing  nmethod 0x000002b91885ee90

Events (20 events):
Event: 28.700 Thread 0x000002b94b4c65b0 Thread added: 0x000002b94d84f6c0
Event: 28.701 Thread 0x000002b94b4c65b0 Thread added: 0x000002b94d851790
Event: 28.701 Thread 0x000002b94b4c65b0 Thread added: 0x000002b94d84fd50
Event: 28.702 Thread 0x000002b94b4c65b0 Thread added: 0x000002b94d8503e0
Event: 28.703 Thread 0x000002b94b4c65b0 Thread added: 0x000002b94d851100
Event: 28.785 Thread 0x000002b94b4c65b0 Thread added: 0x000002b94d850a70
Event: 29.621 Thread 0x000002b94b4c65b0 Thread added: 0x000002b94fcd0490
Event: 29.742 Thread 0x000002b94b4c65b0 Thread added: 0x000002b94fcd0b20
Event: 29.807 Thread 0x000002b94b4c65b0 Thread added: 0x000002b94fcd6700
Event: 30.342 Thread 0x000002b94b4c65b0 Thread added: 0x000002b94fcd6070
Event: 30.361 Thread 0x000002b94b4c65b0 Thread added: 0x000002b94fcd4cc0
Event: 31.155 Thread 0x000002b94b4c65b0 Thread added: 0x000002b94fcd7ab0
Event: 31.400 Thread 0x000002b94b4c65b0 Thread added: 0x000002b94fcd5350
Event: 33.313 Thread 0x000002b94ba75f50 Thread added: 0x000002b94fcd8e60
Event: 33.648 Thread 0x000002b94ba75f50 Thread added: 0x000002b94fcd59e0
Event: 33.669 Thread 0x000002b94fcd59e0 Thread added: 0x000002b94fcd94f0
Event: 33.669 Thread 0x000002b94fcd59e0 Thread added: 0x000002b94fcdc2e0
Event: 38.676 Thread 0x000002b94b272310 Thread exited: 0x000002b94b272310
Event: 38.676 Thread 0x000002b94fa03250 Thread exited: 0x000002b94fa03250
Event: 39.391 Thread 0x000002b944ab8420 Thread added: 0x000002b94a7c2a20


Dynamic libraries:
0x00007ff67bab0000 - 0x00007ff67baba000 	C:\Program Files\Android\Android Studio\jbr\bin\java.exe
0x00007ff9c3120000 - 0x00007ff9c3387000 	C:\WINDOWS\SYSTEM32\ntdll.dll
0x00007ff9c1d20000 - 0x00007ff9c1de9000 	C:\WINDOWS\System32\KERNEL32.DLL
0x00007ff9bfba0000 - 0x00007ff9bff94000 	C:\WINDOWS\System32\KERNELBASE.dll
0x00007ff9bce50000 - 0x00007ff9bceef000 	C:\WINDOWS\SYSTEM32\apphelp.dll
0x00007ff9c0aa0000 - 0x00007ff9c0beb000 	C:\WINDOWS\System32\ucrtbase.dll
0x00007ff97aee0000 - 0x00007ff97aef8000 	C:\Program Files\Android\Android Studio\jbr\bin\jli.dll
0x00007ff9324a0000 - 0x00007ff9324bb000 	C:\Program Files\Android\Android Studio\jbr\bin\VCRUNTIME140.dll
0x00007ff9adfb0000 - 0x00007ff9ae243000 	C:\WINDOWS\WinSxS\amd64_microsoft.windows.common-controls_6595b64144ccf1df_6.0.26100.8115_none_3e075c82e3354f9c\COMCTL32.dll
0x00007ff9c2130000 - 0x00007ff9c21d9000 	C:\WINDOWS\System32\msvcrt.dll
0x00007ff9c1a80000 - 0x00007ff9c1aab000 	C:\WINDOWS\System32\GDI32.dll
0x00007ff9bf9f0000 - 0x00007ff9bfa17000 	C:\WINDOWS\System32\win32u.dll
0x00007ff9c27a0000 - 0x00007ff9c2965000 	C:\WINDOWS\System32\USER32.dll
0x00007ff9c0970000 - 0x00007ff9c0a9b000 	C:\WINDOWS\System32\gdi32full.dll
0x00007ff9c08c0000 - 0x00007ff9c0963000 	C:\WINDOWS\System32\msvcp_win.dll
0x00007ff9c1b90000 - 0x00007ff9c1bc2000 	C:\WINDOWS\System32\IMM32.DLL
0x00007ff97aed0000 - 0x00007ff97aedc000 	C:\Program Files\Android\Android Studio\jbr\bin\vcruntime140_1.dll
0x00007ff92c1c0000 - 0x00007ff92c24d000 	C:\Program Files\Android\Android Studio\jbr\bin\msvcp140.dll
0x00007ff8e8030000 - 0x00007ff8e8cc6000 	C:\Program Files\Android\Android Studio\jbr\bin\server\jvm.dll
0x00007ff9c1c60000 - 0x00007ff9c1d16000 	C:\WINDOWS\System32\ADVAPI32.dll
0x00007ff9c0eb0000 - 0x00007ff9c0f57000 	C:\WINDOWS\System32\sechost.dll
0x00007ff9c1580000 - 0x00007ff9c1698000 	C:\WINDOWS\System32\RPCRT4.dll
0x00007ff9c1bd0000 - 0x00007ff9c1c50000 	C:\WINDOWS\System32\WS2_32.dll
0x00007ff9bf850000 - 0x00007ff9bf8ae000 	C:\WINDOWS\SYSTEM32\POWRPROF.dll
0x00007ff9b24f0000 - 0x00007ff9b2526000 	C:\WINDOWS\SYSTEM32\WINMM.dll
0x00007ff9b5e10000 - 0x00007ff9b5e1b000 	C:\WINDOWS\SYSTEM32\VERSION.dll
0x00007ff9bf830000 - 0x00007ff9bf844000 	C:\WINDOWS\SYSTEM32\UMPDC.dll
0x00007ff9be780000 - 0x00007ff9be79b000 	C:\WINDOWS\SYSTEM32\kernel.appcore.dll
0x00007ff959290000 - 0x00007ff95929a000 	C:\Program Files\Android\Android Studio\jbr\bin\jimage.dll
0x00007ff9bd040000 - 0x00007ff9bd282000 	C:\WINDOWS\SYSTEM32\DBGHELP.DLL
0x00007ff9c11f0000 - 0x00007ff9c1572000 	C:\WINDOWS\System32\combase.dll
0x00007ff9c1ab0000 - 0x00007ff9c1b88000 	C:\WINDOWS\System32\OLEAUT32.dll
0x00007ff9b4a10000 - 0x00007ff9b4a4b000 	C:\WINDOWS\SYSTEM32\dbgcore.DLL
0x00007ff9bffa0000 - 0x00007ff9c0045000 	C:\WINDOWS\System32\bcryptPrimitives.dll
0x00007ff9466e0000 - 0x00007ff9466ee000 	C:\Program Files\Android\Android Studio\jbr\bin\instrument.dll
0x00007ff930d00000 - 0x00007ff930d20000 	C:\Program Files\Android\Android Studio\jbr\bin\java.dll
0x00007ff9309a0000 - 0x00007ff9309b8000 	C:\Program Files\Android\Android Studio\jbr\bin\zip.dll
0x00007ff9c2970000 - 0x00007ff9c30d7000 	C:\WINDOWS\System32\SHELL32.dll
0x00007ff9c0d40000 - 0x00007ff9c0eaa000 	C:\WINDOWS\System32\wintypes.dll
0x00007ff9c0050000 - 0x00007ff9c08b8000 	C:\WINDOWS\System32\windows.storage.dll
0x00007ff9c1df0000 - 0x00007ff9c1ee8000 	C:\WINDOWS\System32\SHCORE.dll
0x00007ff9c16a0000 - 0x00007ff9c1706000 	C:\WINDOWS\System32\shlwapi.dll
0x00007ff9bf910000 - 0x00007ff9bf939000 	C:\WINDOWS\SYSTEM32\profapi.dll
0x00007ff958fb0000 - 0x00007ff958fc0000 	C:\Program Files\Android\Android Studio\jbr\bin\net.dll
0x00007ff9b5070000 - 0x00007ff9b519d000 	C:\WINDOWS\SYSTEM32\WINHTTP.dll
0x00007ff9becf0000 - 0x00007ff9bed5c000 	C:\WINDOWS\system32\mswsock.dll
0x00007ff930980000 - 0x00007ff930996000 	C:\Program Files\Android\Android Studio\jbr\bin\nio.dll
0x00007ff958b60000 - 0x00007ff958b70000 	C:\Program Files\Android\Android Studio\jbr\bin\verify.dll
0x00007ff92fef0000 - 0x00007ff92ff17000 	C:\Users\DELL\.gradle\native\1def1411415f61bf3af743bc5b6707747c0891f09f0c88961ee8f79bc544acac\windows-amd64\native-platform.dll
0x00007ff92c140000 - 0x00007ff92c1b8000 	C:\Users\DELL\.gradle\native\0.2.7\x86_64-windows-gnu\gradle-fileevents.dll
0x00007ff94bc30000 - 0x00007ff94bc39000 	C:\Program Files\Android\Android Studio\jbr\bin\management.dll
0x00007ff948190000 - 0x00007ff94819b000 	C:\Program Files\Android\Android Studio\jbr\bin\management_ext.dll
0x00007ff9c1a70000 - 0x00007ff9c1a78000 	C:\WINDOWS\System32\PSAPI.DLL
0x00007ff9be180000 - 0x00007ff9be1b2000 	C:\WINDOWS\SYSTEM32\IPHLPAPI.DLL
0x00007ff9c1870000 - 0x00007ff9c187a000 	C:\WINDOWS\System32\NSI.dll
0x00007ff9474b0000 - 0x00007ff9474b9000 	C:\Program Files\Android\Android Studio\jbr\bin\extnet.dll
0x00007ff9befe0000 - 0x00007ff9beffb000 	C:\WINDOWS\SYSTEM32\CRYPTSP.dll
0x00007ff9be6e0000 - 0x00007ff9be719000 	C:\WINDOWS\system32\rsaenh.dll
0x00007ff9beda0000 - 0x00007ff9bedd3000 	C:\WINDOWS\SYSTEM32\USERENV.dll
0x00007ff9bf8e0000 - 0x00007ff9bf90a000 	C:\WINDOWS\SYSTEM32\bcrypt.dll
0x00007ff9befd0000 - 0x00007ff9befdc000 	C:\WINDOWS\SYSTEM32\CRYPTBASE.dll
0x00007ff940350000 - 0x00007ff940358000 	C:\WINDOWS\system32\wshunix.dll
0x00007ff9be210000 - 0x00007ff9be342000 	C:\WINDOWS\SYSTEM32\DNSAPI.dll
0x00007ff9b3550000 - 0x00007ff9b355b000 	C:\Windows\System32\rasadhlp.dll
0x00007ff9b4100000 - 0x00007ff9b4186000 	C:\WINDOWS\System32\fwpuclnt.dll
0x00007ff93f6e0000 - 0x00007ff93f6f8000 	C:\WINDOWS\system32\napinsp.dll
0x00007ff93f730000 - 0x00007ff93f743000 	C:\WINDOWS\System32\winrnr.dll
0x00007ff93f700000 - 0x00007ff93f722000 	C:\WINDOWS\system32\nlansp_c.dll
0x00007ff991760000 - 0x00007ff991776000 	C:\WINDOWS\system32\wshbth.dll

JVMTI agents:
C:\Users\DELL\.gradle\wrapper\dists\gradle-8.14-all\c2qonpi39x1mddn7hk5gh9iqj\gradle-8.14\lib\agents\gradle-instrumentation-agent-8.14.jar path:C:\Program Files\Android\Android Studio\jbr\bin\instrument.dll, loaded, initialized, instrumentlib options:none

dbghelp: loaded successfully - version: 4.0.5 - missing functions: none
symbol engine: initialized successfully - sym options: 0x614 - pdb path: .;C:\Program Files\Android\Android Studio\jbr\bin;C:\WINDOWS\SYSTEM32;C:\WINDOWS\WinSxS\amd64_microsoft.windows.common-controls_6595b64144ccf1df_6.0.26100.8115_none_3e075c82e3354f9c;C:\Program Files\Android\Android Studio\jbr\bin\server;C:\Users\DELL\.gradle\native\1def1411415f61bf3af743bc5b6707747c0891f09f0c88961ee8f79bc544acac\windows-amd64;C:\Users\DELL\.gradle\native\0.2.7\x86_64-windows-gnu

VM Arguments:
jvm_args: --add-opens=java.base/java.lang=ALL-UNNAMED --add-opens=java.base/java.lang.invoke=ALL-UNNAMED --add-opens=java.base/java.util=ALL-UNNAMED --add-opens=java.prefs/java.util.prefs=ALL-UNNAMED --add-exports=jdk.compiler/com.sun.tools.javac.api=ALL-UNNAMED --add-exports=jdk.compiler/com.sun.tools.javac.util=ALL-UNNAMED --add-opens=java.base/java.util=ALL-UNNAMED --add-opens=java.prefs/java.util.prefs=ALL-UNNAMED --add-opens=java.base/java.nio.charset=ALL-UNNAMED --add-opens=java.base/java.net=ALL-UNNAMED --add-opens=java.base/java.util.concurrent.atomic=ALL-UNNAMED --add-opens=java.xml/javax.xml.namespace=ALL-UNNAMED -XX:MaxMetaspaceSize=4G -XX:ReservedCodeCacheSize=512m -XX:+HeapDumpOnOutOfMemoryError -Xmx8G -Dfile.encoding=UTF-8 -Duser.country=US -Duser.language=en -Duser.variant -javaagent:C:\Users\DELL\.gradle\wrapper\dists\gradle-8.14-all\c2qonpi39x1mddn7hk5gh9iqj\gradle-8.14\lib\agents\gradle-instrumentation-agent-8.14.jar 
java_command: org.gradle.launcher.daemon.bootstrap.GradleDaemon 8.14
java_class_path (initial): C:\Users\DELL\.gradle\wrapper\dists\gradle-8.14-all\c2qonpi39x1mddn7hk5gh9iqj\gradle-8.14\lib\gradle-daemon-main-8.14.jar
Launcher Type: SUN_STANDARD

[Global flags]
     intx CICompilerCount                          = 4                                         {product} {ergonomic}
     uint ConcGCThreads                            = 2                                         {product} {ergonomic}
     uint G1ConcRefinementThreads                  = 8                                         {product} {ergonomic}
   size_t G1HeapRegionSize                         = 4194304                                   {product} {ergonomic}
    uintx GCDrainStackTargetSize                   = 64                                        {product} {ergonomic}
     bool HeapDumpOnOutOfMemoryError               = true                                   {manageable} {command line}
   size_t InitialHeapSize                          = 268435456                                 {product} {ergonomic}
   size_t MarkStackSize                            = 4194304                                   {product} {ergonomic}
   size_t MaxHeapSize                              = 8589934592                                {product} {command line}
   size_t MaxMetaspaceSize                         = 4294967296                                {product} {command line}
   size_t MaxNewSize                               = 5150605312                                {product} {ergonomic}
   size_t MinHeapDeltaBytes                        = 4194304                                   {product} {ergonomic}
   size_t MinHeapSize                              = 8388608                                   {product} {ergonomic}
    uintx NonNMethodCodeHeapSize                   = 5839372                                {pd product} {ergonomic}
    uintx NonProfiledCodeHeapSize                  = 265515770                              {pd product} {ergonomic}
    uintx ProfiledCodeHeapSize                     = 265515770                              {pd product} {ergonomic}
    uintx ReservedCodeCacheSize                    = 536870912                              {pd product} {command line}
     bool SegmentedCodeCache                       = true                                      {product} {ergonomic}
   size_t SoftMaxHeapSize                          = 8589934592                             {manageable} {ergonomic}
     bool UseCompressedOops                        = true                           {product lp64_product} {ergonomic}
     bool UseG1GC                                  = true                                      {product} {ergonomic}
     bool UseLargePagesIndividualAllocation        = false                                  {pd product} {ergonomic}

Logging:
Log output configuration:
 #0: stdout all=warning uptime,level,tags foldmultilines=false
 #1: stderr all=off uptime,level,tags foldmultilines=false

Release file:
JAVA_VERSION="21.0.10" 
MODULES="java.base java.compiler java.datatransfer java.xml java.prefs java.desktop java.instrument java.logging java.management java.security.sasl java.naming java.rmi java.management.rmi java.net.http java.scripting java.security.jgss java.transaction.xa java.sql java.sql.rowset java.xml.crypto java.se java.smartcardio jdk.accessibility jdk.internal.jvmstat jdk.attach jdk.charsets jdk.internal.opt jdk.zipfs jdk.compiler jdk.crypto.ec jdk.crypto.cryptoki jdk.dynalink jdk.hotspot.agent jdk.httpserver jdk.internal.ed jdk.internal.le jdk.internal.vm.ci jdk.jartool jdk.javadoc jdk.jcmd jdk.jdeps jdk.jdwp.agent jdk.jdi jdk.jfr jdk.jlink jdk.jsobject jdk.localedata jdk.management jdk.management.agent jdk.management.jfr jdk.naming.dns jdk.naming.rmi jdk.net jdk.sctp jdk.security.auth jdk.security.jgss jdk.unsupported jdk.unsupported.desktop jdk.xml.dom" 
IMPLEMENTOR="JetBrains s.r.o." 
JAVA_RUNTIME_VERSION="21.0.10+-14961533-b1163.108" 
LIBC="default" 
OS_ARCH="x86_64" 
OS_NAME="Windows" 
SOURCE=".:git:1351622c2ff2" 

Environment Variables:
JAVA_HOME=C:\Program Files\Android\Android Studio\jbr
CLASSPATH=F:\Project\flutter_application_1\android\\gradle\wrapper\gradle-wrapper.jar
PATH=C:\Program Files\Android\Android Studio\jbr\bin;C:\Users\DELL\AppData\Local\Programs\Microsoft VS Code;C:\Program Files\Common Files\Oracle\Java\javapath;C:\WINDOWS\system32;C:\WINDOWS;C:\WINDOWS\System32\Wbem;C:\WINDOWS\System32\WindowsPowerShell\v1.0\;C:\WINDOWS\System32\OpenSSH\;C:\Program Files\Microsoft SQL Server\Client SDK\ODBC\110\Tools\Binn\;C:\Program Files (x86)\Microsoft SQL Server\120\Tools\Binn\;C:\Program Files\Microsoft SQL Server\120\Tools\Binn\;C:\Program Files\Microsoft SQL Server\120\DTS\Binn\;C:\Program Files (x86)\Microsoft SQL Server\120\Tools\Binn\ManagementStudio\;C:\Program Files (x86)\Microsoft SQL Server\120\DTS\Binn\;C:\Program Files\Microsoft SQL Server\150\Tools\Binn\;C:\Program Files\Microsoft SQL Server\Client SDK\ODBC\170\Tools\Binn\;C:\Program Files\Microsoft SQL Server\170\Tools\Binn\;F:\Program Files\nodejs\;C:\Program Files\dotnet\;C:\Users\DELL\AppData\Local\Microsoft\WindowsApps;C:\Users\DELL\AppData\Local\Programs\Microsoft VS Code\bin;C:\FYP\flutter\bin;C:\Users\DELL\AppData\Roaming\npm;C:\Users\DELL\.dotnet\tools;C:\FYP\flutter\bin\mingit\cmd;C:\FYP\flutter\bin\mingit\cmd
USERNAME=DELL
OS=Windows_NT
PROCESSOR_IDENTIFIER=Intel64 Family 6 Model 142 Stepping 10, GenuineIntel
TMP=C:\Users\DELL\AppData\Local\Temp
TEMP=C:\Users\DELL\AppData\Local\Temp




Periodic native trim disabled

JNI global refs:
JNI global refs: 31, weak refs: 15

JNI global refs memory usage: 835, weak refs: 833

Process memory usage:
Resident Set Size: 649200K (3% of 16652644K total physical memory with 3489960K free physical memory)

OOME stack traces (most recent first):
Classloader memory used:
Loader org.gradle.internal.classloader.VisitableURLClassLoader                         : 48107K
Loader org.gradle.internal.classloader.VisitableURLClassLoader$InstrumentingVisitableURLClassLoader: 40380K
Loader bootstrap                                                                       : 33915K
Loader org.gradle.initialization.MixInLegacyTypesClassLoader                           : 13050K
Loader jdk.internal.loader.ClassLoaders$PlatformClassLoader                            : 799K
Loader org.gradle.internal.classloader.VisitableURLClassLoader                         : 397K
Loader org.gradle.groovy.scripts.internal.DefaultScriptCompilationHandler$ScriptClassLoader: 341K
Loader jdk.internal.reflect.DelegatingClassLoader                                      : 248K
Loader jdk.internal.loader.ClassLoaders$AppClassLoader                                 : 238K
Loader org.codehaus.groovy.runtime.callsite.CallSiteClassLoader                        : 22296B


[error occurred during error reporting (Classloader stats), id 0xe0000001, Out of Memory Error (s\src\hotspot\share\memory\arena.cpp:168)]
---------------  S Y S T E M  ---------------

OS:
 Windows 11 , 64 bit Build 26100 (10.0.26100.8246)
OS uptime: 8 days 11:00 hours

CPU: total 8 (initial active 8) (4 cores per cpu, 2 threads per core) family 6 model 142 stepping 10 microcode 0xf0, cx8, cmov, fxsr, ht, mmx, 3dnowpref, sse, sse2, sse3, ssse3, sse4.1, sse4.2, popcnt, lzcnt, tsc, tscinvbit, avx, avx2, aes, erms, clmul, bmi1, bmi2, rtm, adx, fma, vzeroupper, clflush, clflushopt, rdtscp, f16c
Processor Information for the first 8 processors :
  Max Mhz: 2112, Current Mhz: 1910, Mhz Limit: 1900

Memory: 4k page, system-wide physical 16262M (3408M free)
TotalPageFile size 17959M (AvailPageFile size 1M)
current process WorkingSet (physical memory assigned to process): 634M, peak: 682M
current process commit charge ("private bytes"): 668M, peak: 716M

vm_info: OpenJDK 64-Bit Server VM (21.0.10+-14961533-b1163.108) for windows-amd64 JRE (21.0.10+-14961533-b1163.108), built on 2026-03-02T19:58:50Z by "builder" with MS VC++ 16.10 / 16.11 (VS2019)

END.
