#
# There is insufficient memory for the Java Runtime Environment to continue.
# Native memory allocation (malloc) failed to allocate 154496 bytes. Error detail: Chunk::new
# Possible reasons:
#   The system is out of physical RAM or swap space
#   This process is running with CompressedOops enabled, and the Java Heap may be blocking the growth of the native heap
# Possible solutions:
#   Reduce memory load on the system
#   Increase physical memory or swap space
#   Check if swap backing store is full
#   Decrease Java heap size (-Xmx/-Xms)
#   Decrease number of Java threads
#   Decrease Java thread stack sizes (-Xss)
#   Set larger code cache with -XX:ReservedCodeCacheSize=
#   JVM is running with Zero Based Compressed Oops mode in which the Java heap is
#     placed in the first 32GB address space. The Java Heap base address is the
#     maximum limit for the native heap growth. Please use -XX:HeapBaseMinAddress
#     to set the Java Heap base and to place the Java Heap above 32GB virtual address.
# This output file may be truncated or incomplete.
#
#  Out of Memory Error (arena.cpp:168), pid=26760, tid=1576
#
# JRE version: OpenJDK Runtime Environment (21.0.10) (build 21.0.10+-14961533-b1163.108)
# Java VM: OpenJDK 64-Bit Server VM (21.0.10+-14961533-b1163.108, mixed mode, tiered, compressed oops, compressed class ptrs, g1 gc, windows-amd64)
# No core dump will be written. Minidumps are not enabled by default on client versions of Windows
#

---------------  S U M M A R Y ------------

Command Line: -Dorg.gradle.appname=gradlew org.gradle.wrapper.GradleWrapperMain -q -Ptarget-platform=android-arm64 -Ptarget=F:\Project\flutter_application_1\lib\main.dart -Pbase-application-name=android.app.Application -Pdart-defines=RkxVVFRFUl9WRVJTSU9OPTMuMzguNw==,RkxVVFRFUl9DSEFOTkVMPXN0YWJsZQ==,RkxVVFRFUl9HSVRfVVJMPWh0dHBzOi8vZ2l0aHViLmNvbS9mbHV0dGVyL2ZsdXR0ZXIuZ2l0,RkxVVFRFUl9GUkFNRVdPUktfUkVWSVNJT049M2I2MmVmYzJhMw==,RkxVVFRFUl9FTkdJTkVfUkVWSVNJT049NzhmYzMwMTJlNA==,RkxVVFRFUl9EQVJUX1ZFUlNJT049My4xMC43 -Pdart-obfuscation=false -Ptrack-widget-creation=true -Ptree-shake-icons=false -Pfilesystem-scheme=org-dartlang-root assembleDebug

Host: Intel(R) Core(TM) i7-8650U CPU @ 1.90GHz, 8 cores, 15G,  Windows 11 , 64 bit Build 26100 (10.0.26100.8246)
Time: Fri May  1 15:45:26 2026 Pakistan Standard Time elapsed time: 1.860183 seconds (0d 0h 0m 1s)

---------------  T H R E A D  ---------------

Current thread (0x0000022bfb5a8a00):  JavaThread "C2 CompilerThread1" daemon [_thread_in_native, id=1576, stack(0x000000acfe000000,0x000000acfe100000) (1024K)]


Current CompileTask:
C2:1860 1291   !   4       java.util.concurrent.ConcurrentHashMap::putVal (432 bytes)

Stack: [0x000000acfe000000,0x000000acfe100000]
Native frames: (J=compiled Java code, j=interpreted, Vv=VM code, C=native code)
V  [jvm.dll+0x6d78a9]
V  [jvm.dll+0x8665b3]
V  [jvm.dll+0x868bde]
V  [jvm.dll+0x8692c3]
V  [jvm.dll+0x280ee6]
V  [jvm.dll+0xc07cd]
V  [jvm.dll+0xc0d03]
V  [jvm.dll+0x2f6170]
V  [jvm.dll+0x6003e9]
V  [jvm.dll+0x252ce2]
V  [jvm.dll+0x24b1a4]
V  [jvm.dll+0x24909e]
V  [jvm.dll+0x1c76e4]
V  [jvm.dll+0x25891e]
V  [jvm.dll+0x256e66]
V  [jvm.dll+0x3f513e]
V  [jvm.dll+0x80fd28]
V  [jvm.dll+0x6d60fd]
C  [ucrtbase.dll+0x37b0]
C  [KERNEL32.DLL+0x2e8d7]
C  [ntdll.dll+0x8c3fc]


---------------  P R O C E S S  ---------------

Threads class SMR info:
_java_thread_list=0x0000022bfb5a5df0, length=12, elements={
0x0000022bdaaa2540, 0x0000022bfb0740c0, 0x0000022bfb083550, 0x0000022bfb077b20,
0x0000022bfb0a6620, 0x0000022bfb0a7080, 0x0000022bfb0b0780, 0x0000022bfb09d2f0,
0x0000022bfb0b8110, 0x0000022bfb0ba290, 0x0000022bfb2619e0, 0x0000022bfb5a8a00
}

Java Threads: ( => current thread )
  0x0000022bdaaa2540 JavaThread "main"                              [_thread_in_vm, id=25952, stack(0x000000acfce00000,0x000000acfcf00000) (1024K)]
  0x0000022bfb0740c0 JavaThread "Common-Cleaner"             daemon [_thread_blocked, id=23204, stack(0x000000acfd600000,0x000000acfd700000) (1024K)]
  0x0000022bfb083550 JavaThread "Reference Handler"          daemon [_thread_blocked, id=28484, stack(0x000000acfd700000,0x000000acfd800000) (1024K)]
  0x0000022bfb077b20 JavaThread "Finalizer"                  daemon [_thread_blocked, id=4836, stack(0x000000acfd800000,0x000000acfd900000) (1024K)]
  0x0000022bfb0a6620 JavaThread "Signal Dispatcher"          daemon [_thread_blocked, id=26996, stack(0x000000acfd900000,0x000000acfda00000) (1024K)]
  0x0000022bfb0a7080 JavaThread "Attach Listener"            daemon [_thread_blocked, id=1516, stack(0x000000acfda00000,0x000000acfdb00000) (1024K)]
  0x0000022bfb0b0780 JavaThread "Service Thread"             daemon [_thread_blocked, id=23508, stack(0x000000acfdb00000,0x000000acfdc00000) (1024K)]
  0x0000022bfb09d2f0 JavaThread "Monitor Deflation Thread"   daemon [_thread_blocked, id=2632, stack(0x000000acfdc00000,0x000000acfdd00000) (1024K)]
  0x0000022bfb0b8110 JavaThread "C2 CompilerThread0"         daemon [_thread_in_native, id=7140, stack(0x000000acfdd00000,0x000000acfde00000) (1024K)]
  0x0000022bfb0ba290 JavaThread "C1 CompilerThread0"         daemon [_thread_blocked, id=22428, stack(0x000000acfde00000,0x000000acfdf00000) (1024K)]
  0x0000022bfb2619e0 JavaThread "Notification Thread"        daemon [_thread_blocked, id=10400, stack(0x000000acfdf00000,0x000000acfe000000) (1024K)]
=>0x0000022bfb5a8a00 JavaThread "C2 CompilerThread1"         daemon [_thread_in_native, id=1576, stack(0x000000acfe000000,0x000000acfe100000) (1024K)]
Total: 12

Other Threads:
  0x0000022bfb031080 VMThread "VM Thread"                           [id=5808, stack(0x000000acfd500000,0x000000acfd600000) (1024K)]
  0x0000022bf6cc3120 WatcherThread "VM Periodic Task Thread"        [id=27780, stack(0x000000acfd400000,0x000000acfd500000) (1024K)]
  0x0000022bdcef2d80 WorkerThread "GC Thread#0"                     [id=8172, stack(0x000000acfcf00000,0x000000acfd000000) (1024K)]
  0x0000022bfb88e510 WorkerThread "GC Thread#1"                     [id=15840, stack(0x000000acfe100000,0x000000acfe200000) (1024K)]
  0x0000022bfb88e8c0 WorkerThread "GC Thread#2"                     [id=27220, stack(0x000000acfe200000,0x000000acfe300000) (1024K)]
  0x0000022bfb8fd7f0 WorkerThread "GC Thread#3"                     [id=8808, stack(0x000000acfe300000,0x000000acfe400000) (1024K)]
  0x0000022bfb8fdba0 WorkerThread "GC Thread#4"                     [id=26540, stack(0x000000acfe400000,0x000000acfe500000) (1024K)]
  0x0000022bfb674de0 WorkerThread "GC Thread#5"                     [id=27396, stack(0x000000acfe500000,0x000000acfe600000) (1024K)]
  0x0000022bdcf048d0 ConcurrentGCThread "G1 Main Marker"            [id=27148, stack(0x000000acfd000000,0x000000acfd100000) (1024K)]
  0x0000022bdcf05a90 WorkerThread "G1 Conc#0"                       [id=23596, stack(0x000000acfd100000,0x000000acfd200000) (1024K)]
  0x0000022bf6b865a0 ConcurrentGCThread "G1 Refine#0"               [id=17980, stack(0x000000acfd200000,0x000000acfd300000) (1024K)]
  0x0000022bf6b87ee0 ConcurrentGCThread "G1 Service"                [id=24388, stack(0x000000acfd300000,0x000000acfd400000) (1024K)]
Total: 12

Threads with active compile tasks:
C2 CompilerThread0  1909 1294       4       java.io.WinNTFileSystem::normalize (224 bytes)
C2 CompilerThread1  1909 1291   !   4       java.util.concurrent.ConcurrentHashMap::putVal (432 bytes)
Total: 2

VM state: not at safepoint (normal execution)

VM Mutex/Monitor currently owned by a thread:  ([mutex/lock_event])
[0x00007ff8e4a964d0] Metaspace_lock - owner thread: 0x0000022bdaaa2540

Heap address: 0x0000000701e00000, size: 4066 MB, Compressed Oops mode: Zero based, Oop shift amount: 3

CDS archive(s) not mapped
Compressed class space mapped at: 0x0000000800000000-0x0000000840000000, reserved size: 1073741824
Narrow klass base: 0x0000000800000000, Narrow klass shift: 0, Narrow klass range: 0x40000000

GC Precious Log:
 CardTable entry size: 512
 Card Set container configuration: InlinePtr #cards 4 size 8 Array Of Cards #cards 16 size 48 Howl #buckets 8 coarsen threshold 3686 Howl Bitmap #cards 512 size 80 coarsen threshold 460 Card regions per heap region 1 cards per card region 4096
 CPUs: 8 total, 8 available
 Memory: 16262M
 Large Page Support: Disabled
 NUMA Support: Disabled
 Compressed Oops: Enabled (Zero based)
 Heap Region Size: 2M
 Heap Min Capacity: 8M
 Heap Initial Capacity: 256M
 Heap Max Capacity: 4066M
 Pre-touch: Disabled
 Parallel Workers: 8
 Concurrent Workers: 2
 Concurrent Refinement Workers: 8
 Periodic GC: Disabled

Heap:
 garbage-first heap   total 262144K, used 38404K [0x0000000701e00000, 0x0000000800000000)
  region size 2048K, 19 young (38912K), 1 survivors (2048K)
 Metaspace       used 12678K, committed 12800K, reserved 1114112K
  class space    used 1386K, committed 1472K, reserved 1048576K

Heap Regions: E=young(eden), S=young(survivor), O=old, HS=humongous(starts), HC=humongous(continues), CS=collection set, F=free, TAMS=top-at-mark-start, PB=parsable bottom
|   0|0x0000000701e00000, 0x0000000702000000, 0x0000000702000000|100%|HS|  |TAMS 0x0000000701e00000| PB 0x0000000701e00000| Complete 
|   1|0x0000000702000000, 0x0000000702200000, 0x0000000702200000|100%|HC|  |TAMS 0x0000000702000000| PB 0x0000000702000000| Complete 
|   2|0x0000000702200000, 0x0000000702200000, 0x0000000702400000|  0%| F|  |TAMS 0x0000000702200000| PB 0x0000000702200000| Untracked 
|   3|0x0000000702400000, 0x0000000702400000, 0x0000000702600000|  0%| F|  |TAMS 0x0000000702400000| PB 0x0000000702400000| Untracked 
|   4|0x0000000702600000, 0x0000000702600000, 0x0000000702800000|  0%| F|  |TAMS 0x0000000702600000| PB 0x0000000702600000| Untracked 
|   5|0x0000000702800000, 0x0000000702800000, 0x0000000702a00000|  0%| F|  |TAMS 0x0000000702800000| PB 0x0000000702800000| Untracked 
|   6|0x0000000702a00000, 0x0000000702a00000, 0x0000000702c00000|  0%| F|  |TAMS 0x0000000702a00000| PB 0x0000000702a00000| Untracked 
|   7|0x0000000702c00000, 0x0000000702c00000, 0x0000000702e00000|  0%| F|  |TAMS 0x0000000702c00000| PB 0x0000000702c00000| Untracked 
|   8|0x0000000702e00000, 0x0000000702e00000, 0x0000000703000000|  0%| F|  |TAMS 0x0000000702e00000| PB 0x0000000702e00000| Untracked 
|   9|0x0000000703000000, 0x0000000703000000, 0x0000000703200000|  0%| F|  |TAMS 0x0000000703000000| PB 0x0000000703000000| Untracked 
|  10|0x0000000703200000, 0x0000000703200000, 0x0000000703400000|  0%| F|  |TAMS 0x0000000703200000| PB 0x0000000703200000| Untracked 
|  11|0x0000000703400000, 0x0000000703400000, 0x0000000703600000|  0%| F|  |TAMS 0x0000000703400000| PB 0x0000000703400000| Untracked 
|  12|0x0000000703600000, 0x0000000703600000, 0x0000000703800000|  0%| F|  |TAMS 0x0000000703600000| PB 0x0000000703600000| Untracked 
|  13|0x0000000703800000, 0x0000000703800000, 0x0000000703a00000|  0%| F|  |TAMS 0x0000000703800000| PB 0x0000000703800000| Untracked 
|  14|0x0000000703a00000, 0x0000000703a00000, 0x0000000703c00000|  0%| F|  |TAMS 0x0000000703a00000| PB 0x0000000703a00000| Untracked 
|  15|0x0000000703c00000, 0x0000000703c00000, 0x0000000703e00000|  0%| F|  |TAMS 0x0000000703c00000| PB 0x0000000703c00000| Untracked 
|  16|0x0000000703e00000, 0x0000000703e00000, 0x0000000704000000|  0%| F|  |TAMS 0x0000000703e00000| PB 0x0000000703e00000| Untracked 
|  17|0x0000000704000000, 0x0000000704000000, 0x0000000704200000|  0%| F|  |TAMS 0x0000000704000000| PB 0x0000000704000000| Untracked 
|  18|0x0000000704200000, 0x0000000704200000, 0x0000000704400000|  0%| F|  |TAMS 0x0000000704200000| PB 0x0000000704200000| Untracked 
|  19|0x0000000704400000, 0x0000000704400000, 0x0000000704600000|  0%| F|  |TAMS 0x0000000704400000| PB 0x0000000704400000| Untracked 
|  20|0x0000000704600000, 0x0000000704600000, 0x0000000704800000|  0%| F|  |TAMS 0x0000000704600000| PB 0x0000000704600000| Untracked 
|  21|0x0000000704800000, 0x0000000704800000, 0x0000000704a00000|  0%| F|  |TAMS 0x0000000704800000| PB 0x0000000704800000| Untracked 
|  22|0x0000000704a00000, 0x0000000704a00000, 0x0000000704c00000|  0%| F|  |TAMS 0x0000000704a00000| PB 0x0000000704a00000| Untracked 
|  23|0x0000000704c00000, 0x0000000704c00000, 0x0000000704e00000|  0%| F|  |TAMS 0x0000000704c00000| PB 0x0000000704c00000| Untracked 
|  24|0x0000000704e00000, 0x0000000704e00000, 0x0000000705000000|  0%| F|  |TAMS 0x0000000704e00000| PB 0x0000000704e00000| Untracked 
|  25|0x0000000705000000, 0x0000000705000000, 0x0000000705200000|  0%| F|  |TAMS 0x0000000705000000| PB 0x0000000705000000| Untracked 
|  26|0x0000000705200000, 0x0000000705200000, 0x0000000705400000|  0%| F|  |TAMS 0x0000000705200000| PB 0x0000000705200000| Untracked 
|  27|0x0000000705400000, 0x0000000705400000, 0x0000000705600000|  0%| F|  |TAMS 0x0000000705400000| PB 0x0000000705400000| Untracked 
|  28|0x0000000705600000, 0x0000000705600000, 0x0000000705800000|  0%| F|  |TAMS 0x0000000705600000| PB 0x0000000705600000| Untracked 
|  29|0x0000000705800000, 0x0000000705800000, 0x0000000705a00000|  0%| F|  |TAMS 0x0000000705800000| PB 0x0000000705800000| Untracked 
|  30|0x0000000705a00000, 0x0000000705a00000, 0x0000000705c00000|  0%| F|  |TAMS 0x0000000705a00000| PB 0x0000000705a00000| Untracked 
|  31|0x0000000705c00000, 0x0000000705c00000, 0x0000000705e00000|  0%| F|  |TAMS 0x0000000705c00000| PB 0x0000000705c00000| Untracked 
|  32|0x0000000705e00000, 0x0000000705e00000, 0x0000000706000000|  0%| F|  |TAMS 0x0000000705e00000| PB 0x0000000705e00000| Untracked 
|  33|0x0000000706000000, 0x0000000706000000, 0x0000000706200000|  0%| F|  |TAMS 0x0000000706000000| PB 0x0000000706000000| Untracked 
|  34|0x0000000706200000, 0x0000000706200000, 0x0000000706400000|  0%| F|  |TAMS 0x0000000706200000| PB 0x0000000706200000| Untracked 
|  35|0x0000000706400000, 0x0000000706400000, 0x0000000706600000|  0%| F|  |TAMS 0x0000000706400000| PB 0x0000000706400000| Untracked 
|  36|0x0000000706600000, 0x0000000706600000, 0x0000000706800000|  0%| F|  |TAMS 0x0000000706600000| PB 0x0000000706600000| Untracked 
|  37|0x0000000706800000, 0x0000000706800000, 0x0000000706a00000|  0%| F|  |TAMS 0x0000000706800000| PB 0x0000000706800000| Untracked 
|  38|0x0000000706a00000, 0x0000000706a00000, 0x0000000706c00000|  0%| F|  |TAMS 0x0000000706a00000| PB 0x0000000706a00000| Untracked 
|  39|0x0000000706c00000, 0x0000000706c00000, 0x0000000706e00000|  0%| F|  |TAMS 0x0000000706c00000| PB 0x0000000706c00000| Untracked 
|  40|0x0000000706e00000, 0x0000000706e00000, 0x0000000707000000|  0%| F|  |TAMS 0x0000000706e00000| PB 0x0000000706e00000| Untracked 
|  41|0x0000000707000000, 0x0000000707000000, 0x0000000707200000|  0%| F|  |TAMS 0x0000000707000000| PB 0x0000000707000000| Untracked 
|  42|0x0000000707200000, 0x0000000707200000, 0x0000000707400000|  0%| F|  |TAMS 0x0000000707200000| PB 0x0000000707200000| Untracked 
|  43|0x0000000707400000, 0x0000000707400000, 0x0000000707600000|  0%| F|  |TAMS 0x0000000707400000| PB 0x0000000707400000| Untracked 
|  44|0x0000000707600000, 0x0000000707600000, 0x0000000707800000|  0%| F|  |TAMS 0x0000000707600000| PB 0x0000000707600000| Untracked 
|  45|0x0000000707800000, 0x0000000707800000, 0x0000000707a00000|  0%| F|  |TAMS 0x0000000707800000| PB 0x0000000707800000| Untracked 
|  46|0x0000000707a00000, 0x0000000707a00000, 0x0000000707c00000|  0%| F|  |TAMS 0x0000000707a00000| PB 0x0000000707a00000| Untracked 
|  47|0x0000000707c00000, 0x0000000707c00000, 0x0000000707e00000|  0%| F|  |TAMS 0x0000000707c00000| PB 0x0000000707c00000| Untracked 
|  48|0x0000000707e00000, 0x0000000707e00000, 0x0000000708000000|  0%| F|  |TAMS 0x0000000707e00000| PB 0x0000000707e00000| Untracked 
|  49|0x0000000708000000, 0x0000000708000000, 0x0000000708200000|  0%| F|  |TAMS 0x0000000708000000| PB 0x0000000708000000| Untracked 
|  50|0x0000000708200000, 0x0000000708200000, 0x0000000708400000|  0%| F|  |TAMS 0x0000000708200000| PB 0x0000000708200000| Untracked 
|  51|0x0000000708400000, 0x0000000708400000, 0x0000000708600000|  0%| F|  |TAMS 0x0000000708400000| PB 0x0000000708400000| Untracked 
|  52|0x0000000708600000, 0x0000000708600000, 0x0000000708800000|  0%| F|  |TAMS 0x0000000708600000| PB 0x0000000708600000| Untracked 
|  53|0x0000000708800000, 0x0000000708800000, 0x0000000708a00000|  0%| F|  |TAMS 0x0000000708800000| PB 0x0000000708800000| Untracked 
|  54|0x0000000708a00000, 0x0000000708a00000, 0x0000000708c00000|  0%| F|  |TAMS 0x0000000708a00000| PB 0x0000000708a00000| Untracked 
|  55|0x0000000708c00000, 0x0000000708c00000, 0x0000000708e00000|  0%| F|  |TAMS 0x0000000708c00000| PB 0x0000000708c00000| Untracked 
|  56|0x0000000708e00000, 0x0000000708e00000, 0x0000000709000000|  0%| F|  |TAMS 0x0000000708e00000| PB 0x0000000708e00000| Untracked 
|  57|0x0000000709000000, 0x0000000709000000, 0x0000000709200000|  0%| F|  |TAMS 0x0000000709000000| PB 0x0000000709000000| Untracked 
|  58|0x0000000709200000, 0x0000000709200000, 0x0000000709400000|  0%| F|  |TAMS 0x0000000709200000| PB 0x0000000709200000| Untracked 
|  59|0x0000000709400000, 0x0000000709400000, 0x0000000709600000|  0%| F|  |TAMS 0x0000000709400000| PB 0x0000000709400000| Untracked 
|  60|0x0000000709600000, 0x0000000709600000, 0x0000000709800000|  0%| F|  |TAMS 0x0000000709600000| PB 0x0000000709600000| Untracked 
|  61|0x0000000709800000, 0x0000000709800000, 0x0000000709a00000|  0%| F|  |TAMS 0x0000000709800000| PB 0x0000000709800000| Untracked 
|  62|0x0000000709a00000, 0x0000000709a00000, 0x0000000709c00000|  0%| F|  |TAMS 0x0000000709a00000| PB 0x0000000709a00000| Untracked 
|  63|0x0000000709c00000, 0x0000000709c00000, 0x0000000709e00000|  0%| F|  |TAMS 0x0000000709c00000| PB 0x0000000709c00000| Untracked 
|  64|0x0000000709e00000, 0x0000000709e00000, 0x000000070a000000|  0%| F|  |TAMS 0x0000000709e00000| PB 0x0000000709e00000| Untracked 
|  65|0x000000070a000000, 0x000000070a000000, 0x000000070a200000|  0%| F|  |TAMS 0x000000070a000000| PB 0x000000070a000000| Untracked 
|  66|0x000000070a200000, 0x000000070a200000, 0x000000070a400000|  0%| F|  |TAMS 0x000000070a200000| PB 0x000000070a200000| Untracked 
|  67|0x000000070a400000, 0x000000070a400000, 0x000000070a600000|  0%| F|  |TAMS 0x000000070a400000| PB 0x000000070a400000| Untracked 
|  68|0x000000070a600000, 0x000000070a600000, 0x000000070a800000|  0%| F|  |TAMS 0x000000070a600000| PB 0x000000070a600000| Untracked 
|  69|0x000000070a800000, 0x000000070a800000, 0x000000070aa00000|  0%| F|  |TAMS 0x000000070a800000| PB 0x000000070a800000| Untracked 
|  70|0x000000070aa00000, 0x000000070aa00000, 0x000000070ac00000|  0%| F|  |TAMS 0x000000070aa00000| PB 0x000000070aa00000| Untracked 
|  71|0x000000070ac00000, 0x000000070ac00000, 0x000000070ae00000|  0%| F|  |TAMS 0x000000070ac00000| PB 0x000000070ac00000| Untracked 
|  72|0x000000070ae00000, 0x000000070ae00000, 0x000000070b000000|  0%| F|  |TAMS 0x000000070ae00000| PB 0x000000070ae00000| Untracked 
|  73|0x000000070b000000, 0x000000070b000000, 0x000000070b200000|  0%| F|  |TAMS 0x000000070b000000| PB 0x000000070b000000| Untracked 
|  74|0x000000070b200000, 0x000000070b200000, 0x000000070b400000|  0%| F|  |TAMS 0x000000070b200000| PB 0x000000070b200000| Untracked 
|  75|0x000000070b400000, 0x000000070b400000, 0x000000070b600000|  0%| F|  |TAMS 0x000000070b400000| PB 0x000000070b400000| Untracked 
|  76|0x000000070b600000, 0x000000070b600000, 0x000000070b800000|  0%| F|  |TAMS 0x000000070b600000| PB 0x000000070b600000| Untracked 
|  77|0x000000070b800000, 0x000000070b800000, 0x000000070ba00000|  0%| F|  |TAMS 0x000000070b800000| PB 0x000000070b800000| Untracked 
|  78|0x000000070ba00000, 0x000000070ba00000, 0x000000070bc00000|  0%| F|  |TAMS 0x000000070ba00000| PB 0x000000070ba00000| Untracked 
|  79|0x000000070bc00000, 0x000000070bc00000, 0x000000070be00000|  0%| F|  |TAMS 0x000000070bc00000| PB 0x000000070bc00000| Untracked 
|  80|0x000000070be00000, 0x000000070be00000, 0x000000070c000000|  0%| F|  |TAMS 0x000000070be00000| PB 0x000000070be00000| Untracked 
|  81|0x000000070c000000, 0x000000070c000000, 0x000000070c200000|  0%| F|  |TAMS 0x000000070c000000| PB 0x000000070c000000| Untracked 
|  82|0x000000070c200000, 0x000000070c200000, 0x000000070c400000|  0%| F|  |TAMS 0x000000070c200000| PB 0x000000070c200000| Untracked 
|  83|0x000000070c400000, 0x000000070c400000, 0x000000070c600000|  0%| F|  |TAMS 0x000000070c400000| PB 0x000000070c400000| Untracked 
|  84|0x000000070c600000, 0x000000070c600000, 0x000000070c800000|  0%| F|  |TAMS 0x000000070c600000| PB 0x000000070c600000| Untracked 
|  85|0x000000070c800000, 0x000000070c800000, 0x000000070ca00000|  0%| F|  |TAMS 0x000000070c800000| PB 0x000000070c800000| Untracked 
|  86|0x000000070ca00000, 0x000000070ca00000, 0x000000070cc00000|  0%| F|  |TAMS 0x000000070ca00000| PB 0x000000070ca00000| Untracked 
|  87|0x000000070cc00000, 0x000000070cc00000, 0x000000070ce00000|  0%| F|  |TAMS 0x000000070cc00000| PB 0x000000070cc00000| Untracked 
|  88|0x000000070ce00000, 0x000000070ce00000, 0x000000070d000000|  0%| F|  |TAMS 0x000000070ce00000| PB 0x000000070ce00000| Untracked 
|  89|0x000000070d000000, 0x000000070d000000, 0x000000070d200000|  0%| F|  |TAMS 0x000000070d000000| PB 0x000000070d000000| Untracked 
|  90|0x000000070d200000, 0x000000070d200000, 0x000000070d400000|  0%| F|  |TAMS 0x000000070d200000| PB 0x000000070d200000| Untracked 
|  91|0x000000070d400000, 0x000000070d400000, 0x000000070d600000|  0%| F|  |TAMS 0x000000070d400000| PB 0x000000070d400000| Untracked 
|  92|0x000000070d600000, 0x000000070d600000, 0x000000070d800000|  0%| F|  |TAMS 0x000000070d600000| PB 0x000000070d600000| Untracked 
|  93|0x000000070d800000, 0x000000070d800000, 0x000000070da00000|  0%| F|  |TAMS 0x000000070d800000| PB 0x000000070d800000| Untracked 
|  94|0x000000070da00000, 0x000000070da00000, 0x000000070dc00000|  0%| F|  |TAMS 0x000000070da00000| PB 0x000000070da00000| Untracked 
|  95|0x000000070dc00000, 0x000000070dc00000, 0x000000070de00000|  0%| F|  |TAMS 0x000000070dc00000| PB 0x000000070dc00000| Untracked 
|  96|0x000000070de00000, 0x000000070de00000, 0x000000070e000000|  0%| F|  |TAMS 0x000000070de00000| PB 0x000000070de00000| Untracked 
|  97|0x000000070e000000, 0x000000070e000000, 0x000000070e200000|  0%| F|  |TAMS 0x000000070e000000| PB 0x000000070e000000| Untracked 
|  98|0x000000070e200000, 0x000000070e200000, 0x000000070e400000|  0%| F|  |TAMS 0x000000070e200000| PB 0x000000070e200000| Untracked 
|  99|0x000000070e400000, 0x000000070e400000, 0x000000070e600000|  0%| F|  |TAMS 0x000000070e400000| PB 0x000000070e400000| Untracked 
| 100|0x000000070e600000, 0x000000070e600000, 0x000000070e800000|  0%| F|  |TAMS 0x000000070e600000| PB 0x000000070e600000| Untracked 
| 101|0x000000070e800000, 0x000000070e800000, 0x000000070ea00000|  0%| F|  |TAMS 0x000000070e800000| PB 0x000000070e800000| Untracked 
| 102|0x000000070ea00000, 0x000000070ea00000, 0x000000070ec00000|  0%| F|  |TAMS 0x000000070ea00000| PB 0x000000070ea00000| Untracked 
| 103|0x000000070ec00000, 0x000000070ec00000, 0x000000070ee00000|  0%| F|  |TAMS 0x000000070ec00000| PB 0x000000070ec00000| Untracked 
| 104|0x000000070ee00000, 0x000000070ee00000, 0x000000070f000000|  0%| F|  |TAMS 0x000000070ee00000| PB 0x000000070ee00000| Untracked 
| 105|0x000000070f000000, 0x000000070f000000, 0x000000070f200000|  0%| F|  |TAMS 0x000000070f000000| PB 0x000000070f000000| Untracked 
| 106|0x000000070f200000, 0x000000070f200000, 0x000000070f400000|  0%| F|  |TAMS 0x000000070f200000| PB 0x000000070f200000| Untracked 
| 107|0x000000070f400000, 0x000000070f400000, 0x000000070f600000|  0%| F|  |TAMS 0x000000070f400000| PB 0x000000070f400000| Untracked 
| 108|0x000000070f600000, 0x000000070f600000, 0x000000070f800000|  0%| F|  |TAMS 0x000000070f600000| PB 0x000000070f600000| Untracked 
| 109|0x000000070f800000, 0x000000070f929e80, 0x000000070fa00000| 58%| E|  |TAMS 0x000000070f800000| PB 0x000000070f800000| Complete 
| 110|0x000000070fa00000, 0x000000070fc00000, 0x000000070fc00000|100%| E|CS|TAMS 0x000000070fa00000| PB 0x000000070fa00000| Complete 
| 111|0x000000070fc00000, 0x000000070fe00000, 0x000000070fe00000|100%| E|CS|TAMS 0x000000070fc00000| PB 0x000000070fc00000| Complete 
| 112|0x000000070fe00000, 0x0000000710000000, 0x0000000710000000|100%| E|CS|TAMS 0x000000070fe00000| PB 0x000000070fe00000| Complete 
| 113|0x0000000710000000, 0x0000000710200000, 0x0000000710200000|100%| E|CS|TAMS 0x0000000710000000| PB 0x0000000710000000| Complete 
| 114|0x0000000710200000, 0x0000000710400000, 0x0000000710400000|100%| E|CS|TAMS 0x0000000710200000| PB 0x0000000710200000| Complete 
| 115|0x0000000710400000, 0x0000000710600000, 0x0000000710600000|100%| E|CS|TAMS 0x0000000710400000| PB 0x0000000710400000| Complete 
| 116|0x0000000710600000, 0x0000000710781228, 0x0000000710800000| 75%| S|CS|TAMS 0x0000000710600000| PB 0x0000000710600000| Complete 
| 117|0x0000000710800000, 0x0000000710a00000, 0x0000000710a00000|100%| E|  |TAMS 0x0000000710800000| PB 0x0000000710800000| Complete 
| 118|0x0000000710a00000, 0x0000000710c00000, 0x0000000710c00000|100%| E|CS|TAMS 0x0000000710a00000| PB 0x0000000710a00000| Complete 
| 119|0x0000000710c00000, 0x0000000710e00000, 0x0000000710e00000|100%| E|CS|TAMS 0x0000000710c00000| PB 0x0000000710c00000| Complete 
| 120|0x0000000710e00000, 0x0000000711000000, 0x0000000711000000|100%| E|CS|TAMS 0x0000000710e00000| PB 0x0000000710e00000| Complete 
| 121|0x0000000711000000, 0x0000000711200000, 0x0000000711200000|100%| E|CS|TAMS 0x0000000711000000| PB 0x0000000711000000| Complete 
| 122|0x0000000711200000, 0x0000000711400000, 0x0000000711400000|100%| E|CS|TAMS 0x0000000711200000| PB 0x0000000711200000| Complete 
| 123|0x0000000711400000, 0x0000000711600000, 0x0000000711600000|100%| E|CS|TAMS 0x0000000711400000| PB 0x0000000711400000| Complete 
| 124|0x0000000711600000, 0x0000000711800000, 0x0000000711800000|100%| E|CS|TAMS 0x0000000711600000| PB 0x0000000711600000| Complete 
| 125|0x0000000711800000, 0x0000000711a00000, 0x0000000711a00000|100%| E|CS|TAMS 0x0000000711800000| PB 0x0000000711800000| Complete 
| 126|0x0000000711a00000, 0x0000000711c00000, 0x0000000711c00000|100%| E|CS|TAMS 0x0000000711a00000| PB 0x0000000711a00000| Complete 
| 127|0x0000000711c00000, 0x0000000711e00000, 0x0000000711e00000|100%| E|CS|TAMS 0x0000000711c00000| PB 0x0000000711c00000| Complete 

Card table byte_map: [0x0000022befb20000,0x0000022bf0320000] _byte_map_base: 0x0000022bec311000

Marking Bits: (CMBitMap*) 0x0000022bdcef33a0
 Bits: [0x0000022bf0320000, 0x0000022bf42a8000)

Polling page: 0x0000022bdad20000

Metaspace:

Usage:
  Non-class:     11.03 MB used.
      Class:      1.35 MB used.
       Both:     12.38 MB used.

Virtual space:
  Non-class space:       64.00 MB reserved,      11.06 MB ( 17%) committed,  1 nodes.
      Class space:        1.00 GB reserved,       1.44 MB ( <1%) committed,  1 nodes.
             Both:        1.06 GB reserved,      12.50 MB (  1%) committed. 

Chunk freelists:
   Non-Class:  3.98 MB
       Class:  14.45 MB
        Both:  18.44 MB

MaxMetaspaceSize: unlimited
CompressedClassSpaceSize: 1.00 GB
Initial GC threshold: 21.00 MB
Current GC threshold: 21.00 MB
CDS: off
 - commit_granule_bytes: 65536.
 - commit_granule_words: 8192.
 - virtual_space_node_default_size: 8388608.
 - enlarge_chunks_in_place: 1.
 - use_allocation_guard: 0.


Internal statistics:

num_allocs_failed_limit: 0.
num_arena_births: 56.
num_arena_deaths: 0.
num_vsnodes_births: 2.
num_vsnodes_deaths: 0.
num_space_committed: 200.
num_space_uncommitted: 0.
num_chunks_returned_to_freelist: 0.
num_chunks_taken_from_freelist: 195.
num_chunk_merges: 0.
num_chunk_splits: 117.
num_chunks_enlarged: 89.
num_inconsistent_stats: 0.

CodeHeap 'non-profiled nmethods': size=120000Kb used=661Kb max_used=661Kb free=119338Kb
 bounds [0x0000022be7ac0000, 0x0000022be7d30000, 0x0000022beeff0000]
CodeHeap 'profiled nmethods': size=120000Kb used=2484Kb max_used=2484Kb free=117515Kb
 bounds [0x0000022bdfff0000, 0x0000022be0260000, 0x0000022be7520000]
CodeHeap 'non-nmethods': size=5760Kb used=1250Kb max_used=1293Kb free=4509Kb
 bounds [0x0000022be7520000, 0x0000022be7790000, 0x0000022be7ac0000]
CodeCache: size=245760Kb, used=4395Kb, max_used=4438Kb, free=241362Kb
 total_blobs=1756, nmethods=1320, adapters=341, full_count=0
Compilation: enabled, stopped_count=0, restarted_count=0

Compilation events (20 events):
Event: 1.837 Thread 0x0000022bfb0ba290 1279       3       java.security.SecureClassLoader$CodeSourceKey::<init> (10 bytes)
Event: 1.837 Thread 0x0000022bfb0ba290 nmethod 1279 0x0000022be024ea90 code [0x0000022be024ec40, 0x0000022be024ee68]
Event: 1.837 Thread 0x0000022bfb0ba290 1280       3       java.security.SecureClassLoader$1::<init> (10 bytes)
Event: 1.838 Thread 0x0000022bfb0ba290 nmethod 1280 0x0000022be024ef90 code [0x0000022be024f140, 0x0000022be024f310]
Event: 1.838 Thread 0x0000022bfb0ba290 1281       3       java.security.SecureClassLoader$CodeSourceKey::hashCode (21 bytes)
Event: 1.838 Thread 0x0000022bfb0ba290 nmethod 1281 0x0000022be024f410 code [0x0000022be024f5c0, 0x0000022be024f798]
Event: 1.838 Thread 0x0000022bfb0ba290 1282       3       java.lang.ClassLoader::preDefineClass (118 bytes)
Event: 1.840 Thread 0x0000022bfb0ba290 nmethod 1282 0x0000022be024f890 code [0x0000022be024fc00, 0x0000022be0250db8]
Event: 1.840 Thread 0x0000022bfb0ba290 1283       3       java.lang.ClassLoader::checkCerts (121 bytes)
Event: 1.842 Thread 0x0000022bfb0ba290 nmethod 1283 0x0000022be0251510 code [0x0000022be0251820, 0x0000022be02525d0]
Event: 1.842 Thread 0x0000022bfb0ba290 1284       3       java.lang.ClassLoader::defineClassSourceLocation (28 bytes)
Event: 1.842 Thread 0x0000022bfb0ba290 nmethod 1284 0x0000022be0252b90 code [0x0000022be0252d60, 0x0000022be02530e0]
Event: 1.846 Thread 0x0000022bfb0ba290 1288       1       sun.nio.fs.WindowsNativeDispatcher$FirstFile::handle (5 bytes)
Event: 1.846 Thread 0x0000022bfb0ba290 nmethod 1288 0x0000022be7b61490 code [0x0000022be7b61620, 0x0000022be7b616e8]
Event: 1.846 Thread 0x0000022bfb0ba290 1290       1       sun.nio.fs.WindowsNativeDispatcher$FirstFile::name (5 bytes)
Event: 1.846 Thread 0x0000022bfb0ba290 nmethod 1290 0x0000022be7b61790 code [0x0000022be7b61920, 0x0000022be7b619f0]
Event: 1.848 Thread 0x0000022bfb5a8a00 nmethod 1274 0x0000022be7b61a90 code [0x0000022be7b61c80, 0x0000022be7b62528]
Event: 1.854 Thread 0x0000022bfb5a8a00 1291   !   4       java.util.concurrent.ConcurrentHashMap::putVal (432 bytes)
Event: 1.855 Thread 0x0000022bfb0b8110 1292       4       jdk.internal.util.Preconditions::checkFromIndexSize (25 bytes)
Event: 1.856 Thread 0x0000022bfb0b8110 nmethod 1292 0x0000022be7b62990 code [0x0000022be7b62b20, 0x0000022be7b62bf0]

GC Heap History (2 events):
Event: 0.793 GC heap before
{Heap before GC invocations=0 (full 0):
 garbage-first heap   total 262144K, used 22528K [0x0000000701e00000, 0x0000000800000000)
  region size 2048K, 11 young (22528K), 0 survivors (0K)
 Metaspace       used 8795K, committed 8960K, reserved 1114112K
  class space    used 811K, committed 896K, reserved 1048576K
}
Event: 0.797 GC heap after
{Heap after GC invocations=1 (full 0):
 garbage-first heap   total 262144K, used 1540K [0x0000000701e00000, 0x0000000800000000)
  region size 2048K, 1 young (2048K), 1 survivors (2048K)
 Metaspace       used 8795K, committed 8960K, reserved 1114112K
  class space    used 811K, committed 896K, reserved 1048576K
}

Dll operation events (3 events):
Event: 0.012 Loaded shared library C:\Program Files\Android\Android Studio\jbr\bin\java.dll
Event: 0.021 Loaded shared library C:\Program Files\Android\Android Studio\jbr\bin\zip.dll
Event: 0.213 Loaded shared library C:\Program Files\Android\Android Studio\jbr\bin\verify.dll

Deoptimization events (20 events):
Event: 1.787 Thread 0x0000022bdaaa2540 Uncommon trap: trap_request=0xffffff45 fr.pc=0x0000022be7b167d4 relative=0x00000000000000b4
Event: 1.787 Thread 0x0000022bdaaa2540 Uncommon trap: reason=unstable_if action=reinterpret pc=0x0000022be7b167d4 method=java.util.HashMap.hash(Ljava/lang/Object;)I @ 1 c2
Event: 1.787 Thread 0x0000022bdaaa2540 DEOPT PACKING pc=0x0000022be7b167d4 sp=0x000000acfcefe380
Event: 1.787 Thread 0x0000022bdaaa2540 DEOPT UNPACKING pc=0x0000022be7574422 sp=0x000000acfcefe318 mode 2
Event: 1.803 Thread 0x0000022bdaaa2540 Uncommon trap: trap_request=0xffffff45 fr.pc=0x0000022be7b2fd64 relative=0x0000000000000144
Event: 1.803 Thread 0x0000022bdaaa2540 Uncommon trap: reason=unstable_if action=reinterpret pc=0x0000022be7b2fd64 method=java.lang.ThreadLocal$ThreadLocalMap.getEntry(Ljava/lang/ThreadLocal;)Ljava/lang/ThreadLocal$ThreadLocalMap$Entry; @ 21 c2
Event: 1.803 Thread 0x0000022bdaaa2540 DEOPT PACKING pc=0x0000022be7b2fd64 sp=0x000000acfcefe3a0
Event: 1.803 Thread 0x0000022bdaaa2540 DEOPT UNPACKING pc=0x0000022be7574422 sp=0x000000acfcefe258 mode 2
Event: 1.803 Thread 0x0000022bdaaa2540 Uncommon trap: trap_request=0xffffff45 fr.pc=0x0000022be7af646c relative=0x000000000000014c
Event: 1.803 Thread 0x0000022bdaaa2540 Uncommon trap: reason=unstable_if action=reinterpret pc=0x0000022be7af646c method=java.lang.ThreadLocal$ThreadLocalMap.getEntry(Ljava/lang/ThreadLocal;)Ljava/lang/ThreadLocal$ThreadLocalMap$Entry; @ 21 c2
Event: 1.803 Thread 0x0000022bdaaa2540 DEOPT PACKING pc=0x0000022be7af646c sp=0x000000acfcefe330
Event: 1.803 Thread 0x0000022bdaaa2540 DEOPT UNPACKING pc=0x0000022be7574422 sp=0x000000acfcefe250 mode 2
Event: 1.811 Thread 0x0000022bdaaa2540 Uncommon trap: trap_request=0xffffff45 fr.pc=0x0000022be7b11e68 relative=0x0000000000000488
Event: 1.811 Thread 0x0000022bdaaa2540 Uncommon trap: reason=unstable_if action=reinterpret pc=0x0000022be7b11e68 method=java.util.Properties.loadConvert([CIILjava/lang/StringBuilder;)Ljava/lang/String; @ 26 c2
Event: 1.811 Thread 0x0000022bdaaa2540 DEOPT PACKING pc=0x0000022be7b11e68 sp=0x000000acfcefc720
Event: 1.811 Thread 0x0000022bdaaa2540 DEOPT UNPACKING pc=0x0000022be7574422 sp=0x000000acfcefc6e0 mode 2
Event: 1.811 Thread 0x0000022bdaaa2540 Uncommon trap: trap_request=0xffffff45 fr.pc=0x0000022be7b5bbac relative=0x000000000000058c
Event: 1.811 Thread 0x0000022bdaaa2540 Uncommon trap: reason=unstable_if action=reinterpret pc=0x0000022be7b5bbac method=java.util.regex.Matcher.match(II)Z @ 76 c2
Event: 1.811 Thread 0x0000022bdaaa2540 DEOPT PACKING pc=0x0000022be7b5bbac sp=0x000000acfcefc7a0
Event: 1.811 Thread 0x0000022bdaaa2540 DEOPT UNPACKING pc=0x0000022be7574422 sp=0x000000acfcefc758 mode 2

Classes loaded (20 events):
Event: 1.809 Loading class java/util/regex/Pattern$Prolog
Event: 1.809 Loading class java/util/regex/Pattern$Prolog done
Event: 1.810 Loading class java/net/URLClassLoader$2
Event: 1.810 Loading class java/net/URLClassLoader$2 done
Event: 1.822 Loading class java/net/UnknownHostException
Event: 1.823 Loading class java/net/UnknownHostException done
Event: 1.841 Loading class java/lang/UnsatisfiedLinkError
Event: 1.841 Loading class java/lang/UnsatisfiedLinkError done
Event: 1.843 Loading class java/util/RegularEnumSet$EnumSetIterator
Event: 1.843 Loading class java/util/RegularEnumSet$EnumSetIterator done
Event: 1.844 Loading class java/nio/file/FileAlreadyExistsException
Event: 1.844 Loading class java/nio/file/FileAlreadyExistsException done
Event: 1.844 Loading class java/nio/file/AccessDeniedException
Event: 1.844 Loading class java/nio/file/AccessDeniedException done
Event: 1.844 Loading class java/nio/channels/spi/AbstractInterruptibleChannel$1
Event: 1.845 Loading class sun/nio/ch/Interruptible
Event: 1.845 Loading class sun/nio/ch/Interruptible done
Event: 1.845 Loading class java/nio/channels/spi/AbstractInterruptibleChannel$1 done
Event: 1.851 Loading class jdk/internal/loader/NativeLibraries$Unloader
Event: 1.851 Loading class jdk/internal/loader/NativeLibraries$Unloader done

Classes unloaded (0 events):
No events

Classes redefined (0 events):
No events

Internal exceptions (17 events):
Event: 0.286 Thread 0x0000022bdaaa2540 Exception <a 'sun/nio/fs/WindowsException'{0x0000000711aa0228}> (0x0000000711aa0228) 
thrown [s\src\hotspot\share\prims\jni.cpp, line 537]
Event: 0.422 Thread 0x0000022bdaaa2540 Exception <a 'java/lang/NoSuchMethodError'{0x0000000711bbf008}: 'void java.lang.invoke.DirectMethodHandle$Holder.invokeSpecial(java.lang.Object, java.lang.Object, java.lang.Object)'> (0x0000000711bbf008) 
thrown [s\src\hotspot\share\interpreter\linkResolver.cpp, line 784]
Event: 0.544 Thread 0x0000022bdaaa2540 Exception <a 'java/lang/NoSuchMethodError'{0x0000000711629680}: 'int java.lang.invoke.DirectMethodHandle$Holder.invokeSpecial(java.lang.Object, java.lang.Object, java.lang.Object, java.lang.Object)'> (0x0000000711629680) 
thrown [s\src\hotspot\share\interpreter\linkResolver.cpp, line 784]
Event: 1.467 Thread 0x0000022bdaaa2540 Exception <a 'java/lang/NoSuchMethodError'{0x000000071013cbd0}: 'java.lang.Object java.lang.invoke.DirectMethodHandle$Holder.invokeVirtual(java.lang.Object, java.lang.Object, java.lang.Object)'> (0x000000071013cbd0) 
thrown [s\src\hotspot\share\interpreter\linkResolver.cpp, line 784]
Event: 1.729 Thread 0x0000022bdaaa2540 Exception <a 'sun/nio/fs/WindowsException'{0x000000070fa385c8}> (0x000000070fa385c8) 
thrown [s\src\hotspot\share\prims\jni.cpp, line 537]
Event: 1.787 Thread 0x0000022bdaaa2540 Implicit null exception at 0x0000022be7b56c42 to 0x0000022be7b572ec
Event: 1.787 Thread 0x0000022bdaaa2540 Implicit null exception at 0x0000022be7b16740 to 0x0000022be7b167c5
Event: 1.787 Thread 0x0000022bdaaa2540 Exception <a 'sun/nio/fs/WindowsException'{0x000000070faa9170}> (0x000000070faa9170) 
thrown [s\src\hotspot\share\prims\jni.cpp, line 537]
Event: 1.788 Thread 0x0000022bdaaa2540 Exception <a 'sun/nio/fs/WindowsException'{0x000000070faae198}> (0x000000070faae198) 
thrown [s\src\hotspot\share\prims\jni.cpp, line 537]
Event: 1.791 Thread 0x0000022bdaaa2540 Exception <a 'sun/nio/fs/WindowsException'{0x000000070fabfb80}> (0x000000070fabfb80) 
thrown [s\src\hotspot\share\prims\jni.cpp, line 537]
Event: 1.792 Thread 0x0000022bdaaa2540 Exception <a 'sun/nio/fs/WindowsException'{0x000000070fac1800}> (0x000000070fac1800) 
thrown [s\src\hotspot\share\prims\jni.cpp, line 537]
Event: 1.793 Thread 0x0000022bdaaa2540 Exception <a 'sun/nio/fs/WindowsException'{0x000000070fac39a8}> (0x000000070fac39a8) 
thrown [s\src\hotspot\share\prims\jni.cpp, line 537]
Event: 1.796 Thread 0x0000022bdaaa2540 Exception <a 'java/lang/NoSuchMethodError'{0x000000070fadad60}: 'void java.lang.invoke.DirectMethodHandle$Holder.invokeInterface(java.lang.Object, java.lang.Object, java.lang.Object)'> (0x000000070fadad60) 
thrown [s\src\hotspot\share\interpreter\linkResolver.cpp, line 784]
Event: 1.803 Thread 0x0000022bdaaa2540 Implicit null exception at 0x0000022be7b2fc8e to 0x0000022be7b2fd44
Event: 1.803 Thread 0x0000022bdaaa2540 Implicit null exception at 0x0000022be7af6385 to 0x0000022be7af644c
Event: 1.813 Thread 0x0000022bdaaa2540 Exception <a 'java/lang/NoClassDefFoundError'{0x000000070fb3a4c0}: org/slf4j/impl/StaticMarkerBinder> (0x000000070fb3a4c0) 
thrown [s\src\hotspot\share\classfile\systemDictionary.cpp, line 301]
Event: 1.844 Thread 0x0000022bdaaa2540 Exception <a 'sun/nio/fs/WindowsException'{0x000000070fbf7f30}> (0x000000070fbf7f30) 
thrown [s\src\hotspot\share\prims\jni.cpp, line 537]

ZGC Phase Switch (0 events):
No events

VM Operations (12 events):
Event: 0.206 Executing non-safepoint VM operation: HandshakeAllThreads (Deoptimize)
Event: 0.206 Executing non-safepoint VM operation: HandshakeAllThreads (Deoptimize) done
Event: 0.792 Executing safepoint VM operation: G1CollectForAllocation (G1 Evacuation Pause)
Event: 0.797 Executing safepoint VM operation: G1CollectForAllocation (G1 Evacuation Pause) done
Event: 1.358 Executing non-safepoint VM operation: HandshakeAllThreads (Deoptimize)
Event: 1.358 Executing non-safepoint VM operation: HandshakeAllThreads (Deoptimize) done
Event: 1.476 Executing non-safepoint VM operation: HandshakeAllThreads (Deoptimize)
Event: 1.476 Executing non-safepoint VM operation: HandshakeAllThreads (Deoptimize) done
Event: 1.783 Executing non-safepoint VM operation: HandshakeAllThreads (Deoptimize)
Event: 1.783 Executing non-safepoint VM operation: HandshakeAllThreads (Deoptimize) done
Event: 1.790 Executing safepoint VM operation: ICBufferFull
Event: 1.790 Executing safepoint VM operation: ICBufferFull done

Memory protections (0 events):
No events

Nmethod flushes (0 events):
No events

Events (20 events):
Event: 0.086 Thread 0x0000022bdaaa2540 Thread added: 0x0000022bfb0740c0
Event: 0.093 Thread 0x0000022bdaaa2540 Thread added: 0x0000022bfb083550
Event: 0.094 Thread 0x0000022bdaaa2540 Thread added: 0x0000022bfb077b20
Event: 0.095 Thread 0x0000022bdaaa2540 Thread added: 0x0000022bfb0a6620
Event: 0.095 Thread 0x0000022bdaaa2540 Thread added: 0x0000022bfb0a7080
Event: 0.096 Thread 0x0000022bdaaa2540 Thread added: 0x0000022bfb0b0780
Event: 0.096 Thread 0x0000022bdaaa2540 Thread added: 0x0000022bfb09d2f0
Event: 0.096 Thread 0x0000022bdaaa2540 Thread added: 0x0000022bfb0b8110
Event: 0.096 Thread 0x0000022bdaaa2540 Thread added: 0x0000022bfb0ba290
Event: 0.165 Thread 0x0000022bdaaa2540 Thread added: 0x0000022bfb2619e0
Event: 0.182 Loaded shared library C:\Program Files\Android\Android Studio\jbr\bin\net.dll
Event: 0.187 Loaded shared library C:\Program Files\Android\Android Studio\jbr\bin\nio.dll
Event: 0.201 Loaded shared library C:\Program Files\Android\Android Studio\jbr\bin\zip.dll
Event: 0.312 Loaded shared library C:\Program Files\Android\Android Studio\jbr\bin\jimage.dll
Event: 0.514 Thread 0x0000022bfb0ba290 Thread added: 0x0000022bfb5a8a00
Event: 0.978 Thread 0x0000022bfb5a8a00 Thread added: 0x0000022bfb79da10
Event: 1.577 Thread 0x0000022bfb79da10 Thread exited: 0x0000022bfb79da10
Event: 1.738 Loaded shared library C:\Program Files\Android\Android Studio\jbr\bin\management.dll
Event: 1.751 Loaded shared library C:\Program Files\Android\Android Studio\jbr\bin\management_ext.dll
Event: 1.851 Loaded shared library C:\Users\DELL\.gradle\native\1def1411415f61bf3af743bc5b6707747c0891f09f0c88961ee8f79bc544acac\windows-amd64\native-platform.dll


Dynamic libraries:
0x00007ff7142a0000 - 0x00007ff7142aa000 	C:\Program Files\Android\Android Studio\jbr\bin\java.exe
0x00007ff9c3120000 - 0x00007ff9c3387000 	C:\WINDOWS\SYSTEM32\ntdll.dll
0x00007ff9c1d20000 - 0x00007ff9c1de9000 	C:\WINDOWS\System32\KERNEL32.DLL
0x00007ff9bfba0000 - 0x00007ff9bff94000 	C:\WINDOWS\System32\KERNELBASE.dll
0x00007ff9c0aa0000 - 0x00007ff9c0beb000 	C:\WINDOWS\System32\ucrtbase.dll
0x00007ff9a3fd0000 - 0x00007ff9a3feb000 	C:\Program Files\Android\Android Studio\jbr\bin\VCRUNTIME140.dll
0x00007ff9a3fb0000 - 0x00007ff9a3fc8000 	C:\Program Files\Android\Android Studio\jbr\bin\jli.dll
0x00007ff9c27a0000 - 0x00007ff9c2965000 	C:\WINDOWS\System32\USER32.dll
0x00007ff9bf9f0000 - 0x00007ff9bfa17000 	C:\WINDOWS\System32\win32u.dll
0x00007ff9c1a80000 - 0x00007ff9c1aab000 	C:\WINDOWS\System32\GDI32.dll
0x00007ff9adfb0000 - 0x00007ff9ae243000 	C:\WINDOWS\WinSxS\amd64_microsoft.windows.common-controls_6595b64144ccf1df_6.0.26100.8115_none_3e075c82e3354f9c\COMCTL32.dll
0x00007ff9c0970000 - 0x00007ff9c0a9b000 	C:\WINDOWS\System32\gdi32full.dll
0x00007ff9c2130000 - 0x00007ff9c21d9000 	C:\WINDOWS\System32\msvcrt.dll
0x00007ff9c08c0000 - 0x00007ff9c0963000 	C:\WINDOWS\System32\msvcp_win.dll
0x00007ff9c1b90000 - 0x00007ff9c1bc2000 	C:\WINDOWS\System32\IMM32.DLL
0x00007ff9a3fa0000 - 0x00007ff9a3fac000 	C:\Program Files\Android\Android Studio\jbr\bin\vcruntime140_1.dll
0x00007ff924dd0000 - 0x00007ff924e5d000 	C:\Program Files\Android\Android Studio\jbr\bin\msvcp140.dll
0x00007ff8e3ee0000 - 0x00007ff8e4b76000 	C:\Program Files\Android\Android Studio\jbr\bin\server\jvm.dll
0x00007ff9c1c60000 - 0x00007ff9c1d16000 	C:\WINDOWS\System32\ADVAPI32.dll
0x00007ff9c0eb0000 - 0x00007ff9c0f57000 	C:\WINDOWS\System32\sechost.dll
0x00007ff9c1580000 - 0x00007ff9c1698000 	C:\WINDOWS\System32\RPCRT4.dll
0x00007ff9c1bd0000 - 0x00007ff9c1c50000 	C:\WINDOWS\System32\WS2_32.dll
0x00007ff9bf850000 - 0x00007ff9bf8ae000 	C:\WINDOWS\SYSTEM32\POWRPROF.dll
0x00007ff9b24f0000 - 0x00007ff9b2526000 	C:\WINDOWS\SYSTEM32\WINMM.dll
0x00007ff9b5e10000 - 0x00007ff9b5e1b000 	C:\WINDOWS\SYSTEM32\VERSION.dll
0x00007ff9bf830000 - 0x00007ff9bf844000 	C:\WINDOWS\SYSTEM32\UMPDC.dll
0x00007ff9be780000 - 0x00007ff9be79b000 	C:\WINDOWS\SYSTEM32\kernel.appcore.dll
0x00007ff9a3f70000 - 0x00007ff9a3f7a000 	C:\Program Files\Android\Android Studio\jbr\bin\jimage.dll
0x00007ff9bd040000 - 0x00007ff9bd282000 	C:\WINDOWS\SYSTEM32\DBGHELP.DLL
0x00007ff9c11f0000 - 0x00007ff9c1572000 	C:\WINDOWS\System32\combase.dll
0x00007ff9c1ab0000 - 0x00007ff9c1b88000 	C:\WINDOWS\System32\OLEAUT32.dll
0x00007ff9b49e0000 - 0x00007ff9b4a1b000 	C:\WINDOWS\SYSTEM32\dbgcore.DLL
0x00007ff9bffa0000 - 0x00007ff9c0045000 	C:\WINDOWS\System32\bcryptPrimitives.dll
0x00007ff9889e0000 - 0x00007ff988a00000 	C:\Program Files\Android\Android Studio\jbr\bin\java.dll
0x00007ff9889c0000 - 0x00007ff9889d8000 	C:\Program Files\Android\Android Studio\jbr\bin\zip.dll
0x00007ff9c2970000 - 0x00007ff9c30d7000 	C:\WINDOWS\System32\SHELL32.dll
0x00007ff9c0d40000 - 0x00007ff9c0eaa000 	C:\WINDOWS\System32\wintypes.dll
0x00007ff9c0050000 - 0x00007ff9c08b8000 	C:\WINDOWS\System32\windows.storage.dll
0x00007ff9c1df0000 - 0x00007ff9c1ee8000 	C:\WINDOWS\System32\SHCORE.dll
0x00007ff9c16a0000 - 0x00007ff9c1706000 	C:\WINDOWS\System32\shlwapi.dll
0x00007ff9bf910000 - 0x00007ff9bf939000 	C:\WINDOWS\SYSTEM32\profapi.dll
0x00007ff9889b0000 - 0x00007ff9889c0000 	C:\Program Files\Android\Android Studio\jbr\bin\net.dll
0x00007ff9b5070000 - 0x00007ff9b519d000 	C:\WINDOWS\SYSTEM32\WINHTTP.dll
0x00007ff9becf0000 - 0x00007ff9bed5c000 	C:\WINDOWS\system32\mswsock.dll
0x00007ff985da0000 - 0x00007ff985db6000 	C:\Program Files\Android\Android Studio\jbr\bin\nio.dll
0x00007ff9858d0000 - 0x00007ff9858e0000 	C:\Program Files\Android\Android Studio\jbr\bin\verify.dll
0x00007ff9a4090000 - 0x00007ff9a4099000 	C:\Program Files\Android\Android Studio\jbr\bin\management.dll
0x00007ff9a4080000 - 0x00007ff9a408b000 	C:\Program Files\Android\Android Studio\jbr\bin\management_ext.dll
0x00007ff9c1a70000 - 0x00007ff9c1a78000 	C:\WINDOWS\System32\PSAPI.DLL
0x00007ff931180000 - 0x00007ff9311a7000 	C:\Users\DELL\.gradle\native\1def1411415f61bf3af743bc5b6707747c0891f09f0c88961ee8f79bc544acac\windows-amd64\native-platform.dll

JVMTI agents: none

dbghelp: loaded successfully - version: 4.0.5 - missing functions: none
symbol engine: initialized successfully - sym options: 0x614 - pdb path: .;C:\Program Files\Android\Android Studio\jbr\bin;C:\WINDOWS\SYSTEM32;C:\WINDOWS\WinSxS\amd64_microsoft.windows.common-controls_6595b64144ccf1df_6.0.26100.8115_none_3e075c82e3354f9c;C:\Program Files\Android\Android Studio\jbr\bin\server;C:\Users\DELL\.gradle\native\1def1411415f61bf3af743bc5b6707747c0891f09f0c88961ee8f79bc544acac\windows-amd64

VM Arguments:
jvm_args: -Dorg.gradle.appname=gradlew 
java_command: org.gradle.wrapper.GradleWrapperMain -q -Ptarget-platform=android-arm64 -Ptarget=F:\Project\flutter_application_1\lib\main.dart -Pbase-application-name=android.app.Application -Pdart-defines=RkxVVFRFUl9WRVJTSU9OPTMuMzguNw==,RkxVVFRFUl9DSEFOTkVMPXN0YWJsZQ==,RkxVVFRFUl9HSVRfVVJMPWh0dHBzOi8vZ2l0aHViLmNvbS9mbHV0dGVyL2ZsdXR0ZXIuZ2l0,RkxVVFRFUl9GUkFNRVdPUktfUkVWSVNJT049M2I2MmVmYzJhMw==,RkxVVFRFUl9FTkdJTkVfUkVWSVNJT049NzhmYzMwMTJlNA==,RkxVVFRFUl9EQVJUX1ZFUlNJT049My4xMC43 -Pdart-obfuscation=false -Ptrack-widget-creation=true -Ptree-shake-icons=false -Pfilesystem-scheme=org-dartlang-root assembleDebug
java_class_path (initial): F:\Project\flutter_application_1\android\\gradle\wrapper\gradle-wrapper.jar
Launcher Type: SUN_STANDARD

[Global flags]
     intx CICompilerCount                          = 4                                         {product} {ergonomic}
     uint ConcGCThreads                            = 2                                         {product} {ergonomic}
     uint G1ConcRefinementThreads                  = 8                                         {product} {ergonomic}
   size_t G1HeapRegionSize                         = 2097152                                   {product} {ergonomic}
    uintx GCDrainStackTargetSize                   = 64                                        {product} {ergonomic}
   size_t InitialHeapSize                          = 268435456                                 {product} {ergonomic}
   size_t MarkStackSize                            = 4194304                                   {product} {ergonomic}
   size_t MaxHeapSize                              = 4263510016                                {product} {ergonomic}
   size_t MaxNewSize                               = 2556428288                                {product} {ergonomic}
   size_t MinHeapDeltaBytes                        = 2097152                                   {product} {ergonomic}
   size_t MinHeapSize                              = 8388608                                   {product} {ergonomic}
    uintx NonNMethodCodeHeapSize                   = 5839372                                {pd product} {ergonomic}
    uintx NonProfiledCodeHeapSize                  = 122909434                              {pd product} {ergonomic}
    uintx ProfiledCodeHeapSize                     = 122909434                              {pd product} {ergonomic}
    uintx ReservedCodeCacheSize                    = 251658240                              {pd product} {ergonomic}
     bool SegmentedCodeCache                       = true                                      {product} {ergonomic}
   size_t SoftMaxHeapSize                          = 4263510016                             {manageable} {ergonomic}
     bool UseCompressedOops                        = true                           {product lp64_product} {ergonomic}
     bool UseG1GC                                  = true                                      {product} {ergonomic}
     bool UseLargePagesIndividualAllocation        = false                                  {pd product} {ergonomic}

Logging:
Log output configuration:
 #0: stdout all=warning uptime,level,tags foldmultilines=false
 #1: stderr all=off uptime,level,tags foldmultilines=false

Release file:
JAVA_VERSION="21.0.10" 
MODULES="java.base java.compiler java.datatransfer java.xml java.prefs java.desktop java.instrument java.logging java.management java.security.sasl java.naming java.rmi java.management.rmi java.net.http java.scripting java.security.jgss java.transaction.xa java.sql java.sql.rowset java.xml.crypto java.se java.smartcardio jdk.accessibility jdk.internal.jvmstat jdk.attach jdk.charsets jdk.internal.opt jdk.zipfs jdk.compiler jdk.crypto.ec jdk.crypto.cryptoki jdk.dynalink jdk.hotspot.agent jdk.httpserver jdk.internal.ed jdk.internal.le jdk.internal.vm.ci jdk.jartool jdk.javadoc jdk.jcmd jdk.jdeps jdk.jdwp.agent jdk.jdi jdk.jfr jdk.jlink jdk.jsobject jdk.localedata jdk.management jdk.management.agent jdk.management.jfr jdk.naming.dns jdk.naming.rmi jdk.net jdk.sctp jdk.security.auth jdk.security.jgss jdk.unsupported jdk.unsupported.desktop jdk.xml.dom" 
IMPLEMENTOR="JetBrains s.r.o." 
JAVA_RUNTIME_VERSION="21.0.10+-14961533-b1163.108" 
LIBC="default" 
OS_ARCH="x86_64" 
OS_NAME="Windows" 
SOURCE=".:git:1351622c2ff2" 

Environment Variables:
JAVA_HOME=C:\Program Files\Android\Android Studio\jbr
CLASSPATH=F:\Project\flutter_application_1\android\\gradle\wrapper\gradle-wrapper.jar
PATH=C:\Program Files\Android\Android Studio\jbr\bin;C:\Users\DELL\AppData\Local\Programs\Microsoft VS Code;C:\Program Files\Common Files\Oracle\Java\javapath;C:\WINDOWS\system32;C:\WINDOWS;C:\WINDOWS\System32\Wbem;C:\WINDOWS\System32\WindowsPowerShell\v1.0\;C:\WINDOWS\System32\OpenSSH\;C:\Program Files\Microsoft SQL Server\Client SDK\ODBC\110\Tools\Binn\;C:\Program Files (x86)\Microsoft SQL Server\120\Tools\Binn\;C:\Program Files\Microsoft SQL Server\120\Tools\Binn\;C:\Program Files\Microsoft SQL Server\120\DTS\Binn\;C:\Program Files (x86)\Microsoft SQL Server\120\Tools\Binn\ManagementStudio\;C:\Program Files (x86)\Microsoft SQL Server\120\DTS\Binn\;C:\Program Files\Microsoft SQL Server\150\Tools\Binn\;C:\Program Files\Microsoft SQL Server\Client SDK\ODBC\170\Tools\Binn\;C:\Program Files\Microsoft SQL Server\170\Tools\Binn\;F:\Program Files\nodejs\;C:\Program Files\dotnet\;C:\Users\DELL\AppData\Local\Microsoft\WindowsApps;C:\Users\DELL\AppData\Local\Programs\Microsoft VS Code\bin;C:\FYP\flutter\bin;C:\Users\DELL\AppData\Roaming\npm;C:\Users\DELL\.dotnet\tools;C:\FYP\flutter\bin\mingit\cmd;C:\FYP\flutter\bin\mingit\cmd
USERNAME=DELL
OS=Windows_NT
PROCESSOR_IDENTIFIER=Intel64 Family 6 Model 142 Stepping 10, GenuineIntel
TMP=C:\Users\DELL\AppData\Local\Temp
TEMP=C:\Users\DELL\AppData\Local\Temp




Periodic native trim disabled

JNI global refs:
JNI global refs: 8, weak refs: 0

JNI global refs memory usage: 835, weak refs: 833

Process memory usage:
Resident Set Size: 107420K (0% of 16652644K total physical memory with 2084148K free physical memory)

OOME stack traces (most recent first):
Classloader memory used:
