#
# There is insufficient memory for the Java Runtime Environment to continue.
# Native memory allocation (mmap) failed to map 65536 bytes. Error detail: Failed to commit metaspace.
# Possible reasons:
#   The system is out of physical RAM or swap space
#   This process is running with CompressedOops enabled, and the Java Heap may be blocking the growth of the native heap
# Possible solutions:
#   Reduce memory load on the system
#   Increase physical memory or swap space
#   Check if swap backing store is full
#   Decrease Java heap size (-Xmx/-Xms)
#   Decrease number of Java threads
#   Decrease Java thread stack sizes (-Xss)
#   Set larger code cache with -XX:ReservedCodeCacheSize=
#   JVM is running with Zero Based Compressed Oops mode in which the Java heap is
#     placed in the first 32GB address space. The Java Heap base address is the
#     maximum limit for the native heap growth. Please use -XX:HeapBaseMinAddress
#     to set the Java Heap base and to place the Java Heap above 32GB virtual address.
# This output file may be truncated or incomplete.
#
#  Out of Memory Error (virtualSpaceNode.cpp:113), pid=7436, tid=13596
#
# JRE version: OpenJDK Runtime Environment (21.0.10) (build 21.0.10+-14961533-b1163.108)
# Java VM: OpenJDK 64-Bit Server VM (21.0.10+-14961533-b1163.108, mixed mode, tiered, compressed oops, compressed class ptrs, g1 gc, windows-amd64)
# No core dump will be written. Minidumps are not enabled by default on client versions of Windows
#

---------------  S U M M A R Y ------------

Command Line: -Dorg.gradle.appname=gradlew org.gradle.wrapper.GradleWrapperMain -q -Ptarget-platform=android-arm64 -Ptarget=F:\Project\flutter_application_1\lib\main.dart -Pbase-application-name=android.app.Application -Pdart-defines=RkxVVFRFUl9WRVJTSU9OPTMuMzguNw==,RkxVVFRFUl9DSEFOTkVMPXN0YWJsZQ==,RkxVVFRFUl9HSVRfVVJMPWh0dHBzOi8vZ2l0aHViLmNvbS9mbHV0dGVyL2ZsdXR0ZXIuZ2l0,RkxVVFRFUl9GUkFNRVdPUktfUkVWSVNJT049M2I2MmVmYzJhMw==,RkxVVFRFUl9FTkdJTkVfUkVWSVNJT049NzhmYzMwMTJlNA==,RkxVVFRFUl9EQVJUX1ZFUlNJT049My4xMC43 -Pdart-obfuscation=false -Ptrack-widget-creation=true -Ptree-shake-icons=false -Pfilesystem-scheme=org-dartlang-root assembleDebug

Host: Intel(R) Core(TM) i7-8650U CPU @ 1.90GHz, 8 cores, 15G,  Windows 11 , 64 bit Build 26100 (10.0.26100.8246)
Time: Fri May  1 15:47:16 2026 Pakistan Standard Time elapsed time: 0.367024 seconds (0d 0h 0m 0s)

---------------  T H R E A D  ---------------

Current thread (0x000001ec44674190):  JavaThread "C1 CompilerThread0" daemon [_thread_in_vm, id=13596, stack(0x000000d283c00000,0x000000d283d00000) (1024K)]


Current CompileTask:
C1:367  405       3       java.io.IoOverNioFileSystem::acquireNioFs (53 bytes)

Stack: [0x000000d283c00000,0x000000d283d00000]
Native frames: (J=compiled Java code, j=interpreted, Vv=VM code, C=native code)
V  [jvm.dll+0x6d78a9]
V  [jvm.dll+0x8665b3]
V  [jvm.dll+0x868bde]
V  [jvm.dll+0x8692c3]
V  [jvm.dll+0x280ee6]
V  [jvm.dll+0x86146e]
V  [jvm.dll+0x67add5]
V  [jvm.dll+0x67ae3a]
V  [jvm.dll+0x67d696]
V  [jvm.dll+0x67d562]
V  [jvm.dll+0x67b7ce]
V  [jvm.dll+0x68cc3a]
V  [jvm.dll+0x685b92]
V  [jvm.dll+0x1f2880]
V  [jvm.dll+0x1f2a68]
V  [jvm.dll+0x151079]
V  [jvm.dll+0x151371]
V  [jvm.dll+0x1506ff]
V  [jvm.dll+0x1524c1]
V  [jvm.dll+0x25891e]
V  [jvm.dll+0x256e66]
V  [jvm.dll+0x3f513e]
V  [jvm.dll+0x80fd28]
V  [jvm.dll+0x6d60fd]
C  [ucrtbase.dll+0x37b0]
C  [KERNEL32.DLL+0x2e8d7]
C  [ntdll.dll+0x8c3fc]


---------------  P R O C E S S  ---------------

Threads class SMR info:
_java_thread_list=0x000001ec447f46f0, length=11, elements={
0x000001ec28308230, 0x000001ec4460ffb0, 0x000001ec44637a60, 0x000001ec4462bad0,
0x000001ec4462db10, 0x000001ec4465b030, 0x000001ec4465b6a0, 0x000001ec4465cc70,
0x000001ec44661090, 0x000001ec44674190, 0x000001ec44811ed0
}

Java Threads: ( => current thread )
  0x000001ec28308230 JavaThread "main"                              [_thread_in_vm, id=16368, stack(0x000000d282c00000,0x000000d282d00000) (1024K)]
  0x000001ec4460ffb0 JavaThread "Common-Cleaner"             daemon [_thread_blocked, id=27544, stack(0x000000d283400000,0x000000d283500000) (1024K)]
  0x000001ec44637a60 JavaThread "Reference Handler"          daemon [_thread_blocked, id=3896, stack(0x000000d283500000,0x000000d283600000) (1024K)]
  0x000001ec4462bad0 JavaThread "Finalizer"                  daemon [_thread_blocked, id=8156, stack(0x000000d283600000,0x000000d283700000) (1024K)]
  0x000001ec4462db10 JavaThread "Signal Dispatcher"          daemon [_thread_blocked, id=3048, stack(0x000000d283700000,0x000000d283800000) (1024K)]
  0x000001ec4465b030 JavaThread "Attach Listener"            daemon [_thread_blocked, id=12596, stack(0x000000d283800000,0x000000d283900000) (1024K)]
  0x000001ec4465b6a0 JavaThread "Service Thread"             daemon [_thread_blocked, id=28368, stack(0x000000d283900000,0x000000d283a00000) (1024K)]
  0x000001ec4465cc70 JavaThread "Monitor Deflation Thread"   daemon [_thread_blocked, id=8628, stack(0x000000d283a00000,0x000000d283b00000) (1024K)]
  0x000001ec44661090 JavaThread "C2 CompilerThread0"         daemon [_thread_blocked, id=20216, stack(0x000000d283b00000,0x000000d283c00000) (1024K)]
=>0x000001ec44674190 JavaThread "C1 CompilerThread0"         daemon [_thread_in_vm, id=13596, stack(0x000000d283c00000,0x000000d283d00000) (1024K)]
  0x000001ec44811ed0 JavaThread "Notification Thread"        daemon [_thread_blocked, id=9292, stack(0x000000d283d00000,0x000000d283e00000) (1024K)]
Total: 11

Other Threads:
  0x000001ec44599510 VMThread "VM Thread"                           [id=7368, stack(0x000000d283300000,0x000000d283400000) (1024K)]
  0x000001ec43dba8f0 WatcherThread "VM Periodic Task Thread"        [id=22112, stack(0x000000d283200000,0x000000d283300000) (1024K)]
  0x000001ec2a614240 WorkerThread "GC Thread#0"                     [id=4684, stack(0x000000d282d00000,0x000000d282e00000) (1024K)]
  0x000001ec2a625d90 ConcurrentGCThread "G1 Main Marker"            [id=18280, stack(0x000000d282e00000,0x000000d282f00000) (1024K)]
  0x000001ec2a626f50 WorkerThread "G1 Conc#0"                       [id=26900, stack(0x000000d282f00000,0x000000d283000000) (1024K)]
  0x000001ec43c7d040 ConcurrentGCThread "G1 Refine#0"               [id=5452, stack(0x000000d283000000,0x000000d283100000) (1024K)]
  0x000001ec43c7e980 ConcurrentGCThread "G1 Service"                [id=25972, stack(0x000000d283100000,0x000000d283200000) (1024K)]
Total: 7

Threads with active compile tasks:
C1 CompilerThread0  401  405       3       java.io.IoOverNioFileSystem::acquireNioFs (53 bytes)
Total: 1

VM state: not at safepoint (normal execution)

VM Mutex/Monitor currently owned by a thread:  ([mutex/lock_event])
[0x00007ff8e4a964d0] Metaspace_lock - owner thread: 0x000001ec44674190

Heap address: 0x0000000701e00000, size: 4066 MB, Compressed Oops mode: Zero based, Oop shift amount: 3

CDS archive(s) not mapped
Compressed class space mapped at: 0x0000000800000000-0x0000000840000000, reserved size: 1073741824
Narrow klass base: 0x0000000800000000, Narrow klass shift: 0, Narrow klass range: 0x40000000

GC Precious Log:
 CardTable entry size: 512
 Card Set container configuration: InlinePtr #cards 4 size 8 Array Of Cards #cards 16 size 48 Howl #buckets 8 coarsen threshold 3686 Howl Bitmap #cards 512 size 80 coarsen threshold 460 Card regions per heap region 1 cards per card region 4096
 CPUs: 8 total, 8 available
 Memory: 16262M
 Large Page Support: Disabled
 NUMA Support: Disabled
 Compressed Oops: Enabled (Zero based)
 Heap Region Size: 2M
 Heap Min Capacity: 8M
 Heap Initial Capacity: 256M
 Heap Max Capacity: 4066M
 Pre-touch: Disabled
 Parallel Workers: 8
 Concurrent Workers: 2
 Concurrent Refinement Workers: 8
 Periodic GC: Disabled

Heap:
 garbage-first heap   total 262144K, used 4096K [0x0000000701e00000, 0x0000000800000000)
  region size 2048K, 3 young (6144K), 0 survivors (0K)
 Metaspace       used 8381K, committed 8448K, reserved 1114112K
  class space    used 780K, committed 832K, reserved 1048576K

Heap Regions: E=young(eden), S=young(survivor), O=old, HS=humongous(starts), HC=humongous(continues), CS=collection set, F=free, TAMS=top-at-mark-start, PB=parsable bottom
|   0|0x0000000701e00000, 0x0000000701e00000, 0x0000000702000000|  0%| F|  |TAMS 0x0000000701e00000| PB 0x0000000701e00000| Untracked 
|   1|0x0000000702000000, 0x0000000702000000, 0x0000000702200000|  0%| F|  |TAMS 0x0000000702000000| PB 0x0000000702000000| Untracked 
|   2|0x0000000702200000, 0x0000000702200000, 0x0000000702400000|  0%| F|  |TAMS 0x0000000702200000| PB 0x0000000702200000| Untracked 
|   3|0x0000000702400000, 0x0000000702400000, 0x0000000702600000|  0%| F|  |TAMS 0x0000000702400000| PB 0x0000000702400000| Untracked 
|   4|0x0000000702600000, 0x0000000702600000, 0x0000000702800000|  0%| F|  |TAMS 0x0000000702600000| PB 0x0000000702600000| Untracked 
|   5|0x0000000702800000, 0x0000000702800000, 0x0000000702a00000|  0%| F|  |TAMS 0x0000000702800000| PB 0x0000000702800000| Untracked 
|   6|0x0000000702a00000, 0x0000000702a00000, 0x0000000702c00000|  0%| F|  |TAMS 0x0000000702a00000| PB 0x0000000702a00000| Untracked 
|   7|0x0000000702c00000, 0x0000000702c00000, 0x0000000702e00000|  0%| F|  |TAMS 0x0000000702c00000| PB 0x0000000702c00000| Untracked 
|   8|0x0000000702e00000, 0x0000000702e00000, 0x0000000703000000|  0%| F|  |TAMS 0x0000000702e00000| PB 0x0000000702e00000| Untracked 
|   9|0x0000000703000000, 0x0000000703000000, 0x0000000703200000|  0%| F|  |TAMS 0x0000000703000000| PB 0x0000000703000000| Untracked 
|  10|0x0000000703200000, 0x0000000703200000, 0x0000000703400000|  0%| F|  |TAMS 0x0000000703200000| PB 0x0000000703200000| Untracked 
|  11|0x0000000703400000, 0x0000000703400000, 0x0000000703600000|  0%| F|  |TAMS 0x0000000703400000| PB 0x0000000703400000| Untracked 
|  12|0x0000000703600000, 0x0000000703600000, 0x0000000703800000|  0%| F|  |TAMS 0x0000000703600000| PB 0x0000000703600000| Untracked 
|  13|0x0000000703800000, 0x0000000703800000, 0x0000000703a00000|  0%| F|  |TAMS 0x0000000703800000| PB 0x0000000703800000| Untracked 
|  14|0x0000000703a00000, 0x0000000703a00000, 0x0000000703c00000|  0%| F|  |TAMS 0x0000000703a00000| PB 0x0000000703a00000| Untracked 
|  15|0x0000000703c00000, 0x0000000703c00000, 0x0000000703e00000|  0%| F|  |TAMS 0x0000000703c00000| PB 0x0000000703c00000| Untracked 
|  16|0x0000000703e00000, 0x0000000703e00000, 0x0000000704000000|  0%| F|  |TAMS 0x0000000703e00000| PB 0x0000000703e00000| Untracked 
|  17|0x0000000704000000, 0x0000000704000000, 0x0000000704200000|  0%| F|  |TAMS 0x0000000704000000| PB 0x0000000704000000| Untracked 
|  18|0x0000000704200000, 0x0000000704200000, 0x0000000704400000|  0%| F|  |TAMS 0x0000000704200000| PB 0x0000000704200000| Untracked 
|  19|0x0000000704400000, 0x0000000704400000, 0x0000000704600000|  0%| F|  |TAMS 0x0000000704400000| PB 0x0000000704400000| Untracked 
|  20|0x0000000704600000, 0x0000000704600000, 0x0000000704800000|  0%| F|  |TAMS 0x0000000704600000| PB 0x0000000704600000| Untracked 
|  21|0x0000000704800000, 0x0000000704800000, 0x0000000704a00000|  0%| F|  |TAMS 0x0000000704800000| PB 0x0000000704800000| Untracked 
|  22|0x0000000704a00000, 0x0000000704a00000, 0x0000000704c00000|  0%| F|  |TAMS 0x0000000704a00000| PB 0x0000000704a00000| Untracked 
|  23|0x0000000704c00000, 0x0000000704c00000, 0x0000000704e00000|  0%| F|  |TAMS 0x0000000704c00000| PB 0x0000000704c00000| Untracked 
|  24|0x0000000704e00000, 0x0000000704e00000, 0x0000000705000000|  0%| F|  |TAMS 0x0000000704e00000| PB 0x0000000704e00000| Untracked 
|  25|0x0000000705000000, 0x0000000705000000, 0x0000000705200000|  0%| F|  |TAMS 0x0000000705000000| PB 0x0000000705000000| Untracked 
|  26|0x0000000705200000, 0x0000000705200000, 0x0000000705400000|  0%| F|  |TAMS 0x0000000705200000| PB 0x0000000705200000| Untracked 
|  27|0x0000000705400000, 0x0000000705400000, 0x0000000705600000|  0%| F|  |TAMS 0x0000000705400000| PB 0x0000000705400000| Untracked 
|  28|0x0000000705600000, 0x0000000705600000, 0x0000000705800000|  0%| F|  |TAMS 0x0000000705600000| PB 0x0000000705600000| Untracked 
|  29|0x0000000705800000, 0x0000000705800000, 0x0000000705a00000|  0%| F|  |TAMS 0x0000000705800000| PB 0x0000000705800000| Untracked 
|  30|0x0000000705a00000, 0x0000000705a00000, 0x0000000705c00000|  0%| F|  |TAMS 0x0000000705a00000| PB 0x0000000705a00000| Untracked 
|  31|0x0000000705c00000, 0x0000000705c00000, 0x0000000705e00000|  0%| F|  |TAMS 0x0000000705c00000| PB 0x0000000705c00000| Untracked 
|  32|0x0000000705e00000, 0x0000000705e00000, 0x0000000706000000|  0%| F|  |TAMS 0x0000000705e00000| PB 0x0000000705e00000| Untracked 
|  33|0x0000000706000000, 0x0000000706000000, 0x0000000706200000|  0%| F|  |TAMS 0x0000000706000000| PB 0x0000000706000000| Untracked 
|  34|0x0000000706200000, 0x0000000706200000, 0x0000000706400000|  0%| F|  |TAMS 0x0000000706200000| PB 0x0000000706200000| Untracked 
|  35|0x0000000706400000, 0x0000000706400000, 0x0000000706600000|  0%| F|  |TAMS 0x0000000706400000| PB 0x0000000706400000| Untracked 
|  36|0x0000000706600000, 0x0000000706600000, 0x0000000706800000|  0%| F|  |TAMS 0x0000000706600000| PB 0x0000000706600000| Untracked 
|  37|0x0000000706800000, 0x0000000706800000, 0x0000000706a00000|  0%| F|  |TAMS 0x0000000706800000| PB 0x0000000706800000| Untracked 
|  38|0x0000000706a00000, 0x0000000706a00000, 0x0000000706c00000|  0%| F|  |TAMS 0x0000000706a00000| PB 0x0000000706a00000| Untracked 
|  39|0x0000000706c00000, 0x0000000706c00000, 0x0000000706e00000|  0%| F|  |TAMS 0x0000000706c00000| PB 0x0000000706c00000| Untracked 
|  40|0x0000000706e00000, 0x0000000706e00000, 0x0000000707000000|  0%| F|  |TAMS 0x0000000706e00000| PB 0x0000000706e00000| Untracked 
|  41|0x0000000707000000, 0x0000000707000000, 0x0000000707200000|  0%| F|  |TAMS 0x0000000707000000| PB 0x0000000707000000| Untracked 
|  42|0x0000000707200000, 0x0000000707200000, 0x0000000707400000|  0%| F|  |TAMS 0x0000000707200000| PB 0x0000000707200000| Untracked 
|  43|0x0000000707400000, 0x0000000707400000, 0x0000000707600000|  0%| F|  |TAMS 0x0000000707400000| PB 0x0000000707400000| Untracked 
|  44|0x0000000707600000, 0x0000000707600000, 0x0000000707800000|  0%| F|  |TAMS 0x0000000707600000| PB 0x0000000707600000| Untracked 
|  45|0x0000000707800000, 0x0000000707800000, 0x0000000707a00000|  0%| F|  |TAMS 0x0000000707800000| PB 0x0000000707800000| Untracked 
|  46|0x0000000707a00000, 0x0000000707a00000, 0x0000000707c00000|  0%| F|  |TAMS 0x0000000707a00000| PB 0x0000000707a00000| Untracked 
|  47|0x0000000707c00000, 0x0000000707c00000, 0x0000000707e00000|  0%| F|  |TAMS 0x0000000707c00000| PB 0x0000000707c00000| Untracked 
|  48|0x0000000707e00000, 0x0000000707e00000, 0x0000000708000000|  0%| F|  |TAMS 0x0000000707e00000| PB 0x0000000707e00000| Untracked 
|  49|0x0000000708000000, 0x0000000708000000, 0x0000000708200000|  0%| F|  |TAMS 0x0000000708000000| PB 0x0000000708000000| Untracked 
|  50|0x0000000708200000, 0x0000000708200000, 0x0000000708400000|  0%| F|  |TAMS 0x0000000708200000| PB 0x0000000708200000| Untracked 
|  51|0x0000000708400000, 0x0000000708400000, 0x0000000708600000|  0%| F|  |TAMS 0x0000000708400000| PB 0x0000000708400000| Untracked 
|  52|0x0000000708600000, 0x0000000708600000, 0x0000000708800000|  0%| F|  |TAMS 0x0000000708600000| PB 0x0000000708600000| Untracked 
|  53|0x0000000708800000, 0x0000000708800000, 0x0000000708a00000|  0%| F|  |TAMS 0x0000000708800000| PB 0x0000000708800000| Untracked 
|  54|0x0000000708a00000, 0x0000000708a00000, 0x0000000708c00000|  0%| F|  |TAMS 0x0000000708a00000| PB 0x0000000708a00000| Untracked 
|  55|0x0000000708c00000, 0x0000000708c00000, 0x0000000708e00000|  0%| F|  |TAMS 0x0000000708c00000| PB 0x0000000708c00000| Untracked 
|  56|0x0000000708e00000, 0x0000000708e00000, 0x0000000709000000|  0%| F|  |TAMS 0x0000000708e00000| PB 0x0000000708e00000| Untracked 
|  57|0x0000000709000000, 0x0000000709000000, 0x0000000709200000|  0%| F|  |TAMS 0x0000000709000000| PB 0x0000000709000000| Untracked 
|  58|0x0000000709200000, 0x0000000709200000, 0x0000000709400000|  0%| F|  |TAMS 0x0000000709200000| PB 0x0000000709200000| Untracked 
|  59|0x0000000709400000, 0x0000000709400000, 0x0000000709600000|  0%| F|  |TAMS 0x0000000709400000| PB 0x0000000709400000| Untracked 
|  60|0x0000000709600000, 0x0000000709600000, 0x0000000709800000|  0%| F|  |TAMS 0x0000000709600000| PB 0x0000000709600000| Untracked 
|  61|0x0000000709800000, 0x0000000709800000, 0x0000000709a00000|  0%| F|  |TAMS 0x0000000709800000| PB 0x0000000709800000| Untracked 
|  62|0x0000000709a00000, 0x0000000709a00000, 0x0000000709c00000|  0%| F|  |TAMS 0x0000000709a00000| PB 0x0000000709a00000| Untracked 
|  63|0x0000000709c00000, 0x0000000709c00000, 0x0000000709e00000|  0%| F|  |TAMS 0x0000000709c00000| PB 0x0000000709c00000| Untracked 
|  64|0x0000000709e00000, 0x0000000709e00000, 0x000000070a000000|  0%| F|  |TAMS 0x0000000709e00000| PB 0x0000000709e00000| Untracked 
|  65|0x000000070a000000, 0x000000070a000000, 0x000000070a200000|  0%| F|  |TAMS 0x000000070a000000| PB 0x000000070a000000| Untracked 
|  66|0x000000070a200000, 0x000000070a200000, 0x000000070a400000|  0%| F|  |TAMS 0x000000070a200000| PB 0x000000070a200000| Untracked 
|  67|0x000000070a400000, 0x000000070a400000, 0x000000070a600000|  0%| F|  |TAMS 0x000000070a400000| PB 0x000000070a400000| Untracked 
|  68|0x000000070a600000, 0x000000070a600000, 0x000000070a800000|  0%| F|  |TAMS 0x000000070a600000| PB 0x000000070a600000| Untracked 
|  69|0x000000070a800000, 0x000000070a800000, 0x000000070aa00000|  0%| F|  |TAMS 0x000000070a800000| PB 0x000000070a800000| Untracked 
|  70|0x000000070aa00000, 0x000000070aa00000, 0x000000070ac00000|  0%| F|  |TAMS 0x000000070aa00000| PB 0x000000070aa00000| Untracked 
|  71|0x000000070ac00000, 0x000000070ac00000, 0x000000070ae00000|  0%| F|  |TAMS 0x000000070ac00000| PB 0x000000070ac00000| Untracked 
|  72|0x000000070ae00000, 0x000000070ae00000, 0x000000070b000000|  0%| F|  |TAMS 0x000000070ae00000| PB 0x000000070ae00000| Untracked 
|  73|0x000000070b000000, 0x000000070b000000, 0x000000070b200000|  0%| F|  |TAMS 0x000000070b000000| PB 0x000000070b000000| Untracked 
|  74|0x000000070b200000, 0x000000070b200000, 0x000000070b400000|  0%| F|  |TAMS 0x000000070b200000| PB 0x000000070b200000| Untracked 
|  75|0x000000070b400000, 0x000000070b400000, 0x000000070b600000|  0%| F|  |TAMS 0x000000070b400000| PB 0x000000070b400000| Untracked 
|  76|0x000000070b600000, 0x000000070b600000, 0x000000070b800000|  0%| F|  |TAMS 0x000000070b600000| PB 0x000000070b600000| Untracked 
|  77|0x000000070b800000, 0x000000070b800000, 0x000000070ba00000|  0%| F|  |TAMS 0x000000070b800000| PB 0x000000070b800000| Untracked 
|  78|0x000000070ba00000, 0x000000070ba00000, 0x000000070bc00000|  0%| F|  |TAMS 0x000000070ba00000| PB 0x000000070ba00000| Untracked 
|  79|0x000000070bc00000, 0x000000070bc00000, 0x000000070be00000|  0%| F|  |TAMS 0x000000070bc00000| PB 0x000000070bc00000| Untracked 
|  80|0x000000070be00000, 0x000000070be00000, 0x000000070c000000|  0%| F|  |TAMS 0x000000070be00000| PB 0x000000070be00000| Untracked 
|  81|0x000000070c000000, 0x000000070c000000, 0x000000070c200000|  0%| F|  |TAMS 0x000000070c000000| PB 0x000000070c000000| Untracked 
|  82|0x000000070c200000, 0x000000070c200000, 0x000000070c400000|  0%| F|  |TAMS 0x000000070c200000| PB 0x000000070c200000| Untracked 
|  83|0x000000070c400000, 0x000000070c400000, 0x000000070c600000|  0%| F|  |TAMS 0x000000070c400000| PB 0x000000070c400000| Untracked 
|  84|0x000000070c600000, 0x000000070c600000, 0x000000070c800000|  0%| F|  |TAMS 0x000000070c600000| PB 0x000000070c600000| Untracked 
|  85|0x000000070c800000, 0x000000070c800000, 0x000000070ca00000|  0%| F|  |TAMS 0x000000070c800000| PB 0x000000070c800000| Untracked 
|  86|0x000000070ca00000, 0x000000070ca00000, 0x000000070cc00000|  0%| F|  |TAMS 0x000000070ca00000| PB 0x000000070ca00000| Untracked 
|  87|0x000000070cc00000, 0x000000070cc00000, 0x000000070ce00000|  0%| F|  |TAMS 0x000000070cc00000| PB 0x000000070cc00000| Untracked 
|  88|0x000000070ce00000, 0x000000070ce00000, 0x000000070d000000|  0%| F|  |TAMS 0x000000070ce00000| PB 0x000000070ce00000| Untracked 
|  89|0x000000070d000000, 0x000000070d000000, 0x000000070d200000|  0%| F|  |TAMS 0x000000070d000000| PB 0x000000070d000000| Untracked 
|  90|0x000000070d200000, 0x000000070d200000, 0x000000070d400000|  0%| F|  |TAMS 0x000000070d200000| PB 0x000000070d200000| Untracked 
|  91|0x000000070d400000, 0x000000070d400000, 0x000000070d600000|  0%| F|  |TAMS 0x000000070d400000| PB 0x000000070d400000| Untracked 
|  92|0x000000070d600000, 0x000000070d600000, 0x000000070d800000|  0%| F|  |TAMS 0x000000070d600000| PB 0x000000070d600000| Untracked 
|  93|0x000000070d800000, 0x000000070d800000, 0x000000070da00000|  0%| F|  |TAMS 0x000000070d800000| PB 0x000000070d800000| Untracked 
|  94|0x000000070da00000, 0x000000070da00000, 0x000000070dc00000|  0%| F|  |TAMS 0x000000070da00000| PB 0x000000070da00000| Untracked 
|  95|0x000000070dc00000, 0x000000070dc00000, 0x000000070de00000|  0%| F|  |TAMS 0x000000070dc00000| PB 0x000000070dc00000| Untracked 
|  96|0x000000070de00000, 0x000000070de00000, 0x000000070e000000|  0%| F|  |TAMS 0x000000070de00000| PB 0x000000070de00000| Untracked 
|  97|0x000000070e000000, 0x000000070e000000, 0x000000070e200000|  0%| F|  |TAMS 0x000000070e000000| PB 0x000000070e000000| Untracked 
|  98|0x000000070e200000, 0x000000070e200000, 0x000000070e400000|  0%| F|  |TAMS 0x000000070e200000| PB 0x000000070e200000| Untracked 
|  99|0x000000070e400000, 0x000000070e400000, 0x000000070e600000|  0%| F|  |TAMS 0x000000070e400000| PB 0x000000070e400000| Untracked 
| 100|0x000000070e600000, 0x000000070e600000, 0x000000070e800000|  0%| F|  |TAMS 0x000000070e600000| PB 0x000000070e600000| Untracked 
| 101|0x000000070e800000, 0x000000070e800000, 0x000000070ea00000|  0%| F|  |TAMS 0x000000070e800000| PB 0x000000070e800000| Untracked 
| 102|0x000000070ea00000, 0x000000070ea00000, 0x000000070ec00000|  0%| F|  |TAMS 0x000000070ea00000| PB 0x000000070ea00000| Untracked 
| 103|0x000000070ec00000, 0x000000070ec00000, 0x000000070ee00000|  0%| F|  |TAMS 0x000000070ec00000| PB 0x000000070ec00000| Untracked 
| 104|0x000000070ee00000, 0x000000070ee00000, 0x000000070f000000|  0%| F|  |TAMS 0x000000070ee00000| PB 0x000000070ee00000| Untracked 
| 105|0x000000070f000000, 0x000000070f000000, 0x000000070f200000|  0%| F|  |TAMS 0x000000070f000000| PB 0x000000070f000000| Untracked 
| 106|0x000000070f200000, 0x000000070f200000, 0x000000070f400000|  0%| F|  |TAMS 0x000000070f200000| PB 0x000000070f200000| Untracked 
| 107|0x000000070f400000, 0x000000070f400000, 0x000000070f600000|  0%| F|  |TAMS 0x000000070f400000| PB 0x000000070f400000| Untracked 
| 108|0x000000070f600000, 0x000000070f600000, 0x000000070f800000|  0%| F|  |TAMS 0x000000070f600000| PB 0x000000070f600000| Untracked 
| 109|0x000000070f800000, 0x000000070f800000, 0x000000070fa00000|  0%| F|  |TAMS 0x000000070f800000| PB 0x000000070f800000| Untracked 
| 110|0x000000070fa00000, 0x000000070fa00000, 0x000000070fc00000|  0%| F|  |TAMS 0x000000070fa00000| PB 0x000000070fa00000| Untracked 
| 111|0x000000070fc00000, 0x000000070fc00000, 0x000000070fe00000|  0%| F|  |TAMS 0x000000070fc00000| PB 0x000000070fc00000| Untracked 
| 112|0x000000070fe00000, 0x000000070fe00000, 0x0000000710000000|  0%| F|  |TAMS 0x000000070fe00000| PB 0x000000070fe00000| Untracked 
| 113|0x0000000710000000, 0x0000000710000000, 0x0000000710200000|  0%| F|  |TAMS 0x0000000710000000| PB 0x0000000710000000| Untracked 
| 114|0x0000000710200000, 0x0000000710200000, 0x0000000710400000|  0%| F|  |TAMS 0x0000000710200000| PB 0x0000000710200000| Untracked 
| 115|0x0000000710400000, 0x0000000710400000, 0x0000000710600000|  0%| F|  |TAMS 0x0000000710400000| PB 0x0000000710400000| Untracked 
| 116|0x0000000710600000, 0x0000000710600000, 0x0000000710800000|  0%| F|  |TAMS 0x0000000710600000| PB 0x0000000710600000| Untracked 
| 117|0x0000000710800000, 0x0000000710800000, 0x0000000710a00000|  0%| F|  |TAMS 0x0000000710800000| PB 0x0000000710800000| Untracked 
| 118|0x0000000710a00000, 0x0000000710a00000, 0x0000000710c00000|  0%| F|  |TAMS 0x0000000710a00000| PB 0x0000000710a00000| Untracked 
| 119|0x0000000710c00000, 0x0000000710c00000, 0x0000000710e00000|  0%| F|  |TAMS 0x0000000710c00000| PB 0x0000000710c00000| Untracked 
| 120|0x0000000710e00000, 0x0000000710e00000, 0x0000000711000000|  0%| F|  |TAMS 0x0000000710e00000| PB 0x0000000710e00000| Untracked 
| 121|0x0000000711000000, 0x0000000711000000, 0x0000000711200000|  0%| F|  |TAMS 0x0000000711000000| PB 0x0000000711000000| Untracked 
| 122|0x0000000711200000, 0x0000000711200000, 0x0000000711400000|  0%| F|  |TAMS 0x0000000711200000| PB 0x0000000711200000| Untracked 
| 123|0x0000000711400000, 0x0000000711400000, 0x0000000711600000|  0%| F|  |TAMS 0x0000000711400000| PB 0x0000000711400000| Untracked 
| 124|0x0000000711600000, 0x0000000711600000, 0x0000000711800000|  0%| F|  |TAMS 0x0000000711600000| PB 0x0000000711600000| Untracked 
| 125|0x0000000711800000, 0x00000007118e9980, 0x0000000711a00000| 45%| E|  |TAMS 0x0000000711800000| PB 0x0000000711800000| Complete 
| 126|0x0000000711a00000, 0x0000000711c00000, 0x0000000711c00000|100%| E|CS|TAMS 0x0000000711a00000| PB 0x0000000711a00000| Complete 
| 127|0x0000000711c00000, 0x0000000711e00000, 0x0000000711e00000|100%| E|CS|TAMS 0x0000000711c00000| PB 0x0000000711c00000| Complete 

Card table byte_map: [0x000001ec3d250000,0x000001ec3da50000] _byte_map_base: 0x000001ec39a41000

Marking Bits: (CMBitMap*) 0x000001ec2a614860
 Bits: [0x000001ec3da50000, 0x000001ec419d8000)

Polling page: 0x000001ec28810000

Metaspace:

Usage:
  Non-class:      7.42 MB used.
      Class:    780.97 KB used.
       Both:      8.19 MB used.

Virtual space:
  Non-class space:       64.00 MB reserved,       7.44 MB ( 12%) committed,  1 nodes.
      Class space:        1.00 GB reserved,     832.00 KB ( <1%) committed,  1 nodes.
             Both:        1.06 GB reserved,       8.25 MB ( <1%) committed. 

Chunk freelists:
   Non-Class:  8.38 MB
       Class:  15.21 MB
        Both:  23.58 MB

MaxMetaspaceSize: unlimited
CompressedClassSpaceSize: 1.00 GB
Initial GC threshold: 21.00 MB
Current GC threshold: 21.00 MB
CDS: off
 - commit_granule_bytes: 65536.
 - commit_granule_words: 8192.
 - virtual_space_node_default_size: 8388608.
 - enlarge_chunks_in_place: 1.
 - use_allocation_guard: 0.


Internal statistics:

num_allocs_failed_limit: 0.
num_arena_births: 18.
num_arena_deaths: 0.
num_vsnodes_births: 2.
num_vsnodes_deaths: 0.
num_space_committed: 132.
num_space_uncommitted: 0.
num_chunks_returned_to_freelist: 0.
num_chunks_taken_from_freelist: 51.
num_chunk_merges: 0.
num_chunk_splits: 27.
num_chunks_enlarged: 19.
num_inconsistent_stats: 0.

CodeHeap 'non-profiled nmethods': size=120000Kb used=129Kb max_used=129Kb free=119871Kb
 bounds [0x000001ec351e0000, 0x000001ec35450000, 0x000001ec3c710000]
CodeHeap 'profiled nmethods': size=120000Kb used=548Kb max_used=548Kb free=119451Kb
 bounds [0x000001ec2d710000, 0x000001ec2d980000, 0x000001ec34c40000]
CodeHeap 'non-nmethods': size=5760Kb used=1246Kb max_used=1262Kb free=4514Kb
 bounds [0x000001ec34c40000, 0x000001ec34eb0000, 0x000001ec351e0000]
CodeCache: size=245760Kb, used=1923Kb, max_used=1939Kb, free=243836Kb
 total_blobs=837, nmethods=405, adapters=337, full_count=0
Compilation: enabled, stopped_count=0, restarted_count=0

Compilation events (20 events):
Event: 0.360 Thread 0x000001ec44674190  393       3       java.nio.file.FileSystems::getDefault (14 bytes)
Event: 0.360 Thread 0x000001ec44674190 nmethod 393 0x000001ec2d794990 code [0x000001ec2d794b60, 0x000001ec2d794e00]
Event: 0.361 Thread 0x000001ec44674190  394       3       java.io.File::<init> (78 bytes)
Event: 0.361 Thread 0x000001ec44674190 nmethod 394 0x000001ec2d794f10 code [0x000001ec2d7950e0, 0x000001ec2d795488]
Event: 0.361 Thread 0x000001ec44674190  395       3       sun.nio.fs.WindowsFileAttributes::isSymbolicLink (15 bytes)
Event: 0.361 Thread 0x000001ec44674190 nmethod 395 0x000001ec2d795610 code [0x000001ec2d7957a0, 0x000001ec2d795908]
Event: 0.361 Thread 0x000001ec44674190  396       1       sun.nio.fs.WindowsFileSystem::provider (5 bytes)
Event: 0.361 Thread 0x000001ec44674190 nmethod 396 0x000001ec351fe410 code [0x000001ec351fe5a0, 0x000001ec351fe670]
Event: 0.361 Thread 0x000001ec44674190  397       1       sun.nio.fs.NativeBuffer::owner (5 bytes)
Event: 0.361 Thread 0x000001ec44674190 nmethod 397 0x000001ec351fe710 code [0x000001ec351fe8a0, 0x000001ec351fe970]
Event: 0.362 Thread 0x000001ec44661090  398       4       java.lang.AbstractStringBuilder::append (77 bytes)
Event: 0.362 Thread 0x000001ec44674190  399       3       java.util.ImmutableCollections$SetN::contains (26 bytes)
Event: 0.362 Thread 0x000001ec44674190 nmethod 399 0x000001ec2d795990 code [0x000001ec2d795b60, 0x000001ec2d795e88]
Event: 0.362 Thread 0x000001ec44674190  400       3       sun.nio.fs.NativeBuffers::getNativeBufferFromCache (51 bytes)
Event: 0.362 Thread 0x000001ec44674190 nmethod 400 0x000001ec2d795f90 code [0x000001ec2d7961a0, 0x000001ec2d7968f8]
Event: 0.362 Thread 0x000001ec44674190  402       3       sun.nio.fs.NativeBuffers::releaseNativeBuffer (97 bytes)
Event: 0.363 Thread 0x000001ec44674190 nmethod 402 0x000001ec2d796b10 code [0x000001ec2d796e80, 0x000001ec2d798890]
Event: 0.363 Thread 0x000001ec44674190  401       3       sun.nio.fs.NativeBuffer::release (5 bytes)
Event: 0.363 Thread 0x000001ec44674190 nmethod 401 0x000001ec2d798f90 code [0x000001ec2d799140, 0x000001ec2d799278]
Event: 0.363 Thread 0x000001ec44674190  405       3       java.io.IoOverNioFileSystem::acquireNioFs (53 bytes)

GC Heap History (0 events):
No events

Dll operation events (3 events):
Event: 0.011 Loaded shared library C:\Program Files\Android\Android Studio\jbr\bin\java.dll
Event: 0.018 Loaded shared library C:\Program Files\Android\Android Studio\jbr\bin\zip.dll
Event: 0.159 Loaded shared library C:\Program Files\Android\Android Studio\jbr\bin\verify.dll

Deoptimization events (2 events):
Event: 0.315 Thread 0x000001ec28308230 DEOPT PACKING pc=0x000001ec2d72897c sp=0x000000d282cfea70
Event: 0.315 Thread 0x000001ec28308230 DEOPT UNPACKING pc=0x000001ec34c94bc2 sp=0x000000d282cfde90 mode 0

Classes loaded (20 events):
Event: 0.320 Loading class sun/security/util/FilePermCompat
Event: 0.320 Loading class sun/security/util/FilePermCompat done
Event: 0.320 Loading class sun/security/util/SecurityProperties
Event: 0.320 Loading class sun/security/util/SecurityProperties done
Event: 0.320 Loading class java/io/FilePermissionCollection
Event: 0.321 Loading class java/io/FilePermissionCollection done
Event: 0.321 Loading class java/util/Vector
Event: 0.321 Loading class java/util/Vector done
Event: 0.323 Loading class java/lang/NoSuchMethodError
Event: 0.323 Loading class java/lang/IncompatibleClassChangeError
Event: 0.323 Loading class java/lang/IncompatibleClassChangeError done
Event: 0.323 Loading class java/lang/NoSuchMethodError done
Event: 0.327 Loading class java/lang/invoke/BoundMethodHandle$Species_LL
Event: 0.327 Loading class java/lang/invoke/BoundMethodHandle$Species_LL done
Event: 0.331 Loading class jdk/internal/reflect/DirectMethodHandleAccessor
Event: 0.331 Loading class jdk/internal/reflect/DirectMethodHandleAccessor done
Event: 0.350 Loading class java/net/MalformedURLException
Event: 0.350 Loading class java/net/MalformedURLException done
Event: 0.352 Loading class java/io/FileFilter
Event: 0.352 Loading class java/io/FileFilter done

Classes unloaded (0 events):
No events

Classes redefined (0 events):
No events

Internal exceptions (2 events):
Event: 0.219 Thread 0x000001ec28308230 Exception <a 'sun/nio/fs/WindowsException'{0x0000000711aa0650}> (0x0000000711aa0650) 
thrown [s\src\hotspot\share\prims\jni.cpp, line 537]
Event: 0.323 Thread 0x000001ec28308230 Exception <a 'java/lang/NoSuchMethodError'{0x0000000711bbf588}: 'void java.lang.invoke.DirectMethodHandle$Holder.invokeSpecial(java.lang.Object, java.lang.Object, java.lang.Object)'> (0x0000000711bbf588) 
thrown [s\src\hotspot\share\interpreter\linkResolver.cpp, line 784]

ZGC Phase Switch (0 events):
No events

VM Operations (2 events):
Event: 0.153 Executing non-safepoint VM operation: HandshakeAllThreads (Deoptimize)
Event: 0.153 Executing non-safepoint VM operation: HandshakeAllThreads (Deoptimize) done

Memory protections (0 events):
No events

Nmethod flushes (0 events):
No events

Events (15 events):
Event: 0.017 Thread 0x000001ec28308230 Thread added: 0x000001ec28308230
Event: 0.070 Thread 0x000001ec28308230 Thread added: 0x000001ec4460ffb0
Event: 0.079 Thread 0x000001ec28308230 Thread added: 0x000001ec44637a60
Event: 0.079 Thread 0x000001ec28308230 Thread added: 0x000001ec4462bad0
Event: 0.080 Thread 0x000001ec28308230 Thread added: 0x000001ec4462db10
Event: 0.080 Thread 0x000001ec28308230 Thread added: 0x000001ec4465b030
Event: 0.080 Thread 0x000001ec28308230 Thread added: 0x000001ec4465b6a0
Event: 0.080 Thread 0x000001ec28308230 Thread added: 0x000001ec4465cc70
Event: 0.080 Thread 0x000001ec28308230 Thread added: 0x000001ec44661090
Event: 0.081 Thread 0x000001ec28308230 Thread added: 0x000001ec44674190
Event: 0.124 Thread 0x000001ec28308230 Thread added: 0x000001ec44811ed0
Event: 0.138 Loaded shared library C:\Program Files\Android\Android Studio\jbr\bin\net.dll
Event: 0.142 Loaded shared library C:\Program Files\Android\Android Studio\jbr\bin\nio.dll
Event: 0.150 Loaded shared library C:\Program Files\Android\Android Studio\jbr\bin\zip.dll
Event: 0.237 Loaded shared library C:\Program Files\Android\Android Studio\jbr\bin\jimage.dll


Dynamic libraries:
0x00007ff7142a0000 - 0x00007ff7142aa000 	C:\Program Files\Android\Android Studio\jbr\bin\java.exe
0x00007ff9c3120000 - 0x00007ff9c3387000 	C:\WINDOWS\SYSTEM32\ntdll.dll
0x00007ff9c1d20000 - 0x00007ff9c1de9000 	C:\WINDOWS\System32\KERNEL32.DLL
0x00007ff9bfba0000 - 0x00007ff9bff94000 	C:\WINDOWS\System32\KERNELBASE.dll
0x00007ff9c0aa0000 - 0x00007ff9c0beb000 	C:\WINDOWS\System32\ucrtbase.dll
0x00007ff9a3fb0000 - 0x00007ff9a3fc8000 	C:\Program Files\Android\Android Studio\jbr\bin\jli.dll
0x00007ff9c27a0000 - 0x00007ff9c2965000 	C:\WINDOWS\System32\USER32.dll
0x00007ff9a3fd0000 - 0x00007ff9a3feb000 	C:\Program Files\Android\Android Studio\jbr\bin\VCRUNTIME140.dll
0x00007ff9bf9f0000 - 0x00007ff9bfa17000 	C:\WINDOWS\System32\win32u.dll
0x00007ff9adfb0000 - 0x00007ff9ae243000 	C:\WINDOWS\WinSxS\amd64_microsoft.windows.common-controls_6595b64144ccf1df_6.0.26100.8115_none_3e075c82e3354f9c\COMCTL32.dll
0x00007ff9c1a80000 - 0x00007ff9c1aab000 	C:\WINDOWS\System32\GDI32.dll
0x00007ff9c2130000 - 0x00007ff9c21d9000 	C:\WINDOWS\System32\msvcrt.dll
0x00007ff9c0970000 - 0x00007ff9c0a9b000 	C:\WINDOWS\System32\gdi32full.dll
0x00007ff9c08c0000 - 0x00007ff9c0963000 	C:\WINDOWS\System32\msvcp_win.dll
0x00007ff9c1b90000 - 0x00007ff9c1bc2000 	C:\WINDOWS\System32\IMM32.DLL
0x00007ff9a3fa0000 - 0x00007ff9a3fac000 	C:\Program Files\Android\Android Studio\jbr\bin\vcruntime140_1.dll
0x00007ff924dd0000 - 0x00007ff924e5d000 	C:\Program Files\Android\Android Studio\jbr\bin\msvcp140.dll
0x00007ff8e3ee0000 - 0x00007ff8e4b76000 	C:\Program Files\Android\Android Studio\jbr\bin\server\jvm.dll
0x00007ff9c1c60000 - 0x00007ff9c1d16000 	C:\WINDOWS\System32\ADVAPI32.dll
0x00007ff9c0eb0000 - 0x00007ff9c0f57000 	C:\WINDOWS\System32\sechost.dll
0x00007ff9c1580000 - 0x00007ff9c1698000 	C:\WINDOWS\System32\RPCRT4.dll
0x00007ff9c1bd0000 - 0x00007ff9c1c50000 	C:\WINDOWS\System32\WS2_32.dll
0x00007ff9bf850000 - 0x00007ff9bf8ae000 	C:\WINDOWS\SYSTEM32\POWRPROF.dll
0x00007ff9b24f0000 - 0x00007ff9b2526000 	C:\WINDOWS\SYSTEM32\WINMM.dll
0x00007ff9b5e10000 - 0x00007ff9b5e1b000 	C:\WINDOWS\SYSTEM32\VERSION.dll
0x00007ff9bf830000 - 0x00007ff9bf844000 	C:\WINDOWS\SYSTEM32\UMPDC.dll
0x00007ff9be780000 - 0x00007ff9be79b000 	C:\WINDOWS\SYSTEM32\kernel.appcore.dll
0x00007ff9a3f70000 - 0x00007ff9a3f7a000 	C:\Program Files\Android\Android Studio\jbr\bin\jimage.dll
0x00007ff9bd040000 - 0x00007ff9bd282000 	C:\WINDOWS\SYSTEM32\DBGHELP.DLL
0x00007ff9c11f0000 - 0x00007ff9c1572000 	C:\WINDOWS\System32\combase.dll
0x00007ff9c1ab0000 - 0x00007ff9c1b88000 	C:\WINDOWS\System32\OLEAUT32.dll
0x00007ff9b49e0000 - 0x00007ff9b4a1b000 	C:\WINDOWS\SYSTEM32\dbgcore.DLL
0x00007ff9bffa0000 - 0x00007ff9c0045000 	C:\WINDOWS\System32\bcryptPrimitives.dll
0x00007ff9889e0000 - 0x00007ff988a00000 	C:\Program Files\Android\Android Studio\jbr\bin\java.dll
0x00007ff9889c0000 - 0x00007ff9889d8000 	C:\Program Files\Android\Android Studio\jbr\bin\zip.dll
0x00007ff9c2970000 - 0x00007ff9c30d7000 	C:\WINDOWS\System32\SHELL32.dll
0x00007ff9c0d40000 - 0x00007ff9c0eaa000 	C:\WINDOWS\System32\wintypes.dll
0x00007ff9c0050000 - 0x00007ff9c08b8000 	C:\WINDOWS\System32\windows.storage.dll
0x00007ff9c1df0000 - 0x00007ff9c1ee8000 	C:\WINDOWS\System32\SHCORE.dll
0x00007ff9c16a0000 - 0x00007ff9c1706000 	C:\WINDOWS\System32\shlwapi.dll
0x00007ff9bf910000 - 0x00007ff9bf939000 	C:\WINDOWS\SYSTEM32\profapi.dll
0x00007ff9889b0000 - 0x00007ff9889c0000 	C:\Program Files\Android\Android Studio\jbr\bin\net.dll
0x00007ff9b5070000 - 0x00007ff9b519d000 	C:\WINDOWS\SYSTEM32\WINHTTP.dll
0x00007ff9becf0000 - 0x00007ff9bed5c000 	C:\WINDOWS\system32\mswsock.dll
0x00007ff985da0000 - 0x00007ff985db6000 	C:\Program Files\Android\Android Studio\jbr\bin\nio.dll
0x00007ff9858d0000 - 0x00007ff9858e0000 	C:\Program Files\Android\Android Studio\jbr\bin\verify.dll

JVMTI agents: none

dbghelp: loaded successfully - version: 4.0.5 - missing functions: none
symbol engine: initialized successfully - sym options: 0x614 - pdb path: .;C:\Program Files\Android\Android Studio\jbr\bin;C:\WINDOWS\SYSTEM32;C:\WINDOWS\WinSxS\amd64_microsoft.windows.common-controls_6595b64144ccf1df_6.0.26100.8115_none_3e075c82e3354f9c;C:\Program Files\Android\Android Studio\jbr\bin\server

VM Arguments:
jvm_args: -Dorg.gradle.appname=gradlew 
java_command: org.gradle.wrapper.GradleWrapperMain -q -Ptarget-platform=android-arm64 -Ptarget=F:\Project\flutter_application_1\lib\main.dart -Pbase-application-name=android.app.Application -Pdart-defines=RkxVVFRFUl9WRVJTSU9OPTMuMzguNw==,RkxVVFRFUl9DSEFOTkVMPXN0YWJsZQ==,RkxVVFRFUl9HSVRfVVJMPWh0dHBzOi8vZ2l0aHViLmNvbS9mbHV0dGVyL2ZsdXR0ZXIuZ2l0,RkxVVFRFUl9GUkFNRVdPUktfUkVWSVNJT049M2I2MmVmYzJhMw==,RkxVVFRFUl9FTkdJTkVfUkVWSVNJT049NzhmYzMwMTJlNA==,RkxVVFRFUl9EQVJUX1ZFUlNJT049My4xMC43 -Pdart-obfuscation=false -Ptrack-widget-creation=true -Ptree-shake-icons=false -Pfilesystem-scheme=org-dartlang-root assembleDebug
java_class_path (initial): F:\Project\flutter_application_1\android\\gradle\wrapper\gradle-wrapper.jar
Launcher Type: SUN_STANDARD

[Global flags]
     intx CICompilerCount                          = 4                                         {product} {ergonomic}
     uint ConcGCThreads                            = 2                                         {product} {ergonomic}
     uint G1ConcRefinementThreads                  = 8                                         {product} {ergonomic}
   size_t G1HeapRegionSize                         = 2097152                                   {product} {ergonomic}
    uintx GCDrainStackTargetSize                   = 64                                        {product} {ergonomic}
   size_t InitialHeapSize                          = 268435456                                 {product} {ergonomic}
   size_t MarkStackSize                            = 4194304                                   {product} {ergonomic}
   size_t MaxHeapSize                              = 4263510016                                {product} {ergonomic}
   size_t MaxNewSize                               = 2556428288                                {product} {ergonomic}
   size_t MinHeapDeltaBytes                        = 2097152                                   {product} {ergonomic}
   size_t MinHeapSize                              = 8388608                                   {product} {ergonomic}
    uintx NonNMethodCodeHeapSize                   = 5839372                                {pd product} {ergonomic}
    uintx NonProfiledCodeHeapSize                  = 122909434                              {pd product} {ergonomic}
    uintx ProfiledCodeHeapSize                     = 122909434                              {pd product} {ergonomic}
    uintx ReservedCodeCacheSize                    = 251658240                              {pd product} {ergonomic}
     bool SegmentedCodeCache                       = true                                      {product} {ergonomic}
   size_t SoftMaxHeapSize                          = 4263510016                             {manageable} {ergonomic}
     bool UseCompressedOops                        = true                           {product lp64_product} {ergonomic}
     bool UseG1GC                                  = true                                      {product} {ergonomic}
     bool UseLargePagesIndividualAllocation        = false                                  {pd product} {ergonomic}

Logging:
Log output configuration:
 #0: stdout all=warning uptime,level,tags foldmultilines=false
 #1: stderr all=off uptime,level,tags foldmultilines=false

Release file:
JAVA_VERSION="21.0.10" 
MODULES="java.base java.compiler java.datatransfer java.xml java.prefs java.desktop java.instrument java.logging java.management java.security.sasl java.naming java.rmi java.management.rmi java.net.http java.scripting java.security.jgss java.transaction.xa java.sql java.sql.rowset java.xml.crypto java.se java.smartcardio jdk.accessibility jdk.internal.jvmstat jdk.attach jdk.charsets jdk.internal.opt jdk.zipfs jdk.compiler jdk.crypto.ec jdk.crypto.cryptoki jdk.dynalink jdk.hotspot.agent jdk.httpserver jdk.internal.ed jdk.internal.le jdk.internal.vm.ci jdk.jartool jdk.javadoc jdk.jcmd jdk.jdeps jdk.jdwp.agent jdk.jdi jdk.jfr jdk.jlink jdk.jsobject jdk.localedata jdk.management jdk.management.agent jdk.management.jfr jdk.naming.dns jdk.naming.rmi jdk.net jdk.sctp jdk.security.auth jdk.security.jgss jdk.unsupported jdk.unsupported.desktop jdk.xml.dom" 
IMPLEMENTOR="JetBrains s.r.o." 
JAVA_RUNTIME_VERSION="21.0.10+-14961533-b1163.108" 
LIBC="default" 
OS_ARCH="x86_64" 
OS_NAME="Windows" 
SOURCE=".:git:1351622c2ff2" 

Environment Variables:
JAVA_HOME=C:\Program Files\Android\Android Studio\jbr
CLASSPATH=F:\Project\flutter_application_1\android\\gradle\wrapper\gradle-wrapper.jar
PATH=C:\Program Files\Android\Android Studio\jbr\bin;C:\Users\DELL\AppData\Local\Programs\Microsoft VS Code;C:\Program Files\Common Files\Oracle\Java\javapath;C:\WINDOWS\system32;C:\WINDOWS;C:\WINDOWS\System32\Wbem;C:\WINDOWS\System32\WindowsPowerShell\v1.0\;C:\WINDOWS\System32\OpenSSH\;C:\Program Files\Microsoft SQL Server\Client SDK\ODBC\110\Tools\Binn\;C:\Program Files (x86)\Microsoft SQL Server\120\Tools\Binn\;C:\Program Files\Microsoft SQL Server\120\Tools\Binn\;C:\Program Files\Microsoft SQL Server\120\DTS\Binn\;C:\Program Files (x86)\Microsoft SQL Server\120\Tools\Binn\ManagementStudio\;C:\Program Files (x86)\Microsoft SQL Server\120\DTS\Binn\;C:\Program Files\Microsoft SQL Server\150\Tools\Binn\;C:\Program Files\Microsoft SQL Server\Client SDK\ODBC\170\Tools\Binn\;C:\Program Files\Microsoft SQL Server\170\Tools\Binn\;F:\Program Files\nodejs\;C:\Program Files\dotnet\;C:\Users\DELL\AppData\Local\Microsoft\WindowsApps;C:\Users\DELL\AppData\Local\Programs\Microsoft VS Code\bin;C:\FYP\flutter\bin;C:\Users\DELL\AppData\Roaming\npm;C:\Users\DELL\.dotnet\tools;C:\FYP\flutter\bin\mingit\cmd;C:\FYP\flutter\bin\mingit\cmd
USERNAME=DELL
OS=Windows_NT
PROCESSOR_IDENTIFIER=Intel64 Family 6 Model 142 Stepping 10, GenuineIntel
TMP=C:\Users\DELL\AppData\Local\Temp
TEMP=C:\Users\DELL\AppData\Local\Temp




Periodic native trim disabled

JNI global refs:
JNI global refs: 8, weak refs: 0

JNI global refs memory usage: 835, weak refs: 201

Process memory usage:
Resident Set Size: 47980K (0% of 16652644K total physical memory with 2148104K free physical memory)

OOME stack traces (most recent first):
Classloader memory used:
Loader bootstrap                                                                       : 8160K
Loader jdk.internal.loader.ClassLoaders$AppClassLoader                                 : 147K
Loader java.net.URLClassLoader                                                         : 75512B

---------------  S Y S T E M  ---------------

OS:
 Windows 11 , 64 bit Build 26100 (10.0.26100.8246)
OS uptime: 9 days 4:22 hours

CPU: total 8 (initial active 8) (4 cores per cpu, 2 threads per core) family 6 model 142 stepping 10 microcode 0xf0, cx8, cmov, fxsr, ht, mmx, 3dnowpref, sse, sse2, sse3, ssse3, sse4.1, sse4.2, popcnt, lzcnt, tsc, tscinvbit, avx, avx2, aes, erms, clmul, bmi1, bmi2, rtm, adx, fma, vzeroupper, clflush, clflushopt, rdtscp, f16c
Processor Information for the first 8 processors :
  Max Mhz: 2112, Current Mhz: 1910, Mhz Limit: 1900

Memory: 4k page, system-wide physical 16262M (2097M free)
TotalPageFile size 18252M (AvailPageFile size 3M)
current process WorkingSet (physical memory assigned to process): 46M, peak: 46M
current process commit charge ("private bytes"): 339M, peak: 341M

vm_info: OpenJDK 64-Bit Server VM (21.0.10+-14961533-b1163.108) for windows-amd64 JRE (21.0.10+-14961533-b1163.108), built on 2026-03-02T19:58:50Z by "builder" with MS VC++ 16.10 / 16.11 (VS2019)

END.
